-------------------------------------------------------------------------------
Test set: com.bangbang.controller.FileControllerTest
-------------------------------------------------------------------------------
Tests run: 1, Failures: 0, Errors: 1, Skipped: 0, Time elapsed: 0.756 s <<< FAILURE! - in com.bangbang.controller.FileControllerTest
whenUploadSuccess(com.bangbang.controller.FileControllerTest)  Time elapsed: 0.001 s  <<< ERROR!
java.lang.IllegalStateException: Failed to load ApplicationContext
Caused by: org.springframework.beans.factory.BeanCreationException: Error creating bean with name 'bookController': Injection of @org.apache.dubbo.config.annotation.Reference dependencies is failed; nested exception is org.apache.dubbo.rpc.RpcException: Fail to create remoting client for service(dubbo://127.0.0.1:12345/com.bangbang.service.BookService?application=springboot-dubbo-provider&codec=dubbo&default.lazy=false&default.sticky=false&dubbo=2.0.2&heartbeat=60000&interface=com.bangbang.service.BookService&lazy=false&methods=getBookInfo&pid=57704&qos.enable=false&register.ip=127.0.0.1&revision=1.0-SNAPSHOT&side=consumer&sticky=false&timestamp=1564475657041&version=1.0.0): client(url: dubbo://127.0.0.1:12345/com.bangbang.service.BookService?application=springboot-dubbo-provider&codec=dubbo&default.lazy=false&default.sticky=false&dubbo=2.0.2&heartbeat=60000&interface=com.bangbang.service.BookService&lazy=false&methods=getBookInfo&pid=57704&qos.enable=false&register.ip=127.0.0.1&revision=1.0-SNAPSHOT&side=consumer&sticky=false&timestamp=1564475657041&version=1.0.0) failed to connect to server /127.0.0.1:12345, error message is:Connection refused: /127.0.0.1:12345
Caused by: org.apache.dubbo.rpc.RpcException: Fail to create remoting client for service(dubbo://127.0.0.1:12345/com.bangbang.service.BookService?application=springboot-dubbo-provider&codec=dubbo&default.lazy=false&default.sticky=false&dubbo=2.0.2&heartbeat=60000&interface=com.bangbang.service.BookService&lazy=false&methods=getBookInfo&pid=57704&qos.enable=false&register.ip=127.0.0.1&revision=1.0-SNAPSHOT&side=consumer&sticky=false&timestamp=1564475657041&version=1.0.0): client(url: dubbo://127.0.0.1:12345/com.bangbang.service.BookService?application=springboot-dubbo-provider&codec=dubbo&default.lazy=false&default.sticky=false&dubbo=2.0.2&heartbeat=60000&interface=com.bangbang.service.BookService&lazy=false&methods=getBookInfo&pid=57704&qos.enable=false&register.ip=127.0.0.1&revision=1.0-SNAPSHOT&side=consumer&sticky=false&timestamp=1564475657041&version=1.0.0) failed to connect to server /127.0.0.1:12345, error message is:Connection refused: /127.0.0.1:12345
Caused by: org.apache.dubbo.remoting.RemotingException: client(url: dubbo://127.0.0.1:12345/com.bangbang.service.BookService?application=springboot-dubbo-provider&codec=dubbo&default.lazy=false&default.sticky=false&dubbo=2.0.2&heartbeat=60000&interface=com.bangbang.service.BookService&lazy=false&methods=getBookInfo&pid=57704&qos.enable=false&register.ip=127.0.0.1&revision=1.0-SNAPSHOT&side=consumer&sticky=false&timestamp=1564475657041&version=1.0.0) failed to connect to server /127.0.0.1:12345, error message is:Connection refused: /127.0.0.1:12345
Caused by: io.netty.channel.AbstractChannel$AnnotatedConnectException: Connection refused: /127.0.0.1:12345
Caused by: java.net.ConnectException: Connection refused

