-------------------------------------------------------------------------------
Test set: com.bangbang.controller.BookControllerTest
-------------------------------------------------------------------------------
Tests run: 8, Failures: 0, Errors: 8, Skipped: 0, Time elapsed: 10.761 s <<< FAILURE! - in com.bangbang.controller.BookControllerTest
whenGenInfoFauil(com.bangbang.controller.BookControllerTest)  Time elapsed: 0.006 s  <<< ERROR!
java.lang.IllegalStateException: Failed to load ApplicationContext
Caused by: org.springframework.beans.factory.BeanCreationException: Error creating bean with name 'bookController': Injection of @org.apache.dubbo.config.annotation.Reference dependencies is failed; nested exception is org.apache.dubbo.rpc.RpcException: Fail to create remoting client for service(dubbo://127.0.0.1:12345/com.bangbang.service.BookService?application=springboot-dubbo-provider&codec=dubbo&default.lazy=false&default.sticky=false&dubbo=2.0.2&heartbeat=60000&interface=com.bangbang.service.BookService&lazy=false&methods=getBookInfo&pid=57704&qos.enable=false&register.ip=127.0.0.1&revision=1.0-SNAPSHOT&side=consumer&sticky=false&timestamp=1564475649922&version=1.0.0): client(url: dubbo://127.0.0.1:12345/com.bangbang.service.BookService?application=springboot-dubbo-provider&codec=dubbo&default.lazy=false&default.sticky=false&dubbo=2.0.2&heartbeat=60000&interface=com.bangbang.service.BookService&lazy=false&methods=getBookInfo&pid=57704&qos.enable=false&register.ip=127.0.0.1&revision=1.0-SNAPSHOT&side=consumer&sticky=false&timestamp=1564475649922&version=1.0.0) failed to connect to server /127.0.0.1:12345, error message is:Connection refused: /127.0.0.1:12345
Caused by: org.apache.dubbo.rpc.RpcException: Fail to create remoting client for service(dubbo://127.0.0.1:12345/com.bangbang.service.BookService?application=springboot-dubbo-provider&codec=dubbo&default.lazy=false&default.sticky=false&dubbo=2.0.2&heartbeat=60000&interface=com.bangbang.service.BookService&lazy=false&methods=getBookInfo&pid=57704&qos.enable=false&register.ip=127.0.0.1&revision=1.0-SNAPSHOT&side=consumer&sticky=false&timestamp=1564475649922&version=1.0.0): client(url: dubbo://127.0.0.1:12345/com.bangbang.service.BookService?application=springboot-dubbo-provider&codec=dubbo&default.lazy=false&default.sticky=false&dubbo=2.0.2&heartbeat=60000&interface=com.bangbang.service.BookService&lazy=false&methods=getBookInfo&pid=57704&qos.enable=false&register.ip=127.0.0.1&revision=1.0-SNAPSHOT&side=consumer&sticky=false&timestamp=1564475649922&version=1.0.0) failed to connect to server /127.0.0.1:12345, error message is:Connection refused: /127.0.0.1:12345
Caused by: org.apache.dubbo.remoting.RemotingException: client(url: dubbo://127.0.0.1:12345/com.bangbang.service.BookService?application=springboot-dubbo-provider&codec=dubbo&default.lazy=false&default.sticky=false&dubbo=2.0.2&heartbeat=60000&interface=com.bangbang.service.BookService&lazy=false&methods=getBookInfo&pid=57704&qos.enable=false&register.ip=127.0.0.1&revision=1.0-SNAPSHOT&side=consumer&sticky=false&timestamp=1564475649922&version=1.0.0) failed to connect to server /127.0.0.1:12345, error message is:Connection refused: /127.0.0.1:12345
Caused by: io.netty.channel.AbstractChannel$AnnotatedConnectException: Connection refused: /127.0.0.1:12345
Caused by: java.net.ConnectException: Connection refused

whenQuerySuccess(com.bangbang.controller.BookControllerTest)  Time elapsed: 0 s  <<< ERROR!
java.lang.IllegalStateException: Failed to load ApplicationContext
Caused by: org.springframework.beans.factory.BeanCreationException: Error creating bean with name 'bookController': Injection of @org.apache.dubbo.config.annotation.Reference dependencies is failed; nested exception is org.apache.dubbo.rpc.RpcException: Fail to create remoting client for service(dubbo://127.0.0.1:12345/com.bangbang.service.BookService?application=springboot-dubbo-provider&codec=dubbo&default.lazy=false&default.sticky=false&dubbo=2.0.2&heartbeat=60000&interface=com.bangbang.service.BookService&lazy=false&methods=getBookInfo&pid=57704&qos.enable=false&register.ip=127.0.0.1&revision=1.0-SNAPSHOT&side=consumer&sticky=false&timestamp=1564475651210&version=1.0.0): client(url: dubbo://127.0.0.1:12345/com.bangbang.service.BookService?application=springboot-dubbo-provider&codec=dubbo&default.lazy=false&default.sticky=false&dubbo=2.0.2&heartbeat=60000&interface=com.bangbang.service.BookService&lazy=false&methods=getBookInfo&pid=57704&qos.enable=false&register.ip=127.0.0.1&revision=1.0-SNAPSHOT&side=consumer&sticky=false&timestamp=1564475651210&version=1.0.0) failed to connect to server /127.0.0.1:12345, error message is:Connection refused: /127.0.0.1:12345
Caused by: org.apache.dubbo.rpc.RpcException: Fail to create remoting client for service(dubbo://127.0.0.1:12345/com.bangbang.service.BookService?application=springboot-dubbo-provider&codec=dubbo&default.lazy=false&default.sticky=false&dubbo=2.0.2&heartbeat=60000&interface=com.bangbang.service.BookService&lazy=false&methods=getBookInfo&pid=57704&qos.enable=false&register.ip=127.0.0.1&revision=1.0-SNAPSHOT&side=consumer&sticky=false&timestamp=1564475651210&version=1.0.0): client(url: dubbo://127.0.0.1:12345/com.bangbang.service.BookService?application=springboot-dubbo-provider&codec=dubbo&default.lazy=false&default.sticky=false&dubbo=2.0.2&heartbeat=60000&interface=com.bangbang.service.BookService&lazy=false&methods=getBookInfo&pid=57704&qos.enable=false&register.ip=127.0.0.1&revision=1.0-SNAPSHOT&side=consumer&sticky=false&timestamp=1564475651210&version=1.0.0) failed to connect to server /127.0.0.1:12345, error message is:Connection refused: /127.0.0.1:12345
Caused by: org.apache.dubbo.remoting.RemotingException: client(url: dubbo://127.0.0.1:12345/com.bangbang.service.BookService?application=springboot-dubbo-provider&codec=dubbo&default.lazy=false&default.sticky=false&dubbo=2.0.2&heartbeat=60000&interface=com.bangbang.service.BookService&lazy=false&methods=getBookInfo&pid=57704&qos.enable=false&register.ip=127.0.0.1&revision=1.0-SNAPSHOT&side=consumer&sticky=false&timestamp=1564475651210&version=1.0.0) failed to connect to server /127.0.0.1:12345, error message is:Connection refused: /127.0.0.1:12345
Caused by: io.netty.channel.AbstractChannel$AnnotatedConnectException: Connection refused: /127.0.0.1:12345
Caused by: java.net.ConnectException: Connection refused

whenCreateSuccess(com.bangbang.controller.BookControllerTest)  Time elapsed: 0.001 s  <<< ERROR!
java.lang.IllegalStateException: Failed to load ApplicationContext
Caused by: org.springframework.beans.factory.BeanCreationException: Error creating bean with name 'bookController': Injection of @org.apache.dubbo.config.annotation.Reference dependencies is failed; nested exception is org.apache.dubbo.rpc.RpcException: Fail to create remoting client for service(dubbo://127.0.0.1:12345/com.bangbang.service.BookService?application=springboot-dubbo-provider&codec=dubbo&default.lazy=false&default.sticky=false&dubbo=2.0.2&heartbeat=60000&interface=com.bangbang.service.BookService&lazy=false&methods=getBookInfo&pid=57704&qos.enable=false&register.ip=127.0.0.1&revision=1.0-SNAPSHOT&side=consumer&sticky=false&timestamp=1564475652176&version=1.0.0): client(url: dubbo://127.0.0.1:12345/com.bangbang.service.BookService?application=springboot-dubbo-provider&codec=dubbo&default.lazy=false&default.sticky=false&dubbo=2.0.2&heartbeat=60000&interface=com.bangbang.service.BookService&lazy=false&methods=getBookInfo&pid=57704&qos.enable=false&register.ip=127.0.0.1&revision=1.0-SNAPSHOT&side=consumer&sticky=false&timestamp=1564475652176&version=1.0.0) failed to connect to server /127.0.0.1:12345, error message is:Connection refused: /127.0.0.1:12345
Caused by: org.apache.dubbo.rpc.RpcException: Fail to create remoting client for service(dubbo://127.0.0.1:12345/com.bangbang.service.BookService?application=springboot-dubbo-provider&codec=dubbo&default.lazy=false&default.sticky=false&dubbo=2.0.2&heartbeat=60000&interface=com.bangbang.service.BookService&lazy=false&methods=getBookInfo&pid=57704&qos.enable=false&register.ip=127.0.0.1&revision=1.0-SNAPSHOT&side=consumer&sticky=false&timestamp=1564475652176&version=1.0.0): client(url: dubbo://127.0.0.1:12345/com.bangbang.service.BookService?application=springboot-dubbo-provider&codec=dubbo&default.lazy=false&default.sticky=false&dubbo=2.0.2&heartbeat=60000&interface=com.bangbang.service.BookService&lazy=false&methods=getBookInfo&pid=57704&qos.enable=false&register.ip=127.0.0.1&revision=1.0-SNAPSHOT&side=consumer&sticky=false&timestamp=1564475652176&version=1.0.0) failed to connect to server /127.0.0.1:12345, error message is:Connection refused: /127.0.0.1:12345
Caused by: org.apache.dubbo.remoting.RemotingException: client(url: dubbo://127.0.0.1:12345/com.bangbang.service.BookService?application=springboot-dubbo-provider&codec=dubbo&default.lazy=false&default.sticky=false&dubbo=2.0.2&heartbeat=60000&interface=com.bangbang.service.BookService&lazy=false&methods=getBookInfo&pid=57704&qos.enable=false&register.ip=127.0.0.1&revision=1.0-SNAPSHOT&side=consumer&sticky=false&timestamp=1564475652176&version=1.0.0) failed to connect to server /127.0.0.1:12345, error message is:Connection refused: /127.0.0.1:12345
Caused by: io.netty.channel.AbstractChannel$AnnotatedConnectException: Connection refused: /127.0.0.1:12345
Caused by: java.net.ConnectException: Connection refused

whenCookieAndHeaderExist(com.bangbang.controller.BookControllerTest)  Time elapsed: 0 s  <<< ERROR!
java.lang.IllegalStateException: Failed to load ApplicationContext
Caused by: org.springframework.beans.factory.BeanCreationException: Error creating bean with name 'bookController': Injection of @org.apache.dubbo.config.annotation.Reference dependencies is failed; nested exception is org.apache.dubbo.rpc.RpcException: Fail to create remoting client for service(dubbo://127.0.0.1:12345/com.bangbang.service.BookService?application=springboot-dubbo-provider&codec=dubbo&default.lazy=false&default.sticky=false&dubbo=2.0.2&heartbeat=60000&interface=com.bangbang.service.BookService&lazy=false&methods=getBookInfo&pid=57704&qos.enable=false&register.ip=127.0.0.1&revision=1.0-SNAPSHOT&side=consumer&sticky=false&timestamp=1564475652935&version=1.0.0): client(url: dubbo://127.0.0.1:12345/com.bangbang.service.BookService?application=springboot-dubbo-provider&codec=dubbo&default.lazy=false&default.sticky=false&dubbo=2.0.2&heartbeat=60000&interface=com.bangbang.service.BookService&lazy=false&methods=getBookInfo&pid=57704&qos.enable=false&register.ip=127.0.0.1&revision=1.0-SNAPSHOT&side=consumer&sticky=false&timestamp=1564475652935&version=1.0.0) failed to connect to server /127.0.0.1:12345, error message is:Connection refused: /127.0.0.1:12345
Caused by: org.apache.dubbo.rpc.RpcException: Fail to create remoting client for service(dubbo://127.0.0.1:12345/com.bangbang.service.BookService?application=springboot-dubbo-provider&codec=dubbo&default.lazy=false&default.sticky=false&dubbo=2.0.2&heartbeat=60000&interface=com.bangbang.service.BookService&lazy=false&methods=getBookInfo&pid=57704&qos.enable=false&register.ip=127.0.0.1&revision=1.0-SNAPSHOT&side=consumer&sticky=false&timestamp=1564475652935&version=1.0.0): client(url: dubbo://127.0.0.1:12345/com.bangbang.service.BookService?application=springboot-dubbo-provider&codec=dubbo&default.lazy=false&default.sticky=false&dubbo=2.0.2&heartbeat=60000&interface=com.bangbang.service.BookService&lazy=false&methods=getBookInfo&pid=57704&qos.enable=false&register.ip=127.0.0.1&revision=1.0-SNAPSHOT&side=consumer&sticky=false&timestamp=1564475652935&version=1.0.0) failed to connect to server /127.0.0.1:12345, error message is:Connection refused: /127.0.0.1:12345
Caused by: org.apache.dubbo.remoting.RemotingException: client(url: dubbo://127.0.0.1:12345/com.bangbang.service.BookService?application=springboot-dubbo-provider&codec=dubbo&default.lazy=false&default.sticky=false&dubbo=2.0.2&heartbeat=60000&interface=com.bangbang.service.BookService&lazy=false&methods=getBookInfo&pid=57704&qos.enable=false&register.ip=127.0.0.1&revision=1.0-SNAPSHOT&side=consumer&sticky=false&timestamp=1564475652935&version=1.0.0) failed to connect to server /127.0.0.1:12345, error message is:Connection refused: /127.0.0.1:12345
Caused by: io.netty.channel.AbstractChannel$AnnotatedConnectException: Connection refused: /127.0.0.1:12345
Caused by: java.net.ConnectException: Connection refused

whenQueryBooksSuccess(com.bangbang.controller.BookControllerTest)  Time elapsed: 0.001 s  <<< ERROR!
java.lang.IllegalStateException: Failed to load ApplicationContext
Caused by: org.springframework.beans.factory.BeanCreationException: Error creating bean with name 'bookController': Injection of @org.apache.dubbo.config.annotation.Reference dependencies is failed; nested exception is org.apache.dubbo.rpc.RpcException: Fail to create remoting client for service(dubbo://127.0.0.1:12345/com.bangbang.service.BookService?application=springboot-dubbo-provider&codec=dubbo&default.lazy=false&default.sticky=false&dubbo=2.0.2&heartbeat=60000&interface=com.bangbang.service.BookService&lazy=false&methods=getBookInfo&pid=57704&qos.enable=false&register.ip=127.0.0.1&revision=1.0-SNAPSHOT&side=consumer&sticky=false&timestamp=1564475653813&version=1.0.0): client(url: dubbo://127.0.0.1:12345/com.bangbang.service.BookService?application=springboot-dubbo-provider&codec=dubbo&default.lazy=false&default.sticky=false&dubbo=2.0.2&heartbeat=60000&interface=com.bangbang.service.BookService&lazy=false&methods=getBookInfo&pid=57704&qos.enable=false&register.ip=127.0.0.1&revision=1.0-SNAPSHOT&side=consumer&sticky=false&timestamp=1564475653813&version=1.0.0) failed to connect to server /127.0.0.1:12345, error message is:Connection refused: /127.0.0.1:12345
Caused by: org.apache.dubbo.rpc.RpcException: Fail to create remoting client for service(dubbo://127.0.0.1:12345/com.bangbang.service.BookService?application=springboot-dubbo-provider&codec=dubbo&default.lazy=false&default.sticky=false&dubbo=2.0.2&heartbeat=60000&interface=com.bangbang.service.BookService&lazy=false&methods=getBookInfo&pid=57704&qos.enable=false&register.ip=127.0.0.1&revision=1.0-SNAPSHOT&side=consumer&sticky=false&timestamp=1564475653813&version=1.0.0): client(url: dubbo://127.0.0.1:12345/com.bangbang.service.BookService?application=springboot-dubbo-provider&codec=dubbo&default.lazy=false&default.sticky=false&dubbo=2.0.2&heartbeat=60000&interface=com.bangbang.service.BookService&lazy=false&methods=getBookInfo&pid=57704&qos.enable=false&register.ip=127.0.0.1&revision=1.0-SNAPSHOT&side=consumer&sticky=false&timestamp=1564475653813&version=1.0.0) failed to connect to server /127.0.0.1:12345, error message is:Connection refused: /127.0.0.1:12345
Caused by: org.apache.dubbo.remoting.RemotingException: client(url: dubbo://127.0.0.1:12345/com.bangbang.service.BookService?application=springboot-dubbo-provider&codec=dubbo&default.lazy=false&default.sticky=false&dubbo=2.0.2&heartbeat=60000&interface=com.bangbang.service.BookService&lazy=false&methods=getBookInfo&pid=57704&qos.enable=false&register.ip=127.0.0.1&revision=1.0-SNAPSHOT&side=consumer&sticky=false&timestamp=1564475653813&version=1.0.0) failed to connect to server /127.0.0.1:12345, error message is:Connection refused: /127.0.0.1:12345
Caused by: io.netty.channel.AbstractChannel$AnnotatedConnectException: Connection refused: /127.0.0.1:12345
Caused by: java.net.ConnectException: Connection refused

whenUpdateSuccess(com.bangbang.controller.BookControllerTest)  Time elapsed: 0.001 s  <<< ERROR!
java.lang.IllegalStateException: Failed to load ApplicationContext
Caused by: org.springframework.beans.factory.BeanCreationException: Error creating bean with name 'bookController': Injection of @org.apache.dubbo.config.annotation.Reference dependencies is failed; nested exception is org.apache.dubbo.rpc.RpcException: Fail to create remoting client for service(dubbo://127.0.0.1:12345/com.bangbang.service.BookService?application=springboot-dubbo-provider&codec=dubbo&default.lazy=false&default.sticky=false&dubbo=2.0.2&heartbeat=60000&interface=com.bangbang.service.BookService&lazy=false&methods=getBookInfo&pid=57704&qos.enable=false&register.ip=127.0.0.1&revision=1.0-SNAPSHOT&side=consumer&sticky=false&timestamp=1564475654670&version=1.0.0): client(url: dubbo://127.0.0.1:12345/com.bangbang.service.BookService?application=springboot-dubbo-provider&codec=dubbo&default.lazy=false&default.sticky=false&dubbo=2.0.2&heartbeat=60000&interface=com.bangbang.service.BookService&lazy=false&methods=getBookInfo&pid=57704&qos.enable=false&register.ip=127.0.0.1&revision=1.0-SNAPSHOT&side=consumer&sticky=false&timestamp=1564475654670&version=1.0.0) failed to connect to server /127.0.0.1:12345, error message is:Connection refused: /127.0.0.1:12345
Caused by: org.apache.dubbo.rpc.RpcException: Fail to create remoting client for service(dubbo://127.0.0.1:12345/com.bangbang.service.BookService?application=springboot-dubbo-provider&codec=dubbo&default.lazy=false&default.sticky=false&dubbo=2.0.2&heartbeat=60000&interface=com.bangbang.service.BookService&lazy=false&methods=getBookInfo&pid=57704&qos.enable=false&register.ip=127.0.0.1&revision=1.0-SNAPSHOT&side=consumer&sticky=false&timestamp=1564475654670&version=1.0.0): client(url: dubbo://127.0.0.1:12345/com.bangbang.service.BookService?application=springboot-dubbo-provider&codec=dubbo&default.lazy=false&default.sticky=false&dubbo=2.0.2&heartbeat=60000&interface=com.bangbang.service.BookService&lazy=false&methods=getBookInfo&pid=57704&qos.enable=false&register.ip=127.0.0.1&revision=1.0-SNAPSHOT&side=consumer&sticky=false&timestamp=1564475654670&version=1.0.0) failed to connect to server /127.0.0.1:12345, error message is:Connection refused: /127.0.0.1:12345
Caused by: org.apache.dubbo.remoting.RemotingException: client(url: dubbo://127.0.0.1:12345/com.bangbang.service.BookService?application=springboot-dubbo-provider&codec=dubbo&default.lazy=false&default.sticky=false&dubbo=2.0.2&heartbeat=60000&interface=com.bangbang.service.BookService&lazy=false&methods=getBookInfo&pid=57704&qos.enable=false&register.ip=127.0.0.1&revision=1.0-SNAPSHOT&side=consumer&sticky=false&timestamp=1564475654670&version=1.0.0) failed to connect to server /127.0.0.1:12345, error message is:Connection refused: /127.0.0.1:12345
Caused by: io.netty.channel.AbstractChannel$AnnotatedConnectException: Connection refused: /127.0.0.1:12345
Caused by: java.net.ConnectException: Connection refused

whenDeleteSuccess(com.bangbang.controller.BookControllerTest)  Time elapsed: 0.001 s  <<< ERROR!
java.lang.IllegalStateException: Failed to load ApplicationContext
Caused by: org.springframework.beans.factory.BeanCreationException: Error creating bean with name 'bookController': Injection of @org.apache.dubbo.config.annotation.Reference dependencies is failed; nested exception is org.apache.dubbo.rpc.RpcException: Fail to create remoting client for service(dubbo://127.0.0.1:12345/com.bangbang.service.BookService?application=springboot-dubbo-provider&codec=dubbo&default.lazy=false&default.sticky=false&dubbo=2.0.2&heartbeat=60000&interface=com.bangbang.service.BookService&lazy=false&methods=getBookInfo&pid=57704&qos.enable=false&register.ip=127.0.0.1&revision=1.0-SNAPSHOT&side=consumer&sticky=false&timestamp=1564475655470&version=1.0.0): client(url: dubbo://127.0.0.1:12345/com.bangbang.service.BookService?application=springboot-dubbo-provider&codec=dubbo&default.lazy=false&default.sticky=false&dubbo=2.0.2&heartbeat=60000&interface=com.bangbang.service.BookService&lazy=false&methods=getBookInfo&pid=57704&qos.enable=false&register.ip=127.0.0.1&revision=1.0-SNAPSHOT&side=consumer&sticky=false&timestamp=1564475655470&version=1.0.0) failed to connect to server /127.0.0.1:12345, error message is:Connection refused: /127.0.0.1:12345
Caused by: org.apache.dubbo.rpc.RpcException: Fail to create remoting client for service(dubbo://127.0.0.1:12345/com.bangbang.service.BookService?application=springboot-dubbo-provider&codec=dubbo&default.lazy=false&default.sticky=false&dubbo=2.0.2&heartbeat=60000&interface=com.bangbang.service.BookService&lazy=false&methods=getBookInfo&pid=57704&qos.enable=false&register.ip=127.0.0.1&revision=1.0-SNAPSHOT&side=consumer&sticky=false&timestamp=1564475655470&version=1.0.0): client(url: dubbo://127.0.0.1:12345/com.bangbang.service.BookService?application=springboot-dubbo-provider&codec=dubbo&default.lazy=false&default.sticky=false&dubbo=2.0.2&heartbeat=60000&interface=com.bangbang.service.BookService&lazy=false&methods=getBookInfo&pid=57704&qos.enable=false&register.ip=127.0.0.1&revision=1.0-SNAPSHOT&side=consumer&sticky=false&timestamp=1564475655470&version=1.0.0) failed to connect to server /127.0.0.1:12345, error message is:Connection refused: /127.0.0.1:12345
Caused by: org.apache.dubbo.remoting.RemotingException: client(url: dubbo://127.0.0.1:12345/com.bangbang.service.BookService?application=springboot-dubbo-provider&codec=dubbo&default.lazy=false&default.sticky=false&dubbo=2.0.2&heartbeat=60000&interface=com.bangbang.service.BookService&lazy=false&methods=getBookInfo&pid=57704&qos.enable=false&register.ip=127.0.0.1&revision=1.0-SNAPSHOT&side=consumer&sticky=false&timestamp=1564475655470&version=1.0.0) failed to connect to server /127.0.0.1:12345, error message is:Connection refused: /127.0.0.1:12345
Caused by: io.netty.channel.AbstractChannel$AnnotatedConnectException: Connection refused: /127.0.0.1:12345
Caused by: java.net.ConnectException: Connection refused

whenGetInfoSuccess(com.bangbang.controller.BookControllerTest)  Time elapsed: 0.001 s  <<< ERROR!
java.lang.IllegalStateException: Failed to load ApplicationContext
Caused by: org.springframework.beans.factory.BeanCreationException: Error creating bean with name 'bookController': Injection of @org.apache.dubbo.config.annotation.Reference dependencies is failed; nested exception is org.apache.dubbo.rpc.RpcException: Fail to create remoting client for service(dubbo://127.0.0.1:12345/com.bangbang.service.BookService?application=springboot-dubbo-provider&codec=dubbo&default.lazy=false&default.sticky=false&dubbo=2.0.2&heartbeat=60000&interface=com.bangbang.service.BookService&lazy=false&methods=getBookInfo&pid=57704&qos.enable=false&register.ip=127.0.0.1&revision=1.0-SNAPSHOT&side=consumer&sticky=false&timestamp=1564475656249&version=1.0.0): client(url: dubbo://127.0.0.1:12345/com.bangbang.service.BookService?application=springboot-dubbo-provider&codec=dubbo&default.lazy=false&default.sticky=false&dubbo=2.0.2&heartbeat=60000&interface=com.bangbang.service.BookService&lazy=false&methods=getBookInfo&pid=57704&qos.enable=false&register.ip=127.0.0.1&revision=1.0-SNAPSHOT&side=consumer&sticky=false&timestamp=1564475656249&version=1.0.0) failed to connect to server /127.0.0.1:12345, error message is:Connection refused: /127.0.0.1:12345
Caused by: org.apache.dubbo.rpc.RpcException: Fail to create remoting client for service(dubbo://127.0.0.1:12345/com.bangbang.service.BookService?application=springboot-dubbo-provider&codec=dubbo&default.lazy=false&default.sticky=false&dubbo=2.0.2&heartbeat=60000&interface=com.bangbang.service.BookService&lazy=false&methods=getBookInfo&pid=57704&qos.enable=false&register.ip=127.0.0.1&revision=1.0-SNAPSHOT&side=consumer&sticky=false&timestamp=1564475656249&version=1.0.0): client(url: dubbo://127.0.0.1:12345/com.bangbang.service.BookService?application=springboot-dubbo-provider&codec=dubbo&default.lazy=false&default.sticky=false&dubbo=2.0.2&heartbeat=60000&interface=com.bangbang.service.BookService&lazy=false&methods=getBookInfo&pid=57704&qos.enable=false&register.ip=127.0.0.1&revision=1.0-SNAPSHOT&side=consumer&sticky=false&timestamp=1564475656249&version=1.0.0) failed to connect to server /127.0.0.1:12345, error message is:Connection refused: /127.0.0.1:12345
Caused by: org.apache.dubbo.remoting.RemotingException: client(url: dubbo://127.0.0.1:12345/com.bangbang.service.BookService?application=springboot-dubbo-provider&codec=dubbo&default.lazy=false&default.sticky=false&dubbo=2.0.2&heartbeat=60000&interface=com.bangbang.service.BookService&lazy=false&methods=getBookInfo&pid=57704&qos.enable=false&register.ip=127.0.0.1&revision=1.0-SNAPSHOT&side=consumer&sticky=false&timestamp=1564475656249&version=1.0.0) failed to connect to server /127.0.0.1:12345, error message is:Connection refused: /127.0.0.1:12345
Caused by: io.netty.channel.AbstractChannel$AnnotatedConnectException: Connection refused: /127.0.0.1:12345
Caused by: java.net.ConnectException: Connection refused

