<?xml version="1.0" encoding="UTF-8"?>
<testsuite xmlns:xsi="http://www.w3.org/2001/XMLSchema-instance" xsi:noNamespaceSchemaLocation="https://maven.apache.org/surefire/maven-surefire-plugin/xsd/surefire-test-report.xsd" name="com.bangbang.controller.BookControllerTest" time="10.761" tests="8" errors="8" skipped="0" failures="0">
  <properties>
[...]
</properties>
  <testcase name="whenGenInfoFauil" classname="com.bangbang.controller.BookControllerTest" time="0.006">
    <error message="Failed to load ApplicationContext" type="java.lang.IllegalStateException"><![CDATA[java.lang.IllegalStateException: Failed to load ApplicationContext
Caused by: org.springframework.beans.factory.BeanCreationException: Error creating bean with name 'bookController': Injection of @org.apache.dubbo.config.annotation.Reference dependencies is failed; nested exception is org.apache.dubbo.rpc.RpcException: Fail to create remoting client for service(dubbo://127.0.0.1:12345/com.bangbang.service.BookService?application=springboot-dubbo-provider&codec=dubbo&default.lazy=false&default.sticky=false&dubbo=2.0.2&heartbeat=60000&interface=com.bangbang.service.BookService&lazy=false&methods=getBookInfo&pid=57704&qos.enable=false&register.ip=127.0.0.1&revision=1.0-SNAPSHOT&side=consumer&sticky=false&timestamp=1564475649922&version=1.0.0): client(url: dubbo://127.0.0.1:12345/com.bangbang.service.BookService?application=springboot-dubbo-provider&codec=dubbo&default.lazy=false&default.sticky=false&dubbo=2.0.2&heartbeat=60000&interface=com.bangbang.service.BookService&lazy=false&methods=getBookInfo&pid=57704&qos.enable=false&register.ip=127.0.0.1&revision=1.0-SNAPSHOT&side=consumer&sticky=false&timestamp=1564475649922&version=1.0.0) failed to connect to server /127.0.0.1:12345, error message is:Connection refused: /127.0.0.1:12345
Caused by: org.apache.dubbo.rpc.RpcException: Fail to create remoting client for service(dubbo://127.0.0.1:12345/com.bangbang.service.BookService?application=springboot-dubbo-provider&codec=dubbo&default.lazy=false&default.sticky=false&dubbo=2.0.2&heartbeat=60000&interface=com.bangbang.service.BookService&lazy=false&methods=getBookInfo&pid=57704&qos.enable=false&register.ip=127.0.0.1&revision=1.0-SNAPSHOT&side=consumer&sticky=false&timestamp=1564475649922&version=1.0.0): client(url: dubbo://127.0.0.1:12345/com.bangbang.service.BookService?application=springboot-dubbo-provider&codec=dubbo&default.lazy=false&default.sticky=false&dubbo=2.0.2&heartbeat=60000&interface=com.bangbang.service.BookService&lazy=false&methods=getBookInfo&pid=57704&qos.enable=false&register.ip=127.0.0.1&revision=1.0-SNAPSHOT&side=consumer&sticky=false&timestamp=1564475649922&version=1.0.0) failed to connect to server /127.0.0.1:12345, error message is:Connection refused: /127.0.0.1:12345
Caused by: org.apache.dubbo.remoting.RemotingException: client(url: dubbo://127.0.0.1:12345/com.bangbang.service.BookService?application=springboot-dubbo-provider&codec=dubbo&default.lazy=false&default.sticky=false&dubbo=2.0.2&heartbeat=60000&interface=com.bangbang.service.BookService&lazy=false&methods=getBookInfo&pid=57704&qos.enable=false&register.ip=127.0.0.1&revision=1.0-SNAPSHOT&side=consumer&sticky=false&timestamp=1564475649922&version=1.0.0) failed to connect to server /127.0.0.1:12345, error message is:Connection refused: /127.0.0.1:12345
Caused by: io.netty.channel.AbstractChannel$AnnotatedConnectException: Connection refused: /127.0.0.1:12345
Caused by: java.net.ConnectException: Connection refused
]]></error>
    <system-out><![CDATA[16:34:05.654 [main] DEBUG org.springframework.test.context.junit4.SpringJUnit4ClassRunner - SpringJUnit4ClassRunner constructor called with [class com.bangbang.controller.BookControllerTest]
16:34:05.660 [main] DEBUG org.springframework.test.context.BootstrapUtils - Instantiating CacheAwareContextLoaderDelegate from class [org.springframework.test.context.cache.DefaultCacheAwareContextLoaderDelegate]
16:34:05.668 [main] DEBUG org.springframework.test.context.BootstrapUtils - Instantiating BootstrapContext using constructor [public org.springframework.test.context.support.DefaultBootstrapContext(java.lang.Class,org.springframework.test.context.CacheAwareContextLoaderDelegate)]
16:34:05.685 [main] DEBUG org.springframework.test.context.BootstrapUtils - Instantiating TestContextBootstrapper for test class [com.bangbang.controller.BookControllerTest] from class [org.springframework.boot.test.context.SpringBootTestContextBootstrapper]
16:34:05.695 [main] INFO org.springframework.boot.test.context.SpringBootTestContextBootstrapper - Neither @ContextConfiguration nor @ContextHierarchy found for test class [com.bangbang.controller.BookControllerTest], using SpringBootContextLoader
16:34:05.698 [main] DEBUG org.springframework.test.context.support.AbstractContextLoader - Did not detect default resource location for test class [com.bangbang.controller.BookControllerTest]: class path resource [com/bangbang/controller/BookControllerTest-context.xml] does not exist
16:34:05.699 [main] DEBUG org.springframework.test.context.support.AbstractContextLoader - Did not detect default resource location for test class [com.bangbang.controller.BookControllerTest]: class path resource [com/bangbang/controller/BookControllerTestContext.groovy] does not exist
16:34:05.699 [main] INFO org.springframework.test.context.support.AbstractContextLoader - Could not detect default resource locations for test class [com.bangbang.controller.BookControllerTest]: no resource found for suffixes {-context.xml, Context.groovy}.
16:34:05.699 [main] INFO org.springframework.test.context.support.AnnotationConfigContextLoaderUtils - Could not detect default configuration classes for test class [com.bangbang.controller.BookControllerTest]: BookControllerTest does not declare any static, non-private, non-final, nested classes annotated with @Configuration.
16:34:05.764 [main] DEBUG org.springframework.test.context.support.ActiveProfilesUtils - Could not find an 'annotation declaring class' for annotation type [org.springframework.test.context.ActiveProfiles] and class [com.bangbang.controller.BookControllerTest]
16:34:05.911 [main] DEBUG org.springframework.context.annotation.ClassPathScanningCandidateComponentProvider - Identified candidate component class: file [/Users/gao/my_code_trunk/bookshop/bookshop-web/target/classes/com/bangbang/BookshopWebApplication.class]
16:34:05.913 [main] INFO org.springframework.boot.test.context.SpringBootTestContextBootstrapper - Found @SpringBootConfiguration com.bangbang.BookshopWebApplication for test class com.bangbang.controller.BookControllerTest
16:34:06.009 [main] DEBUG org.springframework.boot.test.context.SpringBootTestContextBootstrapper - @TestExecutionListeners is not present for class [com.bangbang.controller.BookControllerTest]: using defaults.
16:34:06.010 [main] INFO org.springframework.boot.test.context.SpringBootTestContextBootstrapper - Loaded default TestExecutionListener class names from location [META-INF/spring.factories]: [org.springframework.boot.test.mock.mockito.MockitoTestExecutionListener, org.springframework.boot.test.mock.mockito.ResetMocksTestExecutionListener, org.springframework.boot.test.autoconfigure.restdocs.RestDocsTestExecutionListener, org.springframework.boot.test.autoconfigure.web.client.MockRestServiceServerResetTestExecutionListener, org.springframework.boot.test.autoconfigure.web.servlet.MockMvcPrintOnlyOnFailureTestExecutionListener, org.springframework.boot.test.autoconfigure.web.servlet.WebDriverTestExecutionListener, org.springframework.test.context.web.ServletTestExecutionListener, org.springframework.test.context.support.DirtiesContextBeforeModesTestExecutionListener, org.springframework.test.context.support.DependencyInjectionTestExecutionListener, org.springframework.test.context.support.DirtiesContextTestExecutionListener, org.springframework.test.context.transaction.TransactionalTestExecutionListener, org.springframework.test.context.jdbc.SqlScriptsTestExecutionListener]
16:34:06.028 [main] INFO org.springframework.boot.test.context.SpringBootTestContextBootstrapper - Using TestExecutionListeners: [org.springframework.test.context.web.ServletTestExecutionListener@79079097, org.springframework.test.context.support.DirtiesContextBeforeModesTestExecutionListener@4d1c00d0, org.springframework.boot.test.mock.mockito.MockitoTestExecutionListener@4b2bac3f, org.springframework.boot.test.autoconfigure.SpringBootDependencyInjectionTestExecutionListener@4e08711f, org.springframework.test.context.support.DirtiesContextTestExecutionListener@bcec361, org.springframework.test.context.transaction.TransactionalTestExecutionListener@26794848, org.springframework.test.context.jdbc.SqlScriptsTestExecutionListener@302552ec, org.springframework.boot.test.mock.mockito.ResetMocksTestExecutionListener@3d285d7e, org.springframework.boot.test.autoconfigure.restdocs.RestDocsTestExecutionListener@40005471, org.springframework.boot.test.autoconfigure.web.client.MockRestServiceServerResetTestExecutionListener@2cd76f31, org.springframework.boot.test.autoconfigure.web.servlet.MockMvcPrintOnlyOnFailureTestExecutionListener@367ffa75, org.springframework.boot.test.autoconfigure.web.servlet.WebDriverTestExecutionListener@49438269]
16:34:06.030 [main] DEBUG org.springframework.test.annotation.ProfileValueUtils - Retrieved @ProfileValueSourceConfiguration [null] for test class [com.bangbang.controller.BookControllerTest]
16:34:06.030 [main] DEBUG org.springframework.test.annotation.ProfileValueUtils - Retrieved ProfileValueSource type [class org.springframework.test.annotation.SystemProfileValueSource] for class [com.bangbang.controller.BookControllerTest]
16:34:06.032 [main] DEBUG org.springframework.test.annotation.ProfileValueUtils - Retrieved @ProfileValueSourceConfiguration [null] for test class [com.bangbang.controller.BookControllerTest]
16:34:06.032 [main] DEBUG org.springframework.test.annotation.ProfileValueUtils - Retrieved ProfileValueSource type [class org.springframework.test.annotation.SystemProfileValueSource] for class [com.bangbang.controller.BookControllerTest]
16:34:06.033 [main] DEBUG org.springframework.test.annotation.ProfileValueUtils - Retrieved @ProfileValueSourceConfiguration [null] for test class [com.bangbang.controller.BookControllerTest]
16:34:06.033 [main] DEBUG org.springframework.test.annotation.ProfileValueUtils - Retrieved ProfileValueSource type [class org.springframework.test.annotation.SystemProfileValueSource] for class [com.bangbang.controller.BookControllerTest]
16:34:06.038 [main] DEBUG org.springframework.test.context.support.AbstractDirtiesContextTestExecutionListener - Before test class: context [DefaultTestContext@77f1baf5 testClass = BookControllerTest, testInstance = [null], testMethod = [null], testException = [null], mergedContextConfiguration = [WebMergedContextConfiguration@41a2befb testClass = BookControllerTest, locations = '{}', classes = '{class com.bangbang.BookshopWebApplication}', contextInitializerClasses = '[]', activeProfiles = '{}', propertySourceLocations = '{}', propertySourceProperties = '{org.springframework.boot.test.context.SpringBootTestContextBootstrapper=true}', contextCustomizers = set[org.springframework.boot.test.context.filter.ExcludeFilterContextCustomizer@12c8a2c0, org.springframework.boot.test.json.DuplicateJsonObjectContextCustomizerFactory$DuplicateJsonObjectContextCustomizer@18bf3d14, org.springframework.boot.test.mock.mockito.MockitoContextCustomizer@0, org.springframework.boot.test.web.client.TestRestTemplateContextCustomizer@78186a70, org.springframework.boot.test.autoconfigure.properties.PropertyMappingContextCustomizer@0, org.springframework.boot.test.autoconfigure.web.servlet.WebDriverContextCustomizerFactory$Customizer@17211155], resourceBasePath = 'src/main/webapp', contextLoader = 'org.springframework.boot.test.context.SpringBootContextLoader', parent = [null]], attributes = map['org.springframework.test.context.web.ServletTestExecutionListener.activateListener' -> true]], class annotated with @DirtiesContext [false] with mode [null].
16:34:06.038 [main] DEBUG org.springframework.test.annotation.ProfileValueUtils - Retrieved @ProfileValueSourceConfiguration [null] for test class [com.bangbang.controller.BookControllerTest]
16:34:06.039 [main] DEBUG org.springframework.test.annotation.ProfileValueUtils - Retrieved ProfileValueSource type [class org.springframework.test.annotation.SystemProfileValueSource] for class [com.bangbang.controller.BookControllerTest]
16:34:06.063 [main] DEBUG org.springframework.test.context.support.TestPropertySourceUtils - Adding inlined properties to environment: {spring.jmx.enabled=false, org.springframework.boot.test.context.SpringBootTestContextBootstrapper=true, server.port=-1}
2019-07-30 16:34:06.259  INFO 57704 --- [           main] o.a.dubbo.common.logger.LoggerFactory    : using logger: org.apache.dubbo.common.logger.slf4j.Slf4jLoggerAdapter
2019-07-30 16:34:06.264  INFO 57704 --- [           main] d.s.b.c.e.WelcomeLogoApplicationListener : 

 :: Dubbo Spring Boot (v2.7.1) : https://github.com/apache/incubator-dubbo-spring-boot-project
 :: Dubbo (v2.7.1) : https://github.com/apache/incubator-dubbo
 :: Discuss group : dev@dubbo.apache.org

2019-07-30 16:34:06.268  INFO 57704 --- [           main] e.OverrideDubboConfigApplicationListener : Dubbo Config was overridden by externalized configuration {dubbo.application.name=springboot-dubbo-provider, dubbo.application.qos-enable=false, dubbo.config.multiple=true, dubbo.registry.address=multicast://224.5.6.7:1234}

  .   ____          _            __ _ _
 /\\ / ___'_ __ _ _(_)_ __  __ _ \ \ \ \
( ( )\___ | '_ | '_| | '_ \/ _` | \ \ \ \
 \\/  ___)| |_)| | | | | || (_| |  ) ) ) )
  '  |____| .__|_| |_|_| |_\__, | / / / /
 =========|_|==============|___/=/_/_/_/
 :: Spring Boot ::        (v2.1.6.RELEASE)

2019-07-30 16:34:06.423  INFO 57704 --- [           main] c.b.controller.BookControllerTest        : Starting BookControllerTest on GaoMac with PID 57704 (started by gao in /Users/gao/my_code_trunk/bookshop/bookshop-web)
2019-07-30 16:34:06.424  INFO 57704 --- [           main] c.b.controller.BookControllerTest        : No active profile set, falling back to default profiles: default
2019-07-30 16:34:07.504  INFO 57704 --- [           main] .a.d.c.s.c.a.DubboConfigBindingRegistrar : The dubbo config bean definition [name : org.apache.dubbo.config.ApplicationConfig#0, class : org.apache.dubbo.config.ApplicationConfig] has been registered.
2019-07-30 16:34:07.505  INFO 57704 --- [           main] .a.d.c.s.c.a.DubboConfigBindingRegistrar : The BeanPostProcessor bean definition [org.apache.dubbo.config.spring.beans.factory.annotation.DubboConfigBindingBeanPostProcessor] for dubbo config bean [name : org.apache.dubbo.config.ApplicationConfig#0] has been registered.
2019-07-30 16:34:07.505  INFO 57704 --- [           main] .a.d.c.s.c.a.DubboConfigBindingRegistrar : The dubbo config bean definition [name : org.apache.dubbo.config.RegistryConfig#0, class : org.apache.dubbo.config.RegistryConfig] has been registered.
2019-07-30 16:34:07.505  INFO 57704 --- [           main] .a.d.c.s.c.a.DubboConfigBindingRegistrar : The BeanPostProcessor bean definition [org.apache.dubbo.config.spring.beans.factory.annotation.DubboConfigBindingBeanPostProcessor] for dubbo config bean [name : org.apache.dubbo.config.RegistryConfig#0] has been registered.
2019-07-30 16:34:07.563  INFO 57704 --- [           main] .s.d.r.c.RepositoryConfigurationDelegate : Bootstrapping Spring Data repositories in DEFAULT mode.
2019-07-30 16:34:07.596  INFO 57704 --- [           main] .s.d.r.c.RepositoryConfigurationDelegate : Finished Spring Data repository scanning in 26ms. Found 0 repository interfaces.
2019-07-30 16:34:08.023  INFO 57704 --- [           main] trationDelegate$BeanPostProcessorChecker : Bean 'org.apache.dubbo.spring.boot.autoconfigure.DubboAutoConfiguration' of type [org.apache.dubbo.spring.boot.autoconfigure.DubboAutoConfiguration$$EnhancerBySpringCGLIB$$2ac7514f] is not eligible for getting processed by all BeanPostProcessors (for example: not eligible for auto-proxying)
2019-07-30 16:34:08.148  INFO 57704 --- [           main] trationDelegate$BeanPostProcessorChecker : Bean 'org.springframework.transaction.annotation.ProxyTransactionManagementConfiguration' of type [org.springframework.transaction.annotation.ProxyTransactionManagementConfiguration$$EnhancerBySpringCGLIB$$fcd327e9] is not eligible for getting processed by all BeanPostProcessors (for example: not eligible for auto-proxying)
2019-07-30 16:34:08.219  INFO 57704 --- [           main] trationDelegate$BeanPostProcessorChecker : Bean 'org.apache.dubbo.spring.boot.autoconfigure.DubboRelaxedBinding2AutoConfiguration' of type [org.apache.dubbo.spring.boot.autoconfigure.DubboRelaxedBinding2AutoConfiguration$$EnhancerBySpringCGLIB$$bb81761f] is not eligible for getting processed by all BeanPostProcessors (for example: not eligible for auto-proxying)
2019-07-30 16:34:08.228  INFO 57704 --- [           main] trationDelegate$BeanPostProcessorChecker : Bean 'relaxedDubboConfigBinder' of type [org.apache.dubbo.spring.boot.autoconfigure.BinderDubboConfigBinder] is not eligible for getting processed by all BeanPostProcessors (for example: not eligible for auto-proxying)
2019-07-30 16:34:08.239  INFO 57704 --- [           main] trationDelegate$BeanPostProcessorChecker : Bean 'relaxedDubboConfigBinder' of type [org.apache.dubbo.spring.boot.autoconfigure.BinderDubboConfigBinder] is not eligible for getting processed by all BeanPostProcessors (for example: not eligible for auto-proxying)
2019-07-30 16:34:08.491  INFO 57704 --- [           main] com.zaxxer.hikari.HikariDataSource       : HikariPool-1 - Starting...
2019-07-30 16:34:08.788  INFO 57704 --- [           main] com.zaxxer.hikari.HikariDataSource       : HikariPool-1 - Start completed.
2019-07-30 16:34:08.866  INFO 57704 --- [           main] o.hibernate.jpa.internal.util.LogHelper  : HHH000204: Processing PersistenceUnitInfo [
	name: default
	...]
2019-07-30 16:34:08.957  INFO 57704 --- [           main] org.hibernate.Version                    : HHH000412: Hibernate Core {5.3.10.Final}
2019-07-30 16:34:08.958  INFO 57704 --- [           main] org.hibernate.cfg.Environment            : HHH000206: hibernate.properties not found
2019-07-30 16:34:09.094  INFO 57704 --- [           main] o.hibernate.annotations.common.Version   : HCANN000001: Hibernate Commons Annotations {5.0.4.Final}
2019-07-30 16:34:09.246  INFO 57704 --- [           main] org.hibernate.dialect.Dialect            : HHH000400: Using dialect: org.hibernate.dialect.MySQL5Dialect
2019-07-30 16:34:09.457  INFO 57704 --- [           main] o.h.t.schema.internal.SchemaCreatorImpl  : HHH000476: Executing import script 'org.hibernate.tool.schema.internal.exec.ScriptSourceInputNonExistentImpl@58b311ba'
2019-07-30 16:34:09.458  INFO 57704 --- [           main] j.LocalContainerEntityManagerFactoryBean : Initialized JPA EntityManagerFactory for persistence unit 'default'
2019-07-30 16:34:09.873  INFO 57704 --- [           main] .f.a.DubboConfigBindingBeanPostProcessor : The properties of bean [name : org.apache.dubbo.config.ApplicationConfig#0] have been binding by prefix of configuration properties : dubbo.application
2019-07-30 16:34:09.889  INFO 57704 --- [           main] .f.a.DubboConfigBindingBeanPostProcessor : The properties of bean [name : org.apache.dubbo.config.RegistryConfig#0] have been binding by prefix of configuration properties : dubbo.registry
2019-07-30 16:34:09.896  INFO 57704 --- [           main] o.a.d.c.s.b.f.a.ReferenceBeanBuilder     : The bean[type:ReferenceBean] has been built.
2019-07-30 16:34:09.922  WARN 57704 --- [           main] org.apache.dubbo.config.AbstractConfig   :  [DUBBO] There's no valid metadata config found, if you are using the simplified mode of registry url, please make sure you have a metadata address configured properly., dubbo version: 2.7.1, current host: 127.0.0.1
2019-07-30 16:34:10.223  WARN 57704 --- [           main] o.s.w.c.s.GenericWebApplicationContext   : Exception encountered during context initialization - cancelling refresh attempt: org.springframework.beans.factory.BeanCreationException: Error creating bean with name 'bookController': Injection of @org.apache.dubbo.config.annotation.Reference dependencies is failed; nested exception is org.apache.dubbo.rpc.RpcException: Fail to create remoting client for service(dubbo://127.0.0.1:12345/com.bangbang.service.BookService?application=springboot-dubbo-provider&codec=dubbo&default.lazy=false&default.sticky=false&dubbo=2.0.2&heartbeat=60000&interface=com.bangbang.service.BookService&lazy=false&methods=getBookInfo&pid=57704&qos.enable=false&register.ip=127.0.0.1&revision=1.0-SNAPSHOT&side=consumer&sticky=false&timestamp=1564475649922&version=1.0.0): client(url: dubbo://127.0.0.1:12345/com.bangbang.service.BookService?application=springboot-dubbo-provider&codec=dubbo&default.lazy=false&default.sticky=false&dubbo=2.0.2&heartbeat=60000&interface=com.bangbang.service.BookService&lazy=false&methods=getBookInfo&pid=57704&qos.enable=false&register.ip=127.0.0.1&revision=1.0-SNAPSHOT&side=consumer&sticky=false&timestamp=1564475649922&version=1.0.0) failed to connect to server /127.0.0.1:12345, error message is:Connection refused: /127.0.0.1:12345
2019-07-30 16:34:10.223  INFO 57704 --- [           main] j.LocalContainerEntityManagerFactoryBean : Closing JPA EntityManagerFactory for persistence unit 'default'
2019-07-30 16:34:10.226  INFO 57704 --- [           main] com.zaxxer.hikari.HikariDataSource       : HikariPool-1 - Shutdown initiated...
2019-07-30 16:34:10.234  INFO 57704 --- [           main] com.zaxxer.hikari.HikariDataSource       : HikariPool-1 - Shutdown completed.
2019-07-30 16:34:10.235  INFO 57704 --- [           main] f.a.ReferenceAnnotationBeanPostProcessor : class org.apache.dubbo.config.spring.beans.factory.annotation.ReferenceAnnotationBeanPostProcessor was destroying!
2019-07-30 16:34:10.247  INFO 57704 --- [           main] ConditionEvaluationReportLoggingListener : 

Error starting ApplicationContext. To display the conditions report re-run your application with 'debug' enabled.
2019-07-30 16:34:10.256 ERROR 57704 --- [           main] o.s.boot.SpringApplication               : Application run failed

org.springframework.beans.factory.BeanCreationException: Error creating bean with name 'bookController': Injection of @org.apache.dubbo.config.annotation.Reference dependencies is failed; nested exception is org.apache.dubbo.rpc.RpcException: Fail to create remoting client for service(dubbo://127.0.0.1:12345/com.bangbang.service.BookService?application=springboot-dubbo-provider&codec=dubbo&default.lazy=false&default.sticky=false&dubbo=2.0.2&heartbeat=60000&interface=com.bangbang.service.BookService&lazy=false&methods=getBookInfo&pid=57704&qos.enable=false&register.ip=127.0.0.1&revision=1.0-SNAPSHOT&side=consumer&sticky=false&timestamp=1564475649922&version=1.0.0): client(url: dubbo://127.0.0.1:12345/com.bangbang.service.BookService?application=springboot-dubbo-provider&codec=dubbo&default.lazy=false&default.sticky=false&dubbo=2.0.2&heartbeat=60000&interface=com.bangbang.service.BookService&lazy=false&methods=getBookInfo&pid=57704&qos.enable=false&register.ip=127.0.0.1&revision=1.0-SNAPSHOT&side=consumer&sticky=false&timestamp=1564475649922&version=1.0.0) failed to connect to server /127.0.0.1:12345, error message is:Connection refused: /127.0.0.1:12345
	at org.apache.dubbo.config.spring.beans.factory.annotation.AnnotationInjectedBeanPostProcessor.postProcessPropertyValues(AnnotationInjectedBeanPostProcessor.java:133) ~[dubbo-2.7.1.jar:2.7.1]
	at org.springframework.beans.factory.support.AbstractAutowireCapableBeanFactory.populateBean(AbstractAutowireCapableBeanFactory.java:1416) ~[spring-beans-5.1.8.RELEASE.jar:5.1.8.RELEASE]
	at org.springframework.beans.factory.support.AbstractAutowireCapableBeanFactory.doCreateBean(AbstractAutowireCapableBeanFactory.java:592) ~[spring-beans-5.1.8.RELEASE.jar:5.1.8.RELEASE]
	at org.springframework.beans.factory.support.AbstractAutowireCapableBeanFactory.createBean(AbstractAutowireCapableBeanFactory.java:515) ~[spring-beans-5.1.8.RELEASE.jar:5.1.8.RELEASE]
	at org.springframework.beans.factory.support.AbstractBeanFactory.lambda$doGetBean$0(AbstractBeanFactory.java:320) ~[spring-beans-5.1.8.RELEASE.jar:5.1.8.RELEASE]
	at org.springframework.beans.factory.support.DefaultSingletonBeanRegistry.getSingleton(DefaultSingletonBeanRegistry.java:222) ~[spring-beans-5.1.8.RELEASE.jar:5.1.8.RELEASE]
	at org.springframework.beans.factory.support.AbstractBeanFactory.doGetBean(AbstractBeanFactory.java:318) ~[spring-beans-5.1.8.RELEASE.jar:5.1.8.RELEASE]
	at org.springframework.beans.factory.support.AbstractBeanFactory.getBean(AbstractBeanFactory.java:199) ~[spring-beans-5.1.8.RELEASE.jar:5.1.8.RELEASE]
	at org.springframework.beans.factory.support.DefaultListableBeanFactory.preInstantiateSingletons(DefaultListableBeanFactory.java:845) ~[spring-beans-5.1.8.RELEASE.jar:5.1.8.RELEASE]
	at org.springframework.context.support.AbstractApplicationContext.finishBeanFactoryInitialization(AbstractApplicationContext.java:877) ~[spring-context-5.1.8.RELEASE.jar:5.1.8.RELEASE]
	at org.springframework.context.support.AbstractApplicationContext.refresh(AbstractApplicationContext.java:549) ~[spring-context-5.1.8.RELEASE.jar:5.1.8.RELEASE]
	at org.springframework.boot.SpringApplication.refresh(SpringApplication.java:742) ~[spring-boot-2.1.6.RELEASE.jar:2.1.6.RELEASE]
	at org.springframework.boot.SpringApplication.refreshContext(SpringApplication.java:389) ~[spring-boot-2.1.6.RELEASE.jar:2.1.6.RELEASE]
	at org.springframework.boot.SpringApplication.run(SpringApplication.java:311) ~[spring-boot-2.1.6.RELEASE.jar:2.1.6.RELEASE]
	at org.springframework.boot.test.context.SpringBootContextLoader.loadContext(SpringBootContextLoader.java:119) [spring-boot-test-2.1.6.RELEASE.jar:2.1.6.RELEASE]
	at org.springframework.test.context.cache.DefaultCacheAwareContextLoaderDelegate.loadContextInternal(DefaultCacheAwareContextLoaderDelegate.java:99) [spring-test-5.1.8.RELEASE.jar:5.1.8.RELEASE]
	at org.springframework.test.context.cache.DefaultCacheAwareContextLoaderDelegate.loadContext(DefaultCacheAwareContextLoaderDelegate.java:117) [spring-test-5.1.8.RELEASE.jar:5.1.8.RELEASE]
	at org.springframework.test.context.support.DefaultTestContext.getApplicationContext(DefaultTestContext.java:108) [spring-test-5.1.8.RELEASE.jar:5.1.8.RELEASE]
	at org.springframework.test.context.web.ServletTestExecutionListener.setUpRequestContextIfNecessary(ServletTestExecutionListener.java:190) [spring-test-5.1.8.RELEASE.jar:5.1.8.RELEASE]
	at org.springframework.test.context.web.ServletTestExecutionListener.prepareTestInstance(ServletTestExecutionListener.java:132) [spring-test-5.1.8.RELEASE.jar:5.1.8.RELEASE]
	at org.springframework.test.context.TestContextManager.prepareTestInstance(TestContextManager.java:246) [spring-test-5.1.8.RELEASE.jar:5.1.8.RELEASE]
	at org.springframework.test.context.junit4.SpringJUnit4ClassRunner.createTest(SpringJUnit4ClassRunner.java:227) [spring-test-5.1.8.RELEASE.jar:5.1.8.RELEASE]
	at org.springframework.test.context.junit4.SpringJUnit4ClassRunner$1.runReflectiveCall(SpringJUnit4ClassRunner.java:289) [spring-test-5.1.8.RELEASE.jar:5.1.8.RELEASE]
	at org.junit.internal.runners.model.ReflectiveCallable.run(ReflectiveCallable.java:12) [junit-4.12.jar:4.12]
	at org.springframework.test.context.junit4.SpringJUnit4ClassRunner.methodBlock(SpringJUnit4ClassRunner.java:291) [spring-test-5.1.8.RELEASE.jar:5.1.8.RELEASE]
	at org.springframework.test.context.junit4.SpringJUnit4ClassRunner.runChild(SpringJUnit4ClassRunner.java:246) [spring-test-5.1.8.RELEASE.jar:5.1.8.RELEASE]
	at org.springframework.test.context.junit4.SpringJUnit4ClassRunner.runChild(SpringJUnit4ClassRunner.java:97) [spring-test-5.1.8.RELEASE.jar:5.1.8.RELEASE]
	at org.junit.runners.ParentRunner$3.run(ParentRunner.java:290) [junit-4.12.jar:4.12]
	at org.junit.runners.ParentRunner$1.schedule(ParentRunner.java:71) [junit-4.12.jar:4.12]
	at org.junit.runners.ParentRunner.runChildren(ParentRunner.java:288) [junit-4.12.jar:4.12]
	at org.junit.runners.ParentRunner.access$000(ParentRunner.java:58) [junit-4.12.jar:4.12]
	at org.junit.runners.ParentRunner$2.evaluate(ParentRunner.java:268) [junit-4.12.jar:4.12]
	at org.springframework.test.context.junit4.statements.RunBeforeTestClassCallbacks.evaluate(RunBeforeTestClassCallbacks.java:61) [spring-test-5.1.8.RELEASE.jar:5.1.8.RELEASE]
	at org.springframework.test.context.junit4.statements.RunAfterTestClassCallbacks.evaluate(RunAfterTestClassCallbacks.java:70) [spring-test-5.1.8.RELEASE.jar:5.1.8.RELEASE]
	at org.junit.runners.ParentRunner.run(ParentRunner.java:363) [junit-4.12.jar:4.12]
	at org.springframework.test.context.junit4.SpringJUnit4ClassRunner.run(SpringJUnit4ClassRunner.java:190) [spring-test-5.1.8.RELEASE.jar:5.1.8.RELEASE]
	at org.apache.maven.surefire.junit4.JUnit4Provider.execute(JUnit4Provider.java:365) [surefire-junit4-2.22.2.jar:2.22.2]
	at org.apache.maven.surefire.junit4.JUnit4Provider.executeWithRerun(JUnit4Provider.java:273) [surefire-junit4-2.22.2.jar:2.22.2]
	at org.apache.maven.surefire.junit4.JUnit4Provider.executeTestSet(JUnit4Provider.java:238) [surefire-junit4-2.22.2.jar:2.22.2]
	at org.apache.maven.surefire.junit4.JUnit4Provider.invoke(JUnit4Provider.java:159) [surefire-junit4-2.22.2.jar:2.22.2]
	at org.apache.maven.surefire.booter.ForkedBooter.invokeProviderInSameClassLoader(ForkedBooter.java:384) [surefire-booter-2.22.2.jar:2.22.2]
	at org.apache.maven.surefire.booter.ForkedBooter.runSuitesInProcess(ForkedBooter.java:345) [surefire-booter-2.22.2.jar:2.22.2]
	at org.apache.maven.surefire.booter.ForkedBooter.execute(ForkedBooter.java:126) [surefire-booter-2.22.2.jar:2.22.2]
	at org.apache.maven.surefire.booter.ForkedBooter.main(ForkedBooter.java:418) [surefire-booter-2.22.2.jar:2.22.2]
Caused by: org.apache.dubbo.rpc.RpcException: Fail to create remoting client for service(dubbo://127.0.0.1:12345/com.bangbang.service.BookService?application=springboot-dubbo-provider&codec=dubbo&default.lazy=false&default.sticky=false&dubbo=2.0.2&heartbeat=60000&interface=com.bangbang.service.BookService&lazy=false&methods=getBookInfo&pid=57704&qos.enable=false&register.ip=127.0.0.1&revision=1.0-SNAPSHOT&side=consumer&sticky=false&timestamp=1564475649922&version=1.0.0): client(url: dubbo://127.0.0.1:12345/com.bangbang.service.BookService?application=springboot-dubbo-provider&codec=dubbo&default.lazy=false&default.sticky=false&dubbo=2.0.2&heartbeat=60000&interface=com.bangbang.service.BookService&lazy=false&methods=getBookInfo&pid=57704&qos.enable=false&register.ip=127.0.0.1&revision=1.0-SNAPSHOT&side=consumer&sticky=false&timestamp=1564475649922&version=1.0.0) failed to connect to server /127.0.0.1:12345, error message is:Connection refused: /127.0.0.1:12345
	at org.apache.dubbo.rpc.protocol.dubbo.DubboProtocol.initClient(DubboProtocol.java:581) ~[dubbo-2.7.1.jar:2.7.1]
	at org.apache.dubbo.rpc.protocol.dubbo.DubboProtocol.buildReferenceCountExchangeClient(DubboProtocol.java:545) ~[dubbo-2.7.1.jar:2.7.1]
	at org.apache.dubbo.rpc.protocol.dubbo.DubboProtocol.buildReferenceCountExchangeClientList(DubboProtocol.java:532) ~[dubbo-2.7.1.jar:2.7.1]
	at org.apache.dubbo.rpc.protocol.dubbo.DubboProtocol.getSharedClient(DubboProtocol.java:457) ~[dubbo-2.7.1.jar:2.7.1]
	at org.apache.dubbo.rpc.protocol.dubbo.DubboProtocol.getClients(DubboProtocol.java:412) ~[dubbo-2.7.1.jar:2.7.1]
	at org.apache.dubbo.rpc.protocol.dubbo.DubboProtocol.refer(DubboProtocol.java:389) ~[dubbo-2.7.1.jar:2.7.1]
	at org.apache.dubbo.qos.protocol.QosProtocolWrapper.refer(QosProtocolWrapper.java:72) ~[dubbo-2.7.1.jar:2.7.1]
	at org.apache.dubbo.rpc.protocol.ProtocolFilterWrapper.refer(ProtocolFilterWrapper.java:116) ~[dubbo-2.7.1.jar:2.7.1]
	at org.apache.dubbo.rpc.protocol.ProtocolListenerWrapper.refer(ProtocolListenerWrapper.java:67) ~[dubbo-2.7.1.jar:2.7.1]
	at org.apache.dubbo.rpc.Protocol$Adaptive.refer(Protocol$Adaptive.java) ~[dubbo-2.7.1.jar:2.7.1]
	at org.apache.dubbo.config.ReferenceConfig.createProxy(ReferenceConfig.java:366) ~[dubbo-2.7.1.jar:2.7.1]
	at org.apache.dubbo.config.ReferenceConfig.init(ReferenceConfig.java:305) ~[dubbo-2.7.1.jar:2.7.1]
	at org.apache.dubbo.config.ReferenceConfig.get(ReferenceConfig.java:231) ~[dubbo-2.7.1.jar:2.7.1]
	at org.apache.dubbo.config.spring.beans.factory.annotation.ReferenceAnnotationBeanPostProcessor$ReferenceBeanInvocationHandler.init(ReferenceAnnotationBeanPostProcessor.java:174) ~[dubbo-2.7.1.jar:2.7.1]
	at org.apache.dubbo.config.spring.beans.factory.annotation.ReferenceAnnotationBeanPostProcessor$ReferenceBeanInvocationHandler.access$100(ReferenceAnnotationBeanPostProcessor.java:147) ~[dubbo-2.7.1.jar:2.7.1]
	at org.apache.dubbo.config.spring.beans.factory.annotation.ReferenceAnnotationBeanPostProcessor.buildInvocationHandler(ReferenceAnnotationBeanPostProcessor.java:141) ~[dubbo-2.7.1.jar:2.7.1]
	at org.apache.dubbo.config.spring.beans.factory.annotation.ReferenceAnnotationBeanPostProcessor.buildProxy(ReferenceAnnotationBeanPostProcessor.java:123) ~[dubbo-2.7.1.jar:2.7.1]
	at org.apache.dubbo.config.spring.beans.factory.annotation.ReferenceAnnotationBeanPostProcessor.doGetInjectedBean(ReferenceAnnotationBeanPostProcessor.java:117) ~[dubbo-2.7.1.jar:2.7.1]
	at org.apache.dubbo.config.spring.beans.factory.annotation.ReferenceAnnotationBeanPostProcessor.doGetInjectedBean(ReferenceAnnotationBeanPostProcessor.java:50) ~[dubbo-2.7.1.jar:2.7.1]
	at org.apache.dubbo.config.spring.beans.factory.annotation.AnnotationInjectedBeanPostProcessor.getInjectedObject(AnnotationInjectedBeanPostProcessor.java:342) ~[dubbo-2.7.1.jar:2.7.1]
	at org.apache.dubbo.config.spring.beans.factory.annotation.AnnotationInjectedBeanPostProcessor$AnnotatedFieldElement.inject(AnnotationInjectedBeanPostProcessor.java:522) ~[dubbo-2.7.1.jar:2.7.1]
	at org.springframework.beans.factory.annotation.InjectionMetadata.inject(InjectionMetadata.java:90) ~[spring-beans-5.1.8.RELEASE.jar:5.1.8.RELEASE]
	at org.apache.dubbo.config.spring.beans.factory.annotation.AnnotationInjectedBeanPostProcessor.postProcessPropertyValues(AnnotationInjectedBeanPostProcessor.java:129) ~[dubbo-2.7.1.jar:2.7.1]
	... 43 common frames omitted
Caused by: org.apache.dubbo.remoting.RemotingException: client(url: dubbo://127.0.0.1:12345/com.bangbang.service.BookService?application=springboot-dubbo-provider&codec=dubbo&default.lazy=false&default.sticky=false&dubbo=2.0.2&heartbeat=60000&interface=com.bangbang.service.BookService&lazy=false&methods=getBookInfo&pid=57704&qos.enable=false&register.ip=127.0.0.1&revision=1.0-SNAPSHOT&side=consumer&sticky=false&timestamp=1564475649922&version=1.0.0) failed to connect to server /127.0.0.1:12345, error message is:Connection refused: /127.0.0.1:12345
	at org.apache.dubbo.remoting.transport.netty4.NettyClient.doConnect(NettyClient.java:131) ~[dubbo-2.7.1.jar:2.7.1]
	at org.apache.dubbo.remoting.transport.AbstractClient.connect(AbstractClient.java:186) ~[dubbo-2.7.1.jar:2.7.1]
	at org.apache.dubbo.remoting.transport.AbstractClient.<init>(AbstractClient.java:65) ~[dubbo-2.7.1.jar:2.7.1]
	at org.apache.dubbo.remoting.transport.netty4.NettyClient.<init>(NettyClient.java:57) ~[dubbo-2.7.1.jar:2.7.1]
	at org.apache.dubbo.remoting.transport.netty4.NettyTransporter.connect(NettyTransporter.java:37) ~[dubbo-2.7.1.jar:2.7.1]
	at org.apache.dubbo.remoting.Transporter$Adaptive.connect(Transporter$Adaptive.java) ~[dubbo-2.7.1.jar:2.7.1]
	at org.apache.dubbo.remoting.Transporters.connect(Transporters.java:75) ~[dubbo-2.7.1.jar:2.7.1]
	at org.apache.dubbo.remoting.exchange.support.header.HeaderExchanger.connect(HeaderExchanger.java:39) ~[dubbo-2.7.1.jar:2.7.1]
	at org.apache.dubbo.remoting.exchange.Exchangers.connect(Exchangers.java:109) ~[dubbo-2.7.1.jar:2.7.1]
	at org.apache.dubbo.rpc.protocol.dubbo.DubboProtocol.initClient(DubboProtocol.java:577) ~[dubbo-2.7.1.jar:2.7.1]
	... 65 common frames omitted
Caused by: io.netty.channel.AbstractChannel$AnnotatedConnectException: Connection refused: /127.0.0.1:12345
	at sun.nio.ch.SocketChannelImpl.checkConnect(Native Method) ~[na:1.8.0_131]
	at sun.nio.ch.SocketChannelImpl.finishConnect(SocketChannelImpl.java:717) ~[na:1.8.0_131]
	at io.netty.channel.socket.nio.NioSocketChannel.doFinishConnect(NioSocketChannel.java:327) ~[netty-all-4.1.36.Final.jar:4.1.36.Final]
	at io.netty.channel.nio.AbstractNioChannel$AbstractNioUnsafe.finishConnect(AbstractNioChannel.java:340) ~[netty-all-4.1.36.Final.jar:4.1.36.Final]
	at io.netty.channel.nio.NioEventLoop.processSelectedKey(NioEventLoop.java:670) ~[netty-all-4.1.36.Final.jar:4.1.36.Final]
	at io.netty.channel.nio.NioEventLoop.processSelectedKeysOptimized(NioEventLoop.java:617) ~[netty-all-4.1.36.Final.jar:4.1.36.Final]
	at io.netty.channel.nio.NioEventLoop.processSelectedKeys(NioEventLoop.java:534) ~[netty-all-4.1.36.Final.jar:4.1.36.Final]
	at io.netty.channel.nio.NioEventLoop.run(NioEventLoop.java:496) ~[netty-all-4.1.36.Final.jar:4.1.36.Final]
	at io.netty.util.concurrent.SingleThreadEventExecutor$5.run(SingleThreadEventExecutor.java:906) ~[netty-all-4.1.36.Final.jar:4.1.36.Final]
	at io.netty.util.internal.ThreadExecutorMap$2.run(ThreadExecutorMap.java:74) ~[netty-all-4.1.36.Final.jar:4.1.36.Final]
	at io.netty.util.concurrent.FastThreadLocalRunnable.run(FastThreadLocalRunnable.java:30) ~[netty-all-4.1.36.Final.jar:4.1.36.Final]
	at java.lang.Thread.run(Thread.java:748) ~[na:1.8.0_131]
Caused by: java.net.ConnectException: Connection refused
	... 12 common frames omitted

2019-07-30 16:34:10.259 ERROR 57704 --- [           main] o.s.test.context.TestContextManager      : Caught exception while allowing TestExecutionListener [org.springframework.test.context.web.ServletTestExecutionListener@79079097] to prepare test instance [com.bangbang.controller.BookControllerTest@72fb989b]

java.lang.IllegalStateException: Failed to load ApplicationContext
	at org.springframework.test.context.cache.DefaultCacheAwareContextLoaderDelegate.loadContext(DefaultCacheAwareContextLoaderDelegate.java:125) ~[spring-test-5.1.8.RELEASE.jar:5.1.8.RELEASE]
	at org.springframework.test.context.support.DefaultTestContext.getApplicationContext(DefaultTestContext.java:108) ~[spring-test-5.1.8.RELEASE.jar:5.1.8.RELEASE]
	at org.springframework.test.context.web.ServletTestExecutionListener.setUpRequestContextIfNecessary(ServletTestExecutionListener.java:190) ~[spring-test-5.1.8.RELEASE.jar:5.1.8.RELEASE]
	at org.springframework.test.context.web.ServletTestExecutionListener.prepareTestInstance(ServletTestExecutionListener.java:132) ~[spring-test-5.1.8.RELEASE.jar:5.1.8.RELEASE]
	at org.springframework.test.context.TestContextManager.prepareTestInstance(TestContextManager.java:246) ~[spring-test-5.1.8.RELEASE.jar:5.1.8.RELEASE]
	at org.springframework.test.context.junit4.SpringJUnit4ClassRunner.createTest(SpringJUnit4ClassRunner.java:227) [spring-test-5.1.8.RELEASE.jar:5.1.8.RELEASE]
	at org.springframework.test.context.junit4.SpringJUnit4ClassRunner$1.runReflectiveCall(SpringJUnit4ClassRunner.java:289) [spring-test-5.1.8.RELEASE.jar:5.1.8.RELEASE]
	at org.junit.internal.runners.model.ReflectiveCallable.run(ReflectiveCallable.java:12) [junit-4.12.jar:4.12]
	at org.springframework.test.context.junit4.SpringJUnit4ClassRunner.methodBlock(SpringJUnit4ClassRunner.java:291) [spring-test-5.1.8.RELEASE.jar:5.1.8.RELEASE]
	at org.springframework.test.context.junit4.SpringJUnit4ClassRunner.runChild(SpringJUnit4ClassRunner.java:246) [spring-test-5.1.8.RELEASE.jar:5.1.8.RELEASE]
	at org.springframework.test.context.junit4.SpringJUnit4ClassRunner.runChild(SpringJUnit4ClassRunner.java:97) [spring-test-5.1.8.RELEASE.jar:5.1.8.RELEASE]
	at org.junit.runners.ParentRunner$3.run(ParentRunner.java:290) [junit-4.12.jar:4.12]
	at org.junit.runners.ParentRunner$1.schedule(ParentRunner.java:71) [junit-4.12.jar:4.12]
	at org.junit.runners.ParentRunner.runChildren(ParentRunner.java:288) [junit-4.12.jar:4.12]
	at org.junit.runners.ParentRunner.access$000(ParentRunner.java:58) [junit-4.12.jar:4.12]
	at org.junit.runners.ParentRunner$2.evaluate(ParentRunner.java:268) [junit-4.12.jar:4.12]
	at org.springframework.test.context.junit4.statements.RunBeforeTestClassCallbacks.evaluate(RunBeforeTestClassCallbacks.java:61) [spring-test-5.1.8.RELEASE.jar:5.1.8.RELEASE]
	at org.springframework.test.context.junit4.statements.RunAfterTestClassCallbacks.evaluate(RunAfterTestClassCallbacks.java:70) [spring-test-5.1.8.RELEASE.jar:5.1.8.RELEASE]
	at org.junit.runners.ParentRunner.run(ParentRunner.java:363) [junit-4.12.jar:4.12]
	at org.springframework.test.context.junit4.SpringJUnit4ClassRunner.run(SpringJUnit4ClassRunner.java:190) [spring-test-5.1.8.RELEASE.jar:5.1.8.RELEASE]
	at org.apache.maven.surefire.junit4.JUnit4Provider.execute(JUnit4Provider.java:365) [surefire-junit4-2.22.2.jar:2.22.2]
	at org.apache.maven.surefire.junit4.JUnit4Provider.executeWithRerun(JUnit4Provider.java:273) [surefire-junit4-2.22.2.jar:2.22.2]
	at org.apache.maven.surefire.junit4.JUnit4Provider.executeTestSet(JUnit4Provider.java:238) [surefire-junit4-2.22.2.jar:2.22.2]
	at org.apache.maven.surefire.junit4.JUnit4Provider.invoke(JUnit4Provider.java:159) [surefire-junit4-2.22.2.jar:2.22.2]
	at org.apache.maven.surefire.booter.ForkedBooter.invokeProviderInSameClassLoader(ForkedBooter.java:384) [surefire-booter-2.22.2.jar:2.22.2]
	at org.apache.maven.surefire.booter.ForkedBooter.runSuitesInProcess(ForkedBooter.java:345) [surefire-booter-2.22.2.jar:2.22.2]
	at org.apache.maven.surefire.booter.ForkedBooter.execute(ForkedBooter.java:126) [surefire-booter-2.22.2.jar:2.22.2]
	at org.apache.maven.surefire.booter.ForkedBooter.main(ForkedBooter.java:418) [surefire-booter-2.22.2.jar:2.22.2]
Caused by: org.springframework.beans.factory.BeanCreationException: Error creating bean with name 'bookController': Injection of @org.apache.dubbo.config.annotation.Reference dependencies is failed; nested exception is org.apache.dubbo.rpc.RpcException: Fail to create remoting client for service(dubbo://127.0.0.1:12345/com.bangbang.service.BookService?application=springboot-dubbo-provider&codec=dubbo&default.lazy=false&default.sticky=false&dubbo=2.0.2&heartbeat=60000&interface=com.bangbang.service.BookService&lazy=false&methods=getBookInfo&pid=57704&qos.enable=false&register.ip=127.0.0.1&revision=1.0-SNAPSHOT&side=consumer&sticky=false&timestamp=1564475649922&version=1.0.0): client(url: dubbo://127.0.0.1:12345/com.bangbang.service.BookService?application=springboot-dubbo-provider&codec=dubbo&default.lazy=false&default.sticky=false&dubbo=2.0.2&heartbeat=60000&interface=com.bangbang.service.BookService&lazy=false&methods=getBookInfo&pid=57704&qos.enable=false&register.ip=127.0.0.1&revision=1.0-SNAPSHOT&side=consumer&sticky=false&timestamp=1564475649922&version=1.0.0) failed to connect to server /127.0.0.1:12345, error message is:Connection refused: /127.0.0.1:12345
	at org.apache.dubbo.config.spring.beans.factory.annotation.AnnotationInjectedBeanPostProcessor.postProcessPropertyValues(AnnotationInjectedBeanPostProcessor.java:133) ~[dubbo-2.7.1.jar:2.7.1]
	at org.springframework.beans.factory.support.AbstractAutowireCapableBeanFactory.populateBean(AbstractAutowireCapableBeanFactory.java:1416) ~[spring-beans-5.1.8.RELEASE.jar:5.1.8.RELEASE]
	at org.springframework.beans.factory.support.AbstractAutowireCapableBeanFactory.doCreateBean(AbstractAutowireCapableBeanFactory.java:592) ~[spring-beans-5.1.8.RELEASE.jar:5.1.8.RELEASE]
	at org.springframework.beans.factory.support.AbstractAutowireCapableBeanFactory.createBean(AbstractAutowireCapableBeanFactory.java:515) ~[spring-beans-5.1.8.RELEASE.jar:5.1.8.RELEASE]
	at org.springframework.beans.factory.support.AbstractBeanFactory.lambda$doGetBean$0(AbstractBeanFactory.java:320) ~[spring-beans-5.1.8.RELEASE.jar:5.1.8.RELEASE]
	at org.springframework.beans.factory.support.DefaultSingletonBeanRegistry.getSingleton(DefaultSingletonBeanRegistry.java:222) ~[spring-beans-5.1.8.RELEASE.jar:5.1.8.RELEASE]
	at org.springframework.beans.factory.support.AbstractBeanFactory.doGetBean(AbstractBeanFactory.java:318) ~[spring-beans-5.1.8.RELEASE.jar:5.1.8.RELEASE]
	at org.springframework.beans.factory.support.AbstractBeanFactory.getBean(AbstractBeanFactory.java:199) ~[spring-beans-5.1.8.RELEASE.jar:5.1.8.RELEASE]
	at org.springframework.beans.factory.support.DefaultListableBeanFactory.preInstantiateSingletons(DefaultListableBeanFactory.java:845) ~[spring-beans-5.1.8.RELEASE.jar:5.1.8.RELEASE]
	at org.springframework.context.support.AbstractApplicationContext.finishBeanFactoryInitialization(AbstractApplicationContext.java:877) ~[spring-context-5.1.8.RELEASE.jar:5.1.8.RELEASE]
	at org.springframework.context.support.AbstractApplicationContext.refresh(AbstractApplicationContext.java:549) ~[spring-context-5.1.8.RELEASE.jar:5.1.8.RELEASE]
	at org.springframework.boot.SpringApplication.refresh(SpringApplication.java:742) ~[spring-boot-2.1.6.RELEASE.jar:2.1.6.RELEASE]
	at org.springframework.boot.SpringApplication.refreshContext(SpringApplication.java:389) ~[spring-boot-2.1.6.RELEASE.jar:2.1.6.RELEASE]
	at org.springframework.boot.SpringApplication.run(SpringApplication.java:311) ~[spring-boot-2.1.6.RELEASE.jar:2.1.6.RELEASE]
	at org.springframework.boot.test.context.SpringBootContextLoader.loadContext(SpringBootContextLoader.java:119) ~[spring-boot-test-2.1.6.RELEASE.jar:2.1.6.RELEASE]
	at org.springframework.test.context.cache.DefaultCacheAwareContextLoaderDelegate.loadContextInternal(DefaultCacheAwareContextLoaderDelegate.java:99) ~[spring-test-5.1.8.RELEASE.jar:5.1.8.RELEASE]
	at org.springframework.test.context.cache.DefaultCacheAwareContextLoaderDelegate.loadContext(DefaultCacheAwareContextLoaderDelegate.java:117) ~[spring-test-5.1.8.RELEASE.jar:5.1.8.RELEASE]
	... 27 common frames omitted
Caused by: org.apache.dubbo.rpc.RpcException: Fail to create remoting client for service(dubbo://127.0.0.1:12345/com.bangbang.service.BookService?application=springboot-dubbo-provider&codec=dubbo&default.lazy=false&default.sticky=false&dubbo=2.0.2&heartbeat=60000&interface=com.bangbang.service.BookService&lazy=false&methods=getBookInfo&pid=57704&qos.enable=false&register.ip=127.0.0.1&revision=1.0-SNAPSHOT&side=consumer&sticky=false&timestamp=1564475649922&version=1.0.0): client(url: dubbo://127.0.0.1:12345/com.bangbang.service.BookService?application=springboot-dubbo-provider&codec=dubbo&default.lazy=false&default.sticky=false&dubbo=2.0.2&heartbeat=60000&interface=com.bangbang.service.BookService&lazy=false&methods=getBookInfo&pid=57704&qos.enable=false&register.ip=127.0.0.1&revision=1.0-SNAPSHOT&side=consumer&sticky=false&timestamp=1564475649922&version=1.0.0) failed to connect to server /127.0.0.1:12345, error message is:Connection refused: /127.0.0.1:12345
	at org.apache.dubbo.rpc.protocol.dubbo.DubboProtocol.initClient(DubboProtocol.java:581) ~[dubbo-2.7.1.jar:2.7.1]
	at org.apache.dubbo.rpc.protocol.dubbo.DubboProtocol.buildReferenceCountExchangeClient(DubboProtocol.java:545) ~[dubbo-2.7.1.jar:2.7.1]
	at org.apache.dubbo.rpc.protocol.dubbo.DubboProtocol.buildReferenceCountExchangeClientList(DubboProtocol.java:532) ~[dubbo-2.7.1.jar:2.7.1]
	at org.apache.dubbo.rpc.protocol.dubbo.DubboProtocol.getSharedClient(DubboProtocol.java:457) ~[dubbo-2.7.1.jar:2.7.1]
	at org.apache.dubbo.rpc.protocol.dubbo.DubboProtocol.getClients(DubboProtocol.java:412) ~[dubbo-2.7.1.jar:2.7.1]
	at org.apache.dubbo.rpc.protocol.dubbo.DubboProtocol.refer(DubboProtocol.java:389) ~[dubbo-2.7.1.jar:2.7.1]
	at org.apache.dubbo.qos.protocol.QosProtocolWrapper.refer(QosProtocolWrapper.java:72) ~[dubbo-2.7.1.jar:2.7.1]
	at org.apache.dubbo.rpc.protocol.ProtocolFilterWrapper.refer(ProtocolFilterWrapper.java:116) ~[dubbo-2.7.1.jar:2.7.1]
	at org.apache.dubbo.rpc.protocol.ProtocolListenerWrapper.refer(ProtocolListenerWrapper.java:67) ~[dubbo-2.7.1.jar:2.7.1]
	at org.apache.dubbo.rpc.Protocol$Adaptive.refer(Protocol$Adaptive.java) ~[dubbo-2.7.1.jar:2.7.1]
	at org.apache.dubbo.config.ReferenceConfig.createProxy(ReferenceConfig.java:366) ~[dubbo-2.7.1.jar:2.7.1]
	at org.apache.dubbo.config.ReferenceConfig.init(ReferenceConfig.java:305) ~[dubbo-2.7.1.jar:2.7.1]
	at org.apache.dubbo.config.ReferenceConfig.get(ReferenceConfig.java:231) ~[dubbo-2.7.1.jar:2.7.1]
	at org.apache.dubbo.config.spring.beans.factory.annotation.ReferenceAnnotationBeanPostProcessor$ReferenceBeanInvocationHandler.init(ReferenceAnnotationBeanPostProcessor.java:174) ~[dubbo-2.7.1.jar:2.7.1]
	at org.apache.dubbo.config.spring.beans.factory.annotation.ReferenceAnnotationBeanPostProcessor$ReferenceBeanInvocationHandler.access$100(ReferenceAnnotationBeanPostProcessor.java:147) ~[dubbo-2.7.1.jar:2.7.1]
	at org.apache.dubbo.config.spring.beans.factory.annotation.ReferenceAnnotationBeanPostProcessor.buildInvocationHandler(ReferenceAnnotationBeanPostProcessor.java:141) ~[dubbo-2.7.1.jar:2.7.1]
	at org.apache.dubbo.config.spring.beans.factory.annotation.ReferenceAnnotationBeanPostProcessor.buildProxy(ReferenceAnnotationBeanPostProcessor.java:123) ~[dubbo-2.7.1.jar:2.7.1]
	at org.apache.dubbo.config.spring.beans.factory.annotation.ReferenceAnnotationBeanPostProcessor.doGetInjectedBean(ReferenceAnnotationBeanPostProcessor.java:117) ~[dubbo-2.7.1.jar:2.7.1]
	at org.apache.dubbo.config.spring.beans.factory.annotation.ReferenceAnnotationBeanPostProcessor.doGetInjectedBean(ReferenceAnnotationBeanPostProcessor.java:50) ~[dubbo-2.7.1.jar:2.7.1]
	at org.apache.dubbo.config.spring.beans.factory.annotation.AnnotationInjectedBeanPostProcessor.getInjectedObject(AnnotationInjectedBeanPostProcessor.java:342) ~[dubbo-2.7.1.jar:2.7.1]
	at org.apache.dubbo.config.spring.beans.factory.annotation.AnnotationInjectedBeanPostProcessor$AnnotatedFieldElement.inject(AnnotationInjectedBeanPostProcessor.java:522) ~[dubbo-2.7.1.jar:2.7.1]
	at org.springframework.beans.factory.annotation.InjectionMetadata.inject(InjectionMetadata.java:90) ~[spring-beans-5.1.8.RELEASE.jar:5.1.8.RELEASE]
	at org.apache.dubbo.config.spring.beans.factory.annotation.AnnotationInjectedBeanPostProcessor.postProcessPropertyValues(AnnotationInjectedBeanPostProcessor.java:129) ~[dubbo-2.7.1.jar:2.7.1]
	... 43 common frames omitted
Caused by: org.apache.dubbo.remoting.RemotingException: client(url: dubbo://127.0.0.1:12345/com.bangbang.service.BookService?application=springboot-dubbo-provider&codec=dubbo&default.lazy=false&default.sticky=false&dubbo=2.0.2&heartbeat=60000&interface=com.bangbang.service.BookService&lazy=false&methods=getBookInfo&pid=57704&qos.enable=false&register.ip=127.0.0.1&revision=1.0-SNAPSHOT&side=consumer&sticky=false&timestamp=1564475649922&version=1.0.0) failed to connect to server /127.0.0.1:12345, error message is:Connection refused: /127.0.0.1:12345
	at org.apache.dubbo.remoting.transport.netty4.NettyClient.doConnect(NettyClient.java:131) ~[dubbo-2.7.1.jar:2.7.1]
	at org.apache.dubbo.remoting.transport.AbstractClient.connect(AbstractClient.java:186) ~[dubbo-2.7.1.jar:2.7.1]
	at org.apache.dubbo.remoting.transport.AbstractClient.<init>(AbstractClient.java:65) ~[dubbo-2.7.1.jar:2.7.1]
	at org.apache.dubbo.remoting.transport.netty4.NettyClient.<init>(NettyClient.java:57) ~[dubbo-2.7.1.jar:2.7.1]
	at org.apache.dubbo.remoting.transport.netty4.NettyTransporter.connect(NettyTransporter.java:37) ~[dubbo-2.7.1.jar:2.7.1]
	at org.apache.dubbo.remoting.Transporter$Adaptive.connect(Transporter$Adaptive.java) ~[dubbo-2.7.1.jar:2.7.1]
	at org.apache.dubbo.remoting.Transporters.connect(Transporters.java:75) ~[dubbo-2.7.1.jar:2.7.1]
	at org.apache.dubbo.remoting.exchange.support.header.HeaderExchanger.connect(HeaderExchanger.java:39) ~[dubbo-2.7.1.jar:2.7.1]
	at org.apache.dubbo.remoting.exchange.Exchangers.connect(Exchangers.java:109) ~[dubbo-2.7.1.jar:2.7.1]
	at org.apache.dubbo.rpc.protocol.dubbo.DubboProtocol.initClient(DubboProtocol.java:577) ~[dubbo-2.7.1.jar:2.7.1]
	... 65 common frames omitted
Caused by: io.netty.channel.AbstractChannel$AnnotatedConnectException: Connection refused: /127.0.0.1:12345
	at sun.nio.ch.SocketChannelImpl.checkConnect(Native Method) ~[na:1.8.0_131]
	at sun.nio.ch.SocketChannelImpl.finishConnect(SocketChannelImpl.java:717) ~[na:1.8.0_131]
	at io.netty.channel.socket.nio.NioSocketChannel.doFinishConnect(NioSocketChannel.java:327) ~[netty-all-4.1.36.Final.jar:4.1.36.Final]
	at io.netty.channel.nio.AbstractNioChannel$AbstractNioUnsafe.finishConnect(AbstractNioChannel.java:340) ~[netty-all-4.1.36.Final.jar:4.1.36.Final]
	at io.netty.channel.nio.NioEventLoop.processSelectedKey(NioEventLoop.java:670) ~[netty-all-4.1.36.Final.jar:4.1.36.Final]
	at io.netty.channel.nio.NioEventLoop.processSelectedKeysOptimized(NioEventLoop.java:617) ~[netty-all-4.1.36.Final.jar:4.1.36.Final]
	at io.netty.channel.nio.NioEventLoop.processSelectedKeys(NioEventLoop.java:534) ~[netty-all-4.1.36.Final.jar:4.1.36.Final]
	at io.netty.channel.nio.NioEventLoop.run(NioEventLoop.java:496) ~[netty-all-4.1.36.Final.jar:4.1.36.Final]
	at io.netty.util.concurrent.SingleThreadEventExecutor$5.run(SingleThreadEventExecutor.java:906) ~[netty-all-4.1.36.Final.jar:4.1.36.Final]
	at io.netty.util.internal.ThreadExecutorMap$2.run(ThreadExecutorMap.java:74) ~[netty-all-4.1.36.Final.jar:4.1.36.Final]
	at io.netty.util.concurrent.FastThreadLocalRunnable.run(FastThreadLocalRunnable.java:30) ~[netty-all-4.1.36.Final.jar:4.1.36.Final]
	at java.lang.Thread.run(Thread.java:748) ~[na:1.8.0_131]
Caused by: java.net.ConnectException: Connection refused
	... 12 common frames omitted

2019-07-30 16:34:10.284  WARN 57704 --- [      Finalizer] org.apache.dubbo.config.AbstractConfig   :  [DUBBO] ReferenceConfig(dubbo://127.0.0.1:12345) is not DESTROYED when FINALIZE, dubbo version: 2.7.1, current host: 127.0.0.1
]]></system-out>
  </testcase>
  <testcase name="whenQuerySuccess" classname="com.bangbang.controller.BookControllerTest" time="0">
    <error message="Failed to load ApplicationContext" type="java.lang.IllegalStateException"><![CDATA[java.lang.IllegalStateException: Failed to load ApplicationContext
Caused by: org.springframework.beans.factory.BeanCreationException: Error creating bean with name 'bookController': Injection of @org.apache.dubbo.config.annotation.Reference dependencies is failed; nested exception is org.apache.dubbo.rpc.RpcException: Fail to create remoting client for service(dubbo://127.0.0.1:12345/com.bangbang.service.BookService?application=springboot-dubbo-provider&codec=dubbo&default.lazy=false&default.sticky=false&dubbo=2.0.2&heartbeat=60000&interface=com.bangbang.service.BookService&lazy=false&methods=getBookInfo&pid=57704&qos.enable=false&register.ip=127.0.0.1&revision=1.0-SNAPSHOT&side=consumer&sticky=false&timestamp=1564475651210&version=1.0.0): client(url: dubbo://127.0.0.1:12345/com.bangbang.service.BookService?application=springboot-dubbo-provider&codec=dubbo&default.lazy=false&default.sticky=false&dubbo=2.0.2&heartbeat=60000&interface=com.bangbang.service.BookService&lazy=false&methods=getBookInfo&pid=57704&qos.enable=false&register.ip=127.0.0.1&revision=1.0-SNAPSHOT&side=consumer&sticky=false&timestamp=1564475651210&version=1.0.0) failed to connect to server /127.0.0.1:12345, error message is:Connection refused: /127.0.0.1:12345
Caused by: org.apache.dubbo.rpc.RpcException: Fail to create remoting client for service(dubbo://127.0.0.1:12345/com.bangbang.service.BookService?application=springboot-dubbo-provider&codec=dubbo&default.lazy=false&default.sticky=false&dubbo=2.0.2&heartbeat=60000&interface=com.bangbang.service.BookService&lazy=false&methods=getBookInfo&pid=57704&qos.enable=false&register.ip=127.0.0.1&revision=1.0-SNAPSHOT&side=consumer&sticky=false&timestamp=1564475651210&version=1.0.0): client(url: dubbo://127.0.0.1:12345/com.bangbang.service.BookService?application=springboot-dubbo-provider&codec=dubbo&default.lazy=false&default.sticky=false&dubbo=2.0.2&heartbeat=60000&interface=com.bangbang.service.BookService&lazy=false&methods=getBookInfo&pid=57704&qos.enable=false&register.ip=127.0.0.1&revision=1.0-SNAPSHOT&side=consumer&sticky=false&timestamp=1564475651210&version=1.0.0) failed to connect to server /127.0.0.1:12345, error message is:Connection refused: /127.0.0.1:12345
Caused by: org.apache.dubbo.remoting.RemotingException: client(url: dubbo://127.0.0.1:12345/com.bangbang.service.BookService?application=springboot-dubbo-provider&codec=dubbo&default.lazy=false&default.sticky=false&dubbo=2.0.2&heartbeat=60000&interface=com.bangbang.service.BookService&lazy=false&methods=getBookInfo&pid=57704&qos.enable=false&register.ip=127.0.0.1&revision=1.0-SNAPSHOT&side=consumer&sticky=false&timestamp=1564475651210&version=1.0.0) failed to connect to server /127.0.0.1:12345, error message is:Connection refused: /127.0.0.1:12345
Caused by: io.netty.channel.AbstractChannel$AnnotatedConnectException: Connection refused: /127.0.0.1:12345
Caused by: java.net.ConnectException: Connection refused
]]></error>
    <system-out><![CDATA[2019-07-30 16:34:10.312  INFO 57704 --- [           main] e.OverrideDubboConfigApplicationListener : Dubbo Config was overridden by externalized configuration {dubbo.application.name=springboot-dubbo-provider, dubbo.application.qos-enable=false, dubbo.config.multiple=true, dubbo.registry.address=multicast://224.5.6.7:1234}

  .   ____          _            __ _ _
 /\\ / ___'_ __ _ _(_)_ __  __ _ \ \ \ \
( ( )\___ | '_ | '_| | '_ \/ _` | \ \ \ \
 \\/  ___)| |_)| | | | | || (_| |  ) ) ) )
  '  |____| .__|_| |_|_| |_\__, | / / / /
 =========|_|==============|___/=/_/_/_/
 :: Spring Boot ::        (v2.1.6.RELEASE)

2019-07-30 16:34:10.320  INFO 57704 --- [           main] c.b.controller.BookControllerTest        : Starting BookControllerTest on GaoMac with PID 57704 (started by gao in /Users/gao/my_code_trunk/bookshop/bookshop-web)
2019-07-30 16:34:10.320  INFO 57704 --- [           main] c.b.controller.BookControllerTest        : No active profile set, falling back to default profiles: default
2019-07-30 16:34:10.684  INFO 57704 --- [           main] .a.d.c.s.c.a.DubboConfigBindingRegistrar : The dubbo config bean definition [name : org.apache.dubbo.config.ApplicationConfig#0, class : org.apache.dubbo.config.ApplicationConfig] has been registered.
2019-07-30 16:34:10.684  INFO 57704 --- [           main] .a.d.c.s.c.a.DubboConfigBindingRegistrar : The BeanPostProcessor bean definition [org.apache.dubbo.config.spring.beans.factory.annotation.DubboConfigBindingBeanPostProcessor] for dubbo config bean [name : org.apache.dubbo.config.ApplicationConfig#0] has been registered.
2019-07-30 16:34:10.684  INFO 57704 --- [           main] .a.d.c.s.c.a.DubboConfigBindingRegistrar : The dubbo config bean definition [name : org.apache.dubbo.config.RegistryConfig#0, class : org.apache.dubbo.config.RegistryConfig] has been registered.
2019-07-30 16:34:10.684  INFO 57704 --- [           main] .a.d.c.s.c.a.DubboConfigBindingRegistrar : The BeanPostProcessor bean definition [org.apache.dubbo.config.spring.beans.factory.annotation.DubboConfigBindingBeanPostProcessor] for dubbo config bean [name : org.apache.dubbo.config.RegistryConfig#0] has been registered.
2019-07-30 16:34:10.696  INFO 57704 --- [           main] .s.d.r.c.RepositoryConfigurationDelegate : Bootstrapping Spring Data repositories in DEFAULT mode.
2019-07-30 16:34:10.703  INFO 57704 --- [           main] .s.d.r.c.RepositoryConfigurationDelegate : Finished Spring Data repository scanning in 7ms. Found 0 repository interfaces.
2019-07-30 16:34:10.758  INFO 57704 --- [           main] trationDelegate$BeanPostProcessorChecker : Bean 'org.apache.dubbo.spring.boot.autoconfigure.DubboAutoConfiguration' of type [org.apache.dubbo.spring.boot.autoconfigure.DubboAutoConfiguration$$EnhancerBySpringCGLIB$$2ac7514f] is not eligible for getting processed by all BeanPostProcessors (for example: not eligible for auto-proxying)
2019-07-30 16:34:10.811  INFO 57704 --- [           main] trationDelegate$BeanPostProcessorChecker : Bean 'org.springframework.transaction.annotation.ProxyTransactionManagementConfiguration' of type [org.springframework.transaction.annotation.ProxyTransactionManagementConfiguration$$EnhancerBySpringCGLIB$$fcd327e9] is not eligible for getting processed by all BeanPostProcessors (for example: not eligible for auto-proxying)
2019-07-30 16:34:10.837  INFO 57704 --- [           main] trationDelegate$BeanPostProcessorChecker : Bean 'org.apache.dubbo.spring.boot.autoconfigure.DubboRelaxedBinding2AutoConfiguration' of type [org.apache.dubbo.spring.boot.autoconfigure.DubboRelaxedBinding2AutoConfiguration$$EnhancerBySpringCGLIB$$bb81761f] is not eligible for getting processed by all BeanPostProcessors (for example: not eligible for auto-proxying)
2019-07-30 16:34:10.841  INFO 57704 --- [           main] trationDelegate$BeanPostProcessorChecker : Bean 'relaxedDubboConfigBinder' of type [org.apache.dubbo.spring.boot.autoconfigure.BinderDubboConfigBinder] is not eligible for getting processed by all BeanPostProcessors (for example: not eligible for auto-proxying)
2019-07-30 16:34:10.846  INFO 57704 --- [           main] trationDelegate$BeanPostProcessorChecker : Bean 'relaxedDubboConfigBinder' of type [org.apache.dubbo.spring.boot.autoconfigure.BinderDubboConfigBinder] is not eligible for getting processed by all BeanPostProcessors (for example: not eligible for auto-proxying)
2019-07-30 16:34:10.952  INFO 57704 --- [           main] com.zaxxer.hikari.HikariDataSource       : HikariPool-2 - Starting...
2019-07-30 16:34:10.960  INFO 57704 --- [           main] com.zaxxer.hikari.HikariDataSource       : HikariPool-2 - Start completed.
2019-07-30 16:34:10.984  INFO 57704 --- [           main] o.hibernate.jpa.internal.util.LogHelper  : HHH000204: Processing PersistenceUnitInfo [
	name: default
	...]
2019-07-30 16:34:10.990  INFO 57704 --- [           main] org.hibernate.dialect.Dialect            : HHH000400: Using dialect: org.hibernate.dialect.MySQL5Dialect
2019-07-30 16:34:11.010  INFO 57704 --- [           main] o.h.t.schema.internal.SchemaCreatorImpl  : HHH000476: Executing import script 'org.hibernate.tool.schema.internal.exec.ScriptSourceInputNonExistentImpl@58b311ba'
2019-07-30 16:34:11.010  INFO 57704 --- [           main] j.LocalContainerEntityManagerFactoryBean : Initialized JPA EntityManagerFactory for persistence unit 'default'
2019-07-30 16:34:11.185  INFO 57704 --- [           main] .f.a.DubboConfigBindingBeanPostProcessor : The properties of bean [name : org.apache.dubbo.config.ApplicationConfig#0] have been binding by prefix of configuration properties : dubbo.application
2019-07-30 16:34:11.196  INFO 57704 --- [           main] .f.a.DubboConfigBindingBeanPostProcessor : The properties of bean [name : org.apache.dubbo.config.RegistryConfig#0] have been binding by prefix of configuration properties : dubbo.registry
2019-07-30 16:34:11.203  INFO 57704 --- [           main] o.a.d.c.s.b.f.a.ReferenceBeanBuilder     : The bean[type:ReferenceBean] has been built.
2019-07-30 16:34:11.209  WARN 57704 --- [           main] org.apache.dubbo.config.AbstractConfig   :  [DUBBO] There's no valid metadata config found, if you are using the simplified mode of registry url, please make sure you have a metadata address configured properly., dubbo version: 2.7.1, current host: 127.0.0.1
2019-07-30 16:34:11.214  WARN 57704 --- [           main] o.s.w.c.s.GenericWebApplicationContext   : Exception encountered during context initialization - cancelling refresh attempt: org.springframework.beans.factory.BeanCreationException: Error creating bean with name 'bookController': Injection of @org.apache.dubbo.config.annotation.Reference dependencies is failed; nested exception is org.apache.dubbo.rpc.RpcException: Fail to create remoting client for service(dubbo://127.0.0.1:12345/com.bangbang.service.BookService?application=springboot-dubbo-provider&codec=dubbo&default.lazy=false&default.sticky=false&dubbo=2.0.2&heartbeat=60000&interface=com.bangbang.service.BookService&lazy=false&methods=getBookInfo&pid=57704&qos.enable=false&register.ip=127.0.0.1&revision=1.0-SNAPSHOT&side=consumer&sticky=false&timestamp=1564475651210&version=1.0.0): client(url: dubbo://127.0.0.1:12345/com.bangbang.service.BookService?application=springboot-dubbo-provider&codec=dubbo&default.lazy=false&default.sticky=false&dubbo=2.0.2&heartbeat=60000&interface=com.bangbang.service.BookService&lazy=false&methods=getBookInfo&pid=57704&qos.enable=false&register.ip=127.0.0.1&revision=1.0-SNAPSHOT&side=consumer&sticky=false&timestamp=1564475651210&version=1.0.0) failed to connect to server /127.0.0.1:12345, error message is:Connection refused: /127.0.0.1:12345
2019-07-30 16:34:11.214  INFO 57704 --- [           main] j.LocalContainerEntityManagerFactoryBean : Closing JPA EntityManagerFactory for persistence unit 'default'
2019-07-30 16:34:11.214  INFO 57704 --- [           main] com.zaxxer.hikari.HikariDataSource       : HikariPool-2 - Shutdown initiated...
2019-07-30 16:34:11.219  INFO 57704 --- [           main] com.zaxxer.hikari.HikariDataSource       : HikariPool-2 - Shutdown completed.
2019-07-30 16:34:11.219  INFO 57704 --- [           main] f.a.ReferenceAnnotationBeanPostProcessor : class org.apache.dubbo.config.spring.beans.factory.annotation.ReferenceAnnotationBeanPostProcessor was destroying!
2019-07-30 16:34:11.224  INFO 57704 --- [           main] ConditionEvaluationReportLoggingListener : 

Error starting ApplicationContext. To display the conditions report re-run your application with 'debug' enabled.
2019-07-30 16:34:11.227 ERROR 57704 --- [           main] o.s.boot.SpringApplication               : Application run failed

org.springframework.beans.factory.BeanCreationException: Error creating bean with name 'bookController': Injection of @org.apache.dubbo.config.annotation.Reference dependencies is failed; nested exception is org.apache.dubbo.rpc.RpcException: Fail to create remoting client for service(dubbo://127.0.0.1:12345/com.bangbang.service.BookService?application=springboot-dubbo-provider&codec=dubbo&default.lazy=false&default.sticky=false&dubbo=2.0.2&heartbeat=60000&interface=com.bangbang.service.BookService&lazy=false&methods=getBookInfo&pid=57704&qos.enable=false&register.ip=127.0.0.1&revision=1.0-SNAPSHOT&side=consumer&sticky=false&timestamp=1564475651210&version=1.0.0): client(url: dubbo://127.0.0.1:12345/com.bangbang.service.BookService?application=springboot-dubbo-provider&codec=dubbo&default.lazy=false&default.sticky=false&dubbo=2.0.2&heartbeat=60000&interface=com.bangbang.service.BookService&lazy=false&methods=getBookInfo&pid=57704&qos.enable=false&register.ip=127.0.0.1&revision=1.0-SNAPSHOT&side=consumer&sticky=false&timestamp=1564475651210&version=1.0.0) failed to connect to server /127.0.0.1:12345, error message is:Connection refused: /127.0.0.1:12345
	at org.apache.dubbo.config.spring.beans.factory.annotation.AnnotationInjectedBeanPostProcessor.postProcessPropertyValues(AnnotationInjectedBeanPostProcessor.java:133) ~[dubbo-2.7.1.jar:2.7.1]
	at org.springframework.beans.factory.support.AbstractAutowireCapableBeanFactory.populateBean(AbstractAutowireCapableBeanFactory.java:1416) ~[spring-beans-5.1.8.RELEASE.jar:5.1.8.RELEASE]
	at org.springframework.beans.factory.support.AbstractAutowireCapableBeanFactory.doCreateBean(AbstractAutowireCapableBeanFactory.java:592) ~[spring-beans-5.1.8.RELEASE.jar:5.1.8.RELEASE]
	at org.springframework.beans.factory.support.AbstractAutowireCapableBeanFactory.createBean(AbstractAutowireCapableBeanFactory.java:515) ~[spring-beans-5.1.8.RELEASE.jar:5.1.8.RELEASE]
	at org.springframework.beans.factory.support.AbstractBeanFactory.lambda$doGetBean$0(AbstractBeanFactory.java:320) ~[spring-beans-5.1.8.RELEASE.jar:5.1.8.RELEASE]
	at org.springframework.beans.factory.support.DefaultSingletonBeanRegistry.getSingleton(DefaultSingletonBeanRegistry.java:222) ~[spring-beans-5.1.8.RELEASE.jar:5.1.8.RELEASE]
	at org.springframework.beans.factory.support.AbstractBeanFactory.doGetBean(AbstractBeanFactory.java:318) ~[spring-beans-5.1.8.RELEASE.jar:5.1.8.RELEASE]
	at org.springframework.beans.factory.support.AbstractBeanFactory.getBean(AbstractBeanFactory.java:199) ~[spring-beans-5.1.8.RELEASE.jar:5.1.8.RELEASE]
	at org.springframework.beans.factory.support.DefaultListableBeanFactory.preInstantiateSingletons(DefaultListableBeanFactory.java:845) ~[spring-beans-5.1.8.RELEASE.jar:5.1.8.RELEASE]
	at org.springframework.context.support.AbstractApplicationContext.finishBeanFactoryInitialization(AbstractApplicationContext.java:877) ~[spring-context-5.1.8.RELEASE.jar:5.1.8.RELEASE]
	at org.springframework.context.support.AbstractApplicationContext.refresh(AbstractApplicationContext.java:549) ~[spring-context-5.1.8.RELEASE.jar:5.1.8.RELEASE]
	at org.springframework.boot.SpringApplication.refresh(SpringApplication.java:742) ~[spring-boot-2.1.6.RELEASE.jar:2.1.6.RELEASE]
	at org.springframework.boot.SpringApplication.refreshContext(SpringApplication.java:389) ~[spring-boot-2.1.6.RELEASE.jar:2.1.6.RELEASE]
	at org.springframework.boot.SpringApplication.run(SpringApplication.java:311) ~[spring-boot-2.1.6.RELEASE.jar:2.1.6.RELEASE]
	at org.springframework.boot.test.context.SpringBootContextLoader.loadContext(SpringBootContextLoader.java:119) [spring-boot-test-2.1.6.RELEASE.jar:2.1.6.RELEASE]
	at org.springframework.test.context.cache.DefaultCacheAwareContextLoaderDelegate.loadContextInternal(DefaultCacheAwareContextLoaderDelegate.java:99) [spring-test-5.1.8.RELEASE.jar:5.1.8.RELEASE]
	at org.springframework.test.context.cache.DefaultCacheAwareContextLoaderDelegate.loadContext(DefaultCacheAwareContextLoaderDelegate.java:117) [spring-test-5.1.8.RELEASE.jar:5.1.8.RELEASE]
	at org.springframework.test.context.support.DefaultTestContext.getApplicationContext(DefaultTestContext.java:108) [spring-test-5.1.8.RELEASE.jar:5.1.8.RELEASE]
	at org.springframework.test.context.web.ServletTestExecutionListener.setUpRequestContextIfNecessary(ServletTestExecutionListener.java:190) [spring-test-5.1.8.RELEASE.jar:5.1.8.RELEASE]
	at org.springframework.test.context.web.ServletTestExecutionListener.prepareTestInstance(ServletTestExecutionListener.java:132) [spring-test-5.1.8.RELEASE.jar:5.1.8.RELEASE]
	at org.springframework.test.context.TestContextManager.prepareTestInstance(TestContextManager.java:246) [spring-test-5.1.8.RELEASE.jar:5.1.8.RELEASE]
	at org.springframework.test.context.junit4.SpringJUnit4ClassRunner.createTest(SpringJUnit4ClassRunner.java:227) [spring-test-5.1.8.RELEASE.jar:5.1.8.RELEASE]
	at org.springframework.test.context.junit4.SpringJUnit4ClassRunner$1.runReflectiveCall(SpringJUnit4ClassRunner.java:289) [spring-test-5.1.8.RELEASE.jar:5.1.8.RELEASE]
	at org.junit.internal.runners.model.ReflectiveCallable.run(ReflectiveCallable.java:12) [junit-4.12.jar:4.12]
	at org.springframework.test.context.junit4.SpringJUnit4ClassRunner.methodBlock(SpringJUnit4ClassRunner.java:291) [spring-test-5.1.8.RELEASE.jar:5.1.8.RELEASE]
	at org.springframework.test.context.junit4.SpringJUnit4ClassRunner.runChild(SpringJUnit4ClassRunner.java:246) [spring-test-5.1.8.RELEASE.jar:5.1.8.RELEASE]
	at org.springframework.test.context.junit4.SpringJUnit4ClassRunner.runChild(SpringJUnit4ClassRunner.java:97) [spring-test-5.1.8.RELEASE.jar:5.1.8.RELEASE]
	at org.junit.runners.ParentRunner$3.run(ParentRunner.java:290) [junit-4.12.jar:4.12]
	at org.junit.runners.ParentRunner$1.schedule(ParentRunner.java:71) [junit-4.12.jar:4.12]
	at org.junit.runners.ParentRunner.runChildren(ParentRunner.java:288) [junit-4.12.jar:4.12]
	at org.junit.runners.ParentRunner.access$000(ParentRunner.java:58) [junit-4.12.jar:4.12]
	at org.junit.runners.ParentRunner$2.evaluate(ParentRunner.java:268) [junit-4.12.jar:4.12]
	at org.springframework.test.context.junit4.statements.RunBeforeTestClassCallbacks.evaluate(RunBeforeTestClassCallbacks.java:61) [spring-test-5.1.8.RELEASE.jar:5.1.8.RELEASE]
	at org.springframework.test.context.junit4.statements.RunAfterTestClassCallbacks.evaluate(RunAfterTestClassCallbacks.java:70) [spring-test-5.1.8.RELEASE.jar:5.1.8.RELEASE]
	at org.junit.runners.ParentRunner.run(ParentRunner.java:363) [junit-4.12.jar:4.12]
	at org.springframework.test.context.junit4.SpringJUnit4ClassRunner.run(SpringJUnit4ClassRunner.java:190) [spring-test-5.1.8.RELEASE.jar:5.1.8.RELEASE]
	at org.apache.maven.surefire.junit4.JUnit4Provider.execute(JUnit4Provider.java:365) [surefire-junit4-2.22.2.jar:2.22.2]
	at org.apache.maven.surefire.junit4.JUnit4Provider.executeWithRerun(JUnit4Provider.java:273) [surefire-junit4-2.22.2.jar:2.22.2]
	at org.apache.maven.surefire.junit4.JUnit4Provider.executeTestSet(JUnit4Provider.java:238) [surefire-junit4-2.22.2.jar:2.22.2]
	at org.apache.maven.surefire.junit4.JUnit4Provider.invoke(JUnit4Provider.java:159) [surefire-junit4-2.22.2.jar:2.22.2]
	at org.apache.maven.surefire.booter.ForkedBooter.invokeProviderInSameClassLoader(ForkedBooter.java:384) [surefire-booter-2.22.2.jar:2.22.2]
	at org.apache.maven.surefire.booter.ForkedBooter.runSuitesInProcess(ForkedBooter.java:345) [surefire-booter-2.22.2.jar:2.22.2]
	at org.apache.maven.surefire.booter.ForkedBooter.execute(ForkedBooter.java:126) [surefire-booter-2.22.2.jar:2.22.2]
	at org.apache.maven.surefire.booter.ForkedBooter.main(ForkedBooter.java:418) [surefire-booter-2.22.2.jar:2.22.2]
Caused by: org.apache.dubbo.rpc.RpcException: Fail to create remoting client for service(dubbo://127.0.0.1:12345/com.bangbang.service.BookService?application=springboot-dubbo-provider&codec=dubbo&default.lazy=false&default.sticky=false&dubbo=2.0.2&heartbeat=60000&interface=com.bangbang.service.BookService&lazy=false&methods=getBookInfo&pid=57704&qos.enable=false&register.ip=127.0.0.1&revision=1.0-SNAPSHOT&side=consumer&sticky=false&timestamp=1564475651210&version=1.0.0): client(url: dubbo://127.0.0.1:12345/com.bangbang.service.BookService?application=springboot-dubbo-provider&codec=dubbo&default.lazy=false&default.sticky=false&dubbo=2.0.2&heartbeat=60000&interface=com.bangbang.service.BookService&lazy=false&methods=getBookInfo&pid=57704&qos.enable=false&register.ip=127.0.0.1&revision=1.0-SNAPSHOT&side=consumer&sticky=false&timestamp=1564475651210&version=1.0.0) failed to connect to server /127.0.0.1:12345, error message is:Connection refused: /127.0.0.1:12345
	at org.apache.dubbo.rpc.protocol.dubbo.DubboProtocol.initClient(DubboProtocol.java:581) ~[dubbo-2.7.1.jar:2.7.1]
	at org.apache.dubbo.rpc.protocol.dubbo.DubboProtocol.buildReferenceCountExchangeClient(DubboProtocol.java:545) ~[dubbo-2.7.1.jar:2.7.1]
	at org.apache.dubbo.rpc.protocol.dubbo.DubboProtocol.buildReferenceCountExchangeClientList(DubboProtocol.java:532) ~[dubbo-2.7.1.jar:2.7.1]
	at org.apache.dubbo.rpc.protocol.dubbo.DubboProtocol.getSharedClient(DubboProtocol.java:457) ~[dubbo-2.7.1.jar:2.7.1]
	at org.apache.dubbo.rpc.protocol.dubbo.DubboProtocol.getClients(DubboProtocol.java:412) ~[dubbo-2.7.1.jar:2.7.1]
	at org.apache.dubbo.rpc.protocol.dubbo.DubboProtocol.refer(DubboProtocol.java:389) ~[dubbo-2.7.1.jar:2.7.1]
	at org.apache.dubbo.qos.protocol.QosProtocolWrapper.refer(QosProtocolWrapper.java:72) ~[dubbo-2.7.1.jar:2.7.1]
	at org.apache.dubbo.rpc.protocol.ProtocolFilterWrapper.refer(ProtocolFilterWrapper.java:116) ~[dubbo-2.7.1.jar:2.7.1]
	at org.apache.dubbo.rpc.protocol.ProtocolListenerWrapper.refer(ProtocolListenerWrapper.java:67) ~[dubbo-2.7.1.jar:2.7.1]
	at org.apache.dubbo.rpc.Protocol$Adaptive.refer(Protocol$Adaptive.java) ~[dubbo-2.7.1.jar:2.7.1]
	at org.apache.dubbo.config.ReferenceConfig.createProxy(ReferenceConfig.java:366) ~[dubbo-2.7.1.jar:2.7.1]
	at org.apache.dubbo.config.ReferenceConfig.init(ReferenceConfig.java:305) ~[dubbo-2.7.1.jar:2.7.1]
	at org.apache.dubbo.config.ReferenceConfig.get(ReferenceConfig.java:231) ~[dubbo-2.7.1.jar:2.7.1]
	at org.apache.dubbo.config.spring.beans.factory.annotation.ReferenceAnnotationBeanPostProcessor$ReferenceBeanInvocationHandler.init(ReferenceAnnotationBeanPostProcessor.java:174) ~[dubbo-2.7.1.jar:2.7.1]
	at org.apache.dubbo.config.spring.beans.factory.annotation.ReferenceAnnotationBeanPostProcessor$ReferenceBeanInvocationHandler.access$100(ReferenceAnnotationBeanPostProcessor.java:147) ~[dubbo-2.7.1.jar:2.7.1]
	at org.apache.dubbo.config.spring.beans.factory.annotation.ReferenceAnnotationBeanPostProcessor.buildInvocationHandler(ReferenceAnnotationBeanPostProcessor.java:141) ~[dubbo-2.7.1.jar:2.7.1]
	at org.apache.dubbo.config.spring.beans.factory.annotation.ReferenceAnnotationBeanPostProcessor.buildProxy(ReferenceAnnotationBeanPostProcessor.java:123) ~[dubbo-2.7.1.jar:2.7.1]
	at org.apache.dubbo.config.spring.beans.factory.annotation.ReferenceAnnotationBeanPostProcessor.doGetInjectedBean(ReferenceAnnotationBeanPostProcessor.java:117) ~[dubbo-2.7.1.jar:2.7.1]
	at org.apache.dubbo.config.spring.beans.factory.annotation.ReferenceAnnotationBeanPostProcessor.doGetInjectedBean(ReferenceAnnotationBeanPostProcessor.java:50) ~[dubbo-2.7.1.jar:2.7.1]
	at org.apache.dubbo.config.spring.beans.factory.annotation.AnnotationInjectedBeanPostProcessor.getInjectedObject(AnnotationInjectedBeanPostProcessor.java:342) ~[dubbo-2.7.1.jar:2.7.1]
	at org.apache.dubbo.config.spring.beans.factory.annotation.AnnotationInjectedBeanPostProcessor$AnnotatedFieldElement.inject(AnnotationInjectedBeanPostProcessor.java:522) ~[dubbo-2.7.1.jar:2.7.1]
	at org.springframework.beans.factory.annotation.InjectionMetadata.inject(InjectionMetadata.java:90) ~[spring-beans-5.1.8.RELEASE.jar:5.1.8.RELEASE]
	at org.apache.dubbo.config.spring.beans.factory.annotation.AnnotationInjectedBeanPostProcessor.postProcessPropertyValues(AnnotationInjectedBeanPostProcessor.java:129) ~[dubbo-2.7.1.jar:2.7.1]
	... 43 common frames omitted
Caused by: org.apache.dubbo.remoting.RemotingException: client(url: dubbo://127.0.0.1:12345/com.bangbang.service.BookService?application=springboot-dubbo-provider&codec=dubbo&default.lazy=false&default.sticky=false&dubbo=2.0.2&heartbeat=60000&interface=com.bangbang.service.BookService&lazy=false&methods=getBookInfo&pid=57704&qos.enable=false&register.ip=127.0.0.1&revision=1.0-SNAPSHOT&side=consumer&sticky=false&timestamp=1564475651210&version=1.0.0) failed to connect to server /127.0.0.1:12345, error message is:Connection refused: /127.0.0.1:12345
	at org.apache.dubbo.remoting.transport.netty4.NettyClient.doConnect(NettyClient.java:131) ~[dubbo-2.7.1.jar:2.7.1]
	at org.apache.dubbo.remoting.transport.AbstractClient.connect(AbstractClient.java:186) ~[dubbo-2.7.1.jar:2.7.1]
	at org.apache.dubbo.remoting.transport.AbstractClient.<init>(AbstractClient.java:65) ~[dubbo-2.7.1.jar:2.7.1]
	at org.apache.dubbo.remoting.transport.netty4.NettyClient.<init>(NettyClient.java:57) ~[dubbo-2.7.1.jar:2.7.1]
	at org.apache.dubbo.remoting.transport.netty4.NettyTransporter.connect(NettyTransporter.java:37) ~[dubbo-2.7.1.jar:2.7.1]
	at org.apache.dubbo.remoting.Transporter$Adaptive.connect(Transporter$Adaptive.java) ~[dubbo-2.7.1.jar:2.7.1]
	at org.apache.dubbo.remoting.Transporters.connect(Transporters.java:75) ~[dubbo-2.7.1.jar:2.7.1]
	at org.apache.dubbo.remoting.exchange.support.header.HeaderExchanger.connect(HeaderExchanger.java:39) ~[dubbo-2.7.1.jar:2.7.1]
	at org.apache.dubbo.remoting.exchange.Exchangers.connect(Exchangers.java:109) ~[dubbo-2.7.1.jar:2.7.1]
	at org.apache.dubbo.rpc.protocol.dubbo.DubboProtocol.initClient(DubboProtocol.java:577) ~[dubbo-2.7.1.jar:2.7.1]
	... 65 common frames omitted
Caused by: io.netty.channel.AbstractChannel$AnnotatedConnectException: Connection refused: /127.0.0.1:12345
	at sun.nio.ch.SocketChannelImpl.checkConnect(Native Method) ~[na:1.8.0_131]
	at sun.nio.ch.SocketChannelImpl.finishConnect(SocketChannelImpl.java:717) ~[na:1.8.0_131]
[...]
	at org.apache.dubbo.config.spring.beans.factory.annotation.AnnotationInjectedBeanPostProcessor$AnnotatedFieldElement.inject(AnnotationInjectedBeanPostProcessor.java:522) ~[dubbo-2.7.1.jar:2.7.1]
	at org.springframework.beans.factory.annotation.InjectionMetadata.inject(InjectionMetadata.java:90) ~[spring-beans-5.1.8.RELEASE.jar:5.1.8.RELEASE]
	at org.apache.dubbo.config.spring.beans.factory.annotation.AnnotationInjectedBeanPostProcessor.postProcessPropertyValues(AnnotationInjectedBeanPostProcessor.java:129) ~[dubbo-2.7.1.jar:2.7.1]
	... 43 common frames omitted
Caused by: org.apache.dubbo.remoting.RemotingException: client(url: dubbo://127.0.0.1:12345/com.bangbang.service.BookService?application=springboot-dubbo-provider&codec=dubbo&default.lazy=false&default.sticky=false&dubbo=2.0.2&heartbeat=60000&interface=com.bangbang.service.BookService&lazy=false&methods=getBookInfo&pid=57704&qos.enable=false&register.ip=127.0.0.1&revision=1.0-SNAPSHOT&side=consumer&sticky=false&timestamp=1564475656249&version=1.0.0) failed to connect to server /127.0.0.1:12345, error message is:Connection refused: /127.0.0.1:12345
	at org.apache.dubbo.remoting.transport.netty4.NettyClient.doConnect(NettyClient.java:131) ~[dubbo-2.7.1.jar:2.7.1]
	at org.apache.dubbo.remoting.transport.AbstractClient.connect(AbstractClient.java:186) ~[dubbo-2.7.1.jar:2.7.1]
	at org.apache.dubbo.remoting.transport.AbstractClient.<init>(AbstractClient.java:65) ~[dubbo-2.7.1.jar:2.7.1]
	at org.apache.dubbo.remoting.transport.netty4.NettyClient.<init>(NettyClient.java:57) ~[dubbo-2.7.1.jar:2.7.1]
	at org.apache.dubbo.remoting.transport.netty4.NettyTransporter.connect(NettyTransporter.java:37) ~[dubbo-2.7.1.jar:2.7.1]
	at org.apache.dubbo.remoting.Transporter$Adaptive.connect(Transporter$Adaptive.java) ~[dubbo-2.7.1.jar:2.7.1]
	at org.apache.dubbo.remoting.Transporters.connect(Transporters.java:75) ~[dubbo-2.7.1.jar:2.7.1]
	at org.apache.dubbo.remoting.exchange.support.header.HeaderExchanger.connect(HeaderExchanger.java:39) ~[dubbo-2.7.1.jar:2.7.1]
	at org.apache.dubbo.remoting.exchange.Exchangers.connect(Exchangers.java:109) ~[dubbo-2.7.1.jar:2.7.1]
	at org.apache.dubbo.rpc.protocol.dubbo.DubboProtocol.initClient(DubboProtocol.java:577) ~[dubbo-2.7.1.jar:2.7.1]
	... 65 common frames omitted
Caused by: io.netty.channel.AbstractChannel$AnnotatedConnectException: Connection refused: /127.0.0.1:12345
	at sun.nio.ch.SocketChannelImpl.checkConnect(Native Method) ~[na:1.8.0_131]
	at sun.nio.ch.SocketChannelImpl.finishConnect(SocketChannelImpl.java:717) ~[na:1.8.0_131]
	at io.netty.channel.socket.nio.NioSocketChannel.doFinishConnect(NioSocketChannel.java:327) ~[netty-all-4.1.36.Final.jar:4.1.36.Final]
	at io.netty.channel.nio.AbstractNioChannel$AbstractNioUnsafe.finishConnect(AbstractNioChannel.java:340) ~[netty-all-4.1.36.Final.jar:4.1.36.Final]
	at io.netty.channel.nio.NioEventLoop.processSelectedKey(NioEventLoop.java:670) ~[netty-all-4.1.36.Final.jar:4.1.36.Final]
	at io.netty.channel.nio.NioEventLoop.processSelectedKeysOptimized(NioEventLoop.java:617) ~[netty-all-4.1.36.Final.jar:4.1.36.Final]
	at io.netty.channel.nio.NioEventLoop.processSelectedKeys(NioEventLoop.java:534) ~[netty-all-4.1.36.Final.jar:4.1.36.Final]
	at io.netty.channel.nio.NioEventLoop.run(NioEventLoop.java:496) ~[netty-all-4.1.36.Final.jar:4.1.36.Final]
	at io.netty.util.concurrent.SingleThreadEventExecutor$5.run(SingleThreadEventExecutor.java:906) ~[netty-all-4.1.36.Final.jar:4.1.36.Final]
	at io.netty.util.internal.ThreadExecutorMap$2.run(ThreadExecutorMap.java:74) ~[netty-all-4.1.36.Final.jar:4.1.36.Final]
	at io.netty.util.concurrent.FastThreadLocalRunnable.run(FastThreadLocalRunnable.java:30) ~[netty-all-4.1.36.Final.jar:4.1.36.Final]
	at java.lang.Thread.run(Thread.java:748) ~[na:1.8.0_131]
Caused by: java.net.ConnectException: Connection refused
	... 12 common frames omitted

2019-07-30 16:34:16.267 ERROR 57704 --- [           main] o.s.test.context.TestContextManager      : Caught exception while allowing TestExecutionListener [org.springframework.test.context.web.ServletTestExecutionListener@79079097] to prepare test instance [com.bangbang.controller.BookControllerTest@7bb2b910]

java.lang.IllegalStateException: Failed to load ApplicationContext
	at org.springframework.test.context.cache.DefaultCacheAwareContextLoaderDelegate.loadContext(DefaultCacheAwareContextLoaderDelegate.java:125) ~[spring-test-5.1.8.RELEASE.jar:5.1.8.RELEASE]
	at org.springframework.test.context.support.DefaultTestContext.getApplicationContext(DefaultTestContext.java:108) ~[spring-test-5.1.8.RELEASE.jar:5.1.8.RELEASE]
	at org.springframework.test.context.web.ServletTestExecutionListener.setUpRequestContextIfNecessary(ServletTestExecutionListener.java:190) ~[spring-test-5.1.8.RELEASE.jar:5.1.8.RELEASE]
	at org.springframework.test.context.web.ServletTestExecutionListener.prepareTestInstance(ServletTestExecutionListener.java:132) ~[spring-test-5.1.8.RELEASE.jar:5.1.8.RELEASE]
	at org.springframework.test.context.TestContextManager.prepareTestInstance(TestContextManager.java:246) ~[spring-test-5.1.8.RELEASE.jar:5.1.8.RELEASE]
	at org.springframework.test.context.junit4.SpringJUnit4ClassRunner.createTest(SpringJUnit4ClassRunner.java:227) [spring-test-5.1.8.RELEASE.jar:5.1.8.RELEASE]
	at org.springframework.test.context.junit4.SpringJUnit4ClassRunner$1.runReflectiveCall(SpringJUnit4ClassRunner.java:289) [spring-test-5.1.8.RELEASE.jar:5.1.8.RELEASE]
	at org.junit.internal.runners.model.ReflectiveCallable.run(ReflectiveCallable.java:12) [junit-4.12.jar:4.12]
	at org.springframework.test.context.junit4.SpringJUnit4ClassRunner.methodBlock(SpringJUnit4ClassRunner.java:291) [spring-test-5.1.8.RELEASE.jar:5.1.8.RELEASE]
	at org.springframework.test.context.junit4.SpringJUnit4ClassRunner.runChild(SpringJUnit4ClassRunner.java:246) [spring-test-5.1.8.RELEASE.jar:5.1.8.RELEASE]
	at org.springframework.test.context.junit4.SpringJUnit4ClassRunner.runChild(SpringJUnit4ClassRunner.java:97) [spring-test-5.1.8.RELEASE.jar:5.1.8.RELEASE]
	at org.junit.runners.ParentRunner$3.run(ParentRunner.java:290) [junit-4.12.jar:4.12]
	at org.junit.runners.ParentRunner$1.schedule(ParentRunner.java:71) [junit-4.12.jar:4.12]
	at org.junit.runners.ParentRunner.runChildren(ParentRunner.java:288) [junit-4.12.jar:4.12]
	at org.junit.runners.ParentRunner.access$000(ParentRunner.java:58) [junit-4.12.jar:4.12]
	at org.junit.runners.ParentRunner$2.evaluate(ParentRunner.java:268) [junit-4.12.jar:4.12]
	at org.springframework.test.context.junit4.statements.RunBeforeTestClassCallbacks.evaluate(RunBeforeTestClassCallbacks.java:61) [spring-test-5.1.8.RELEASE.jar:5.1.8.RELEASE]
	at org.springframework.test.context.junit4.statements.RunAfterTestClassCallbacks.evaluate(RunAfterTestClassCallbacks.java:70) [spring-test-5.1.8.RELEASE.jar:5.1.8.RELEASE]
	at org.junit.runners.ParentRunner.run(ParentRunner.java:363) [junit-4.12.jar:4.12]
	at org.springframework.test.context.junit4.SpringJUnit4ClassRunner.run(SpringJUnit4ClassRunner.java:190) [spring-test-5.1.8.RELEASE.jar:5.1.8.RELEASE]
	at org.apache.maven.surefire.junit4.JUnit4Provider.execute(JUnit4Provider.java:365) [surefire-junit4-2.22.2.jar:2.22.2]
	at org.apache.maven.surefire.junit4.JUnit4Provider.executeWithRerun(JUnit4Provider.java:273) [surefire-junit4-2.22.2.jar:2.22.2]
	at org.apache.maven.surefire.junit4.JUnit4Provider.executeTestSet(JUnit4Provider.java:238) [surefire-junit4-2.22.2.jar:2.22.2]
	at org.apache.maven.surefire.junit4.JUnit4Provider.invoke(JUnit4Provider.java:159) [surefire-junit4-2.22.2.jar:2.22.2]
	at org.apache.maven.surefire.booter.ForkedBooter.invokeProviderInSameClassLoader(ForkedBooter.java:384) [surefire-booter-2.22.2.jar:2.22.2]
	at org.apache.maven.surefire.booter.ForkedBooter.runSuitesInProcess(ForkedBooter.java:345) [surefire-booter-2.22.2.jar:2.22.2]
	at org.apache.maven.surefire.booter.ForkedBooter.execute(ForkedBooter.java:126) [surefire-booter-2.22.2.jar:2.22.2]
	at org.apache.maven.surefire.booter.ForkedBooter.main(ForkedBooter.java:418) [surefire-booter-2.22.2.jar:2.22.2]
Caused by: org.springframework.beans.factory.BeanCreationException: Error creating bean with name 'bookController': Injection of @org.apache.dubbo.config.annotation.Reference dependencies is failed; nested exception is org.apache.dubbo.rpc.RpcException: Fail to create remoting client for service(dubbo://127.0.0.1:12345/com.bangbang.service.BookService?application=springboot-dubbo-provider&codec=dubbo&default.lazy=false&default.sticky=false&dubbo=2.0.2&heartbeat=60000&interface=com.bangbang.service.BookService&lazy=false&methods=getBookInfo&pid=57704&qos.enable=false&register.ip=127.0.0.1&revision=1.0-SNAPSHOT&side=consumer&sticky=false&timestamp=1564475656249&version=1.0.0): client(url: dubbo://127.0.0.1:12345/com.bangbang.service.BookService?application=springboot-dubbo-provider&codec=dubbo&default.lazy=false&default.sticky=false&dubbo=2.0.2&heartbeat=60000&interface=com.bangbang.service.BookService&lazy=false&methods=getBookInfo&pid=57704&qos.enable=false&register.ip=127.0.0.1&revision=1.0-SNAPSHOT&side=consumer&sticky=false&timestamp=1564475656249&version=1.0.0) failed to connect to server /127.0.0.1:12345, error message is:Connection refused: /127.0.0.1:12345
	at org.apache.dubbo.config.spring.beans.factory.annotation.AnnotationInjectedBeanPostProcessor.postProcessPropertyValues(AnnotationInjectedBeanPostProcessor.java:133) ~[dubbo-2.7.1.jar:2.7.1]
	at org.springframework.beans.factory.support.AbstractAutowireCapableBeanFactory.populateBean(AbstractAutowireCapableBeanFactory.java:1416) ~[spring-beans-5.1.8.RELEASE.jar:5.1.8.RELEASE]
	at org.springframework.beans.factory.support.AbstractAutowireCapableBeanFactory.doCreateBean(AbstractAutowireCapableBeanFactory.java:592) ~[spring-beans-5.1.8.RELEASE.jar:5.1.8.RELEASE]
	at org.springframework.beans.factory.support.AbstractAutowireCapableBeanFactory.createBean(AbstractAutowireCapableBeanFactory.java:515) ~[spring-beans-5.1.8.RELEASE.jar:5.1.8.RELEASE]
	at org.springframework.beans.factory.support.AbstractBeanFactory.lambda$doGetBean$0(AbstractBeanFactory.java:320) ~[spring-beans-5.1.8.RELEASE.jar:5.1.8.RELEASE]
	at org.springframework.beans.factory.support.DefaultSingletonBeanRegistry.getSingleton(DefaultSingletonBeanRegistry.java:222) ~[spring-beans-5.1.8.RELEASE.jar:5.1.8.RELEASE]
	at org.springframework.beans.factory.support.AbstractBeanFactory.doGetBean(AbstractBeanFactory.java:318) ~[spring-beans-5.1.8.RELEASE.jar:5.1.8.RELEASE]
	at org.springframework.beans.factory.support.AbstractBeanFactory.getBean(AbstractBeanFactory.java:199) ~[spring-beans-5.1.8.RELEASE.jar:5.1.8.RELEASE]
	at org.springframework.beans.factory.support.DefaultListableBeanFactory.preInstantiateSingletons(DefaultListableBeanFactory.java:845) ~[spring-beans-5.1.8.RELEASE.jar:5.1.8.RELEASE]
	at org.springframework.context.support.AbstractApplicationContext.finishBeanFactoryInitialization(AbstractApplicationContext.java:877) ~[spring-context-5.1.8.RELEASE.jar:5.1.8.RELEASE]
	at org.springframework.context.support.AbstractApplicationContext.refresh(AbstractApplicationContext.java:549) ~[spring-context-5.1.8.RELEASE.jar:5.1.8.RELEASE]
	at org.springframework.boot.SpringApplication.refresh(SpringApplication.java:742) ~[spring-boot-2.1.6.RELEASE.jar:2.1.6.RELEASE]
	at org.springframework.boot.SpringApplication.refreshContext(SpringApplication.java:389) ~[spring-boot-2.1.6.RELEASE.jar:2.1.6.RELEASE]
	at org.springframework.boot.SpringApplication.run(SpringApplication.java:311) ~[spring-boot-2.1.6.RELEASE.jar:2.1.6.RELEASE]
	at org.springframework.boot.test.context.SpringBootContextLoader.loadContext(SpringBootContextLoader.java:119) ~[spring-boot-test-2.1.6.RELEASE.jar:2.1.6.RELEASE]
	at org.springframework.test.context.cache.DefaultCacheAwareContextLoaderDelegate.loadContextInternal(DefaultCacheAwareContextLoaderDelegate.java:99) ~[spring-test-5.1.8.RELEASE.jar:5.1.8.RELEASE]
	at org.springframework.test.context.cache.DefaultCacheAwareContextLoaderDelegate.loadContext(DefaultCacheAwareContextLoaderDelegate.java:117) ~[spring-test-5.1.8.RELEASE.jar:5.1.8.RELEASE]
	... 27 common frames omitted
Caused by: org.apache.dubbo.rpc.RpcException: Fail to create remoting client for service(dubbo://127.0.0.1:12345/com.bangbang.service.BookService?application=springboot-dubbo-provider&codec=dubbo&default.lazy=false&default.sticky=false&dubbo=2.0.2&heartbeat=60000&interface=com.bangbang.service.BookService&lazy=false&methods=getBookInfo&pid=57704&qos.enable=false&register.ip=127.0.0.1&revision=1.0-SNAPSHOT&side=consumer&sticky=false&timestamp=1564475656249&version=1.0.0): client(url: dubbo://127.0.0.1:12345/com.bangbang.service.BookService?application=springboot-dubbo-provider&codec=dubbo&default.lazy=false&default.sticky=false&dubbo=2.0.2&heartbeat=60000&interface=com.bangbang.service.BookService&lazy=false&methods=getBookInfo&pid=57704&qos.enable=false&register.ip=127.0.0.1&revision=1.0-SNAPSHOT&side=consumer&sticky=false&timestamp=1564475656249&version=1.0.0) failed to connect to server /127.0.0.1:12345, error message is:Connection refused: /127.0.0.1:12345
	at org.apache.dubbo.rpc.protocol.dubbo.DubboProtocol.initClient(DubboProtocol.java:581) ~[dubbo-2.7.1.jar:2.7.1]
	at org.apache.dubbo.rpc.protocol.dubbo.DubboProtocol.buildReferenceCountExchangeClient(DubboProtocol.java:545) ~[dubbo-2.7.1.jar:2.7.1]
	at org.apache.dubbo.rpc.protocol.dubbo.DubboProtocol.buildReferenceCountExchangeClientList(DubboProtocol.java:532) ~[dubbo-2.7.1.jar:2.7.1]
	at org.apache.dubbo.rpc.protocol.dubbo.DubboProtocol.getSharedClient(DubboProtocol.java:457) ~[dubbo-2.7.1.jar:2.7.1]
	at org.apache.dubbo.rpc.protocol.dubbo.DubboProtocol.getClients(DubboProtocol.java:412) ~[dubbo-2.7.1.jar:2.7.1]
	at org.apache.dubbo.rpc.protocol.dubbo.DubboProtocol.refer(DubboProtocol.java:389) ~[dubbo-2.7.1.jar:2.7.1]
	at org.apache.dubbo.qos.protocol.QosProtocolWrapper.refer(QosProtocolWrapper.java:72) ~[dubbo-2.7.1.jar:2.7.1]
	at org.apache.dubbo.rpc.protocol.ProtocolFilterWrapper.refer(ProtocolFilterWrapper.java:116) ~[dubbo-2.7.1.jar:2.7.1]
	at org.apache.dubbo.rpc.protocol.ProtocolListenerWrapper.refer(ProtocolListenerWrapper.java:67) ~[dubbo-2.7.1.jar:2.7.1]
	at org.apache.dubbo.rpc.Protocol$Adaptive.refer(Protocol$Adaptive.java) ~[dubbo-2.7.1.jar:2.7.1]
	at org.apache.dubbo.config.ReferenceConfig.createProxy(ReferenceConfig.java:366) ~[dubbo-2.7.1.jar:2.7.1]
	at org.apache.dubbo.config.ReferenceConfig.init(ReferenceConfig.java:305) ~[dubbo-2.7.1.jar:2.7.1]
	at org.apache.dubbo.config.ReferenceConfig.get(ReferenceConfig.java:231) ~[dubbo-2.7.1.jar:2.7.1]
	at org.apache.dubbo.config.spring.beans.factory.annotation.ReferenceAnnotationBeanPostProcessor$ReferenceBeanInvocationHandler.init(ReferenceAnnotationBeanPostProcessor.java:174) ~[dubbo-2.7.1.jar:2.7.1]
	at org.apache.dubbo.config.spring.beans.factory.annotation.ReferenceAnnotationBeanPostProcessor$ReferenceBeanInvocationHandler.access$100(ReferenceAnnotationBeanPostProcessor.java:147) ~[dubbo-2.7.1.jar:2.7.1]
	at org.apache.dubbo.config.spring.beans.factory.annotation.ReferenceAnnotationBeanPostProcessor.buildInvocationHandler(ReferenceAnnotationBeanPostProcessor.java:141) ~[dubbo-2.7.1.jar:2.7.1]
	at org.apache.dubbo.config.spring.beans.factory.annotation.ReferenceAnnotationBeanPostProcessor.buildProxy(ReferenceAnnotationBeanPostProcessor.java:123) ~[dubbo-2.7.1.jar:2.7.1]
	at org.apache.dubbo.config.spring.beans.factory.annotation.ReferenceAnnotationBeanPostProcessor.doGetInjectedBean(ReferenceAnnotationBeanPostProcessor.java:117) ~[dubbo-2.7.1.jar:2.7.1]
	at org.apache.dubbo.config.spring.beans.factory.annotation.ReferenceAnnotationBeanPostProcessor.doGetInjectedBean(ReferenceAnnotationBeanPostProcessor.java:50) ~[dubbo-2.7.1.jar:2.7.1]
	at org.apache.dubbo.config.spring.beans.factory.annotation.AnnotationInjectedBeanPostProcessor.getInjectedObject(AnnotationInjectedBeanPostProcessor.java:342) ~[dubbo-2.7.1.jar:2.7.1]
	at org.apache.dubbo.config.spring.beans.factory.annotation.AnnotationInjectedBeanPostProcessor$AnnotatedFieldElement.inject(AnnotationInjectedBeanPostProcessor.java:522) ~[dubbo-2.7.1.jar:2.7.1]
	at org.springframework.beans.factory.annotation.InjectionMetadata.inject(InjectionMetadata.java:90) ~[spring-beans-5.1.8.RELEASE.jar:5.1.8.RELEASE]
	at org.apache.dubbo.config.spring.beans.factory.annotation.AnnotationInjectedBeanPostProcessor.postProcessPropertyValues(AnnotationInjectedBeanPostProcessor.java:129) ~[dubbo-2.7.1.jar:2.7.1]
	... 43 common frames omitted
Caused by: org.apache.dubbo.remoting.RemotingException: client(url: dubbo://127.0.0.1:12345/com.bangbang.service.BookService?application=springboot-dubbo-provider&codec=dubbo&default.lazy=false&default.sticky=false&dubbo=2.0.2&heartbeat=60000&interface=com.bangbang.service.BookService&lazy=false&methods=getBookInfo&pid=57704&qos.enable=false&register.ip=127.0.0.1&revision=1.0-SNAPSHOT&side=consumer&sticky=false&timestamp=1564475656249&version=1.0.0) failed to connect to server /127.0.0.1:12345, error message is:Connection refused: /127.0.0.1:12345
	at org.apache.dubbo.remoting.transport.netty4.NettyClient.doConnect(NettyClient.java:131) ~[dubbo-2.7.1.jar:2.7.1]
	at org.apache.dubbo.remoting.transport.AbstractClient.connect(AbstractClient.java:186) ~[dubbo-2.7.1.jar:2.7.1]
	at org.apache.dubbo.remoting.transport.AbstractClient.<init>(AbstractClient.java:65) ~[dubbo-2.7.1.jar:2.7.1]
	at org.apache.dubbo.remoting.transport.netty4.NettyClient.<init>(NettyClient.java:57) ~[dubbo-2.7.1.jar:2.7.1]
	at org.apache.dubbo.remoting.transport.netty4.NettyTransporter.connect(NettyTransporter.java:37) ~[dubbo-2.7.1.jar:2.7.1]
	at org.apache.dubbo.remoting.Transporter$Adaptive.connect(Transporter$Adaptive.java) ~[dubbo-2.7.1.jar:2.7.1]
	at org.apache.dubbo.remoting.Transporters.connect(Transporters.java:75) ~[dubbo-2.7.1.jar:2.7.1]
	at org.apache.dubbo.remoting.exchange.support.header.HeaderExchanger.connect(HeaderExchanger.java:39) ~[dubbo-2.7.1.jar:2.7.1]
	at org.apache.dubbo.remoting.exchange.Exchangers.connect(Exchangers.java:109) ~[dubbo-2.7.1.jar:2.7.1]
	at org.apache.dubbo.rpc.protocol.dubbo.DubboProtocol.initClient(DubboProtocol.java:577) ~[dubbo-2.7.1.jar:2.7.1]
	... 65 common frames omitted
Caused by: io.netty.channel.AbstractChannel$AnnotatedConnectException: Connection refused: /127.0.0.1:12345
	at sun.nio.ch.SocketChannelImpl.checkConnect(Native Method) ~[na:1.8.0_131]
	at sun.nio.ch.SocketChannelImpl.finishConnect(SocketChannelImpl.java:717) ~[na:1.8.0_131]
	at io.netty.channel.socket.nio.NioSocketChannel.doFinishConnect(NioSocketChannel.java:327) ~[netty-all-4.1.36.Final.jar:4.1.36.Final]
	at io.netty.channel.nio.AbstractNioChannel$AbstractNioUnsafe.finishConnect(AbstractNioChannel.java:340) ~[netty-all-4.1.36.Final.jar:4.1.36.Final]
	at io.netty.channel.nio.NioEventLoop.processSelectedKey(NioEventLoop.java:670) ~[netty-all-4.1.36.Final.jar:4.1.36.Final]
	at io.netty.channel.nio.NioEventLoop.processSelectedKeysOptimized(NioEventLoop.java:617) ~[netty-all-4.1.36.Final.jar:4.1.36.Final]
	at io.netty.channel.nio.NioEventLoop.processSelectedKeys(NioEventLoop.java:534) ~[netty-all-4.1.36.Final.jar:4.1.36.Final]
	at io.netty.channel.nio.NioEventLoop.run(NioEventLoop.java:496) ~[netty-all-4.1.36.Final.jar:4.1.36.Final]
	at io.netty.util.concurrent.SingleThreadEventExecutor$5.run(SingleThreadEventExecutor.java:906) ~[netty-all-4.1.36.Final.jar:4.1.36.Final]
	at io.netty.util.internal.ThreadExecutorMap$2.run(ThreadExecutorMap.java:74) ~[netty-all-4.1.36.Final.jar:4.1.36.Final]
	at io.netty.util.concurrent.FastThreadLocalRunnable.run(FastThreadLocalRunnable.java:30) ~[netty-all-4.1.36.Final.jar:4.1.36.Final]
	at java.lang.Thread.run(Thread.java:748) ~[na:1.8.0_131]
Caused by: java.net.ConnectException: Connection refused
	... 12 common frames omitted

]]></system-out>
  </testcase>
</testsuite>