<?xml version="1.0" encoding="UTF-8"?>
<testsuite xmlns:xsi="http://www.w3.org/2001/XMLSchema-instance" xsi:noNamespaceSchemaLocation="https://maven.apache.org/surefire/maven-surefire-plugin/xsd/surefire-test-report.xsd" name="com.bangbang.controller.FileControllerTest" time="0.756" tests="1" errors="1" skipped="0" failures="0">
  <properties>
[...]
</properties>
  <testcase name="whenUploadSuccess" classname="com.bangbang.controller.FileControllerTest" time="0.001">
    <error message="Failed to load ApplicationContext" type="java.lang.IllegalStateException"><![CDATA[java.lang.IllegalStateException: Failed to load ApplicationContext
Caused by: org.springframework.beans.factory.BeanCreationException: Error creating bean with name 'bookController': Injection of @org.apache.dubbo.config.annotation.Reference dependencies is failed; nested exception is org.apache.dubbo.rpc.RpcException: Fail to create remoting client for service(dubbo://127.0.0.1:12345/com.bangbang.service.BookService?application=springboot-dubbo-provider&codec=dubbo&default.lazy=false&default.sticky=false&dubbo=2.0.2&heartbeat=60000&interface=com.bangbang.service.BookService&lazy=false&methods=getBookInfo&pid=57704&qos.enable=false&register.ip=127.0.0.1&revision=1.0-SNAPSHOT&side=consumer&sticky=false&timestamp=1564475657041&version=1.0.0): client(url: dubbo://127.0.0.1:12345/com.bangbang.service.BookService?application=springboot-dubbo-provider&codec=dubbo&default.lazy=false&default.sticky=false&dubbo=2.0.2&heartbeat=60000&interface=com.bangbang.service.BookService&lazy=false&methods=getBookInfo&pid=57704&qos.enable=false&register.ip=127.0.0.1&revision=1.0-SNAPSHOT&side=consumer&sticky=false&timestamp=1564475657041&version=1.0.0) failed to connect to server /127.0.0.1:12345, error message is:Connection refused: /127.0.0.1:12345
Caused by: org.apache.dubbo.rpc.RpcException: Fail to create remoting client for service(dubbo://127.0.0.1:12345/com.bangbang.service.BookService?application=springboot-dubbo-provider&codec=dubbo&default.lazy=false&default.sticky=false&dubbo=2.0.2&heartbeat=60000&interface=com.bangbang.service.BookService&lazy=false&methods=getBookInfo&pid=57704&qos.enable=false&register.ip=127.0.0.1&revision=1.0-SNAPSHOT&side=consumer&sticky=false&timestamp=1564475657041&version=1.0.0): client(url: dubbo://127.0.0.1:12345/com.bangbang.service.BookService?application=springboot-dubbo-provider&codec=dubbo&default.lazy=false&default.sticky=false&dubbo=2.0.2&heartbeat=60000&interface=com.bangbang.service.BookService&lazy=false&methods=getBookInfo&pid=57704&qos.enable=false&register.ip=127.0.0.1&revision=1.0-SNAPSHOT&side=consumer&sticky=false&timestamp=1564475657041&version=1.0.0) failed to connect to server /127.0.0.1:12345, error message is:Connection refused: /127.0.0.1:12345
Caused by: org.apache.dubbo.remoting.RemotingException: client(url: dubbo://127.0.0.1:12345/com.bangbang.service.BookService?application=springboot-dubbo-provider&codec=dubbo&default.lazy=false&default.sticky=false&dubbo=2.0.2&heartbeat=60000&interface=com.bangbang.service.BookService&lazy=false&methods=getBookInfo&pid=57704&qos.enable=false&register.ip=127.0.0.1&revision=1.0-SNAPSHOT&side=consumer&sticky=false&timestamp=1564475657041&version=1.0.0) failed to connect to server /127.0.0.1:12345, error message is:Connection refused: /127.0.0.1:12345
Caused by: io.netty.channel.AbstractChannel$AnnotatedConnectException: Connection refused: /127.0.0.1:12345
Caused by: java.net.ConnectException: Connection refused
]]></error>
    <system-out><![CDATA[2019-07-30 16:34:16.299  INFO 57704 --- [           main] .b.t.c.SpringBootTestContextBootstrapper : Neither @ContextConfiguration nor @ContextHierarchy found for test class [com.bangbang.controller.FileControllerTest], using SpringBootContextLoader
2019-07-30 16:34:16.299  INFO 57704 --- [           main] o.s.t.c.support.AbstractContextLoader    : Could not detect default resource locations for test class [com.bangbang.controller.FileControllerTest]: no resource found for suffixes {-context.xml, Context.groovy}.
2019-07-30 16:34:16.312  INFO 57704 --- [           main] .b.t.c.SpringBootTestContextBootstrapper : Loaded default TestExecutionListener class names from location [META-INF/spring.factories]: [org.springframework.boot.test.mock.mockito.MockitoTestExecutionListener, org.springframework.boot.test.mock.mockito.ResetMocksTestExecutionListener, org.springframework.boot.test.autoconfigure.restdocs.RestDocsTestExecutionListener, org.springframework.boot.test.autoconfigure.web.client.MockRestServiceServerResetTestExecutionListener, org.springframework.boot.test.autoconfigure.web.servlet.MockMvcPrintOnlyOnFailureTestExecutionListener, org.springframework.boot.test.autoconfigure.web.servlet.WebDriverTestExecutionListener, org.springframework.test.context.web.ServletTestExecutionListener, org.springframework.test.context.support.DirtiesContextBeforeModesTestExecutionListener, org.springframework.test.context.support.DependencyInjectionTestExecutionListener, org.springframework.test.context.support.DirtiesContextTestExecutionListener, org.springframework.test.context.transaction.TransactionalTestExecutionListener, org.springframework.test.context.jdbc.SqlScriptsTestExecutionListener]
2019-07-30 16:34:16.313  INFO 57704 --- [           main] .b.t.c.SpringBootTestContextBootstrapper : Using TestExecutionListeners: [org.springframework.test.context.web.ServletTestExecutionListener@4fae8455, org.springframework.test.context.support.DirtiesContextBeforeModesTestExecutionListener@16dc12cf, org.springframework.boot.test.mock.mockito.MockitoTestExecutionListener@5bbd8118, org.springframework.boot.test.autoconfigure.SpringBootDependencyInjectionTestExecutionListener@74974165, org.springframework.test.context.support.DirtiesContextTestExecutionListener@4f20ff8e, org.springframework.test.context.transaction.TransactionalTestExecutionListener@391cc6cf, org.springframework.test.context.jdbc.SqlScriptsTestExecutionListener@e9e25b5, org.springframework.boot.test.mock.mockito.ResetMocksTestExecutionListener@404cc16a, org.springframework.boot.test.autoconfigure.restdocs.RestDocsTestExecutionListener@8588a62, org.springframework.boot.test.autoconfigure.web.client.MockRestServiceServerResetTestExecutionListener@572d1f18, org.springframework.boot.test.autoconfigure.web.servlet.MockMvcPrintOnlyOnFailureTestExecutionListener@28e12bc5, org.springframework.boot.test.autoconfigure.web.servlet.WebDriverTestExecutionListener@e00f822]
2019-07-30 16:34:16.333  INFO 57704 --- [           main] e.OverrideDubboConfigApplicationListener : Dubbo Config was overridden by externalized configuration {dubbo.application.name=springboot-dubbo-provider, dubbo.application.qos-enable=false, dubbo.config.multiple=true, dubbo.registry.address=multicast://224.5.6.7:1234}

  .   ____          _            __ _ _
 /\\ / ___'_ __ _ _(_)_ __  __ _ \ \ \ \
( ( )\___ | '_ | '_| | '_ \/ _` | \ \ \ \
 \\/  ___)| |_)| | | | | || (_| |  ) ) ) )
  '  |____| .__|_| |_|_| |_\__, | / / / /
 =========|_|==============|___/=/_/_/_/
 :: Spring Boot ::        (v2.1.6.RELEASE)

2019-07-30 16:34:16.344  INFO 57704 --- [           main] c.b.controller.FileControllerTest        : Starting FileControllerTest on GaoMac with PID 57704 (started by gao in /Users/gao/my_code_trunk/bookshop/bookshop-web)
2019-07-30 16:34:16.344  INFO 57704 --- [           main] c.b.controller.FileControllerTest        : No active profile set, falling back to default profiles: default
2019-07-30 16:34:16.565  INFO 57704 --- [           main] .a.d.c.s.c.a.DubboConfigBindingRegistrar : The dubbo config bean definition [name : org.apache.dubbo.config.ApplicationConfig#0, class : org.apache.dubbo.config.ApplicationConfig] has been registered.
2019-07-30 16:34:16.565  INFO 57704 --- [           main] .a.d.c.s.c.a.DubboConfigBindingRegistrar : The BeanPostProcessor bean definition [org.apache.dubbo.config.spring.beans.factory.annotation.DubboConfigBindingBeanPostProcessor] for dubbo config bean [name : org.apache.dubbo.config.ApplicationConfig#0] has been registered.
2019-07-30 16:34:16.565  INFO 57704 --- [           main] .a.d.c.s.c.a.DubboConfigBindingRegistrar : The dubbo config bean definition [name : org.apache.dubbo.config.RegistryConfig#0, class : org.apache.dubbo.config.RegistryConfig] has been registered.
2019-07-30 16:34:16.565  INFO 57704 --- [           main] .a.d.c.s.c.a.DubboConfigBindingRegistrar : The BeanPostProcessor bean definition [org.apache.dubbo.config.spring.beans.factory.annotation.DubboConfigBindingBeanPostProcessor] for dubbo config bean [name : org.apache.dubbo.config.RegistryConfig#0] has been registered.
2019-07-30 16:34:16.573  INFO 57704 --- [           main] .s.d.r.c.RepositoryConfigurationDelegate : Bootstrapping Spring Data repositories in DEFAULT mode.
2019-07-30 16:34:16.582  INFO 57704 --- [           main] .s.d.r.c.RepositoryConfigurationDelegate : Finished Spring Data repository scanning in 9ms. Found 0 repository interfaces.
2019-07-30 16:34:16.625  INFO 57704 --- [           main] trationDelegate$BeanPostProcessorChecker : Bean 'org.apache.dubbo.spring.boot.autoconfigure.DubboAutoConfiguration' of type [org.apache.dubbo.spring.boot.autoconfigure.DubboAutoConfiguration$$EnhancerBySpringCGLIB$$2ac7514f] is not eligible for getting processed by all BeanPostProcessors (for example: not eligible for auto-proxying)
2019-07-30 16:34:16.682  INFO 57704 --- [           main] trationDelegate$BeanPostProcessorChecker : Bean 'org.springframework.transaction.annotation.ProxyTransactionManagementConfiguration' of type [org.springframework.transaction.annotation.ProxyTransactionManagementConfiguration$$EnhancerBySpringCGLIB$$fcd327e9] is not eligible for getting processed by all BeanPostProcessors (for example: not eligible for auto-proxying)
2019-07-30 16:34:16.710  INFO 57704 --- [           main] trationDelegate$BeanPostProcessorChecker : Bean 'org.apache.dubbo.spring.boot.autoconfigure.DubboRelaxedBinding2AutoConfiguration' of type [org.apache.dubbo.spring.boot.autoconfigure.DubboRelaxedBinding2AutoConfiguration$$EnhancerBySpringCGLIB$$bb81761f] is not eligible for getting processed by all BeanPostProcessors (for example: not eligible for auto-proxying)
2019-07-30 16:34:16.712  INFO 57704 --- [           main] trationDelegate$BeanPostProcessorChecker : Bean 'relaxedDubboConfigBinder' of type [org.apache.dubbo.spring.boot.autoconfigure.BinderDubboConfigBinder] is not eligible for getting processed by all BeanPostProcessors (for example: not eligible for auto-proxying)
2019-07-30 16:34:16.717  INFO 57704 --- [           main] trationDelegate$BeanPostProcessorChecker : Bean 'relaxedDubboConfigBinder' of type [org.apache.dubbo.spring.boot.autoconfigure.BinderDubboConfigBinder] is not eligible for getting processed by all BeanPostProcessors (for example: not eligible for auto-proxying)
2019-07-30 16:34:16.833  INFO 57704 --- [           main] com.zaxxer.hikari.HikariDataSource       : HikariPool-9 - Starting...
2019-07-30 16:34:16.840  INFO 57704 --- [           main] com.zaxxer.hikari.HikariDataSource       : HikariPool-9 - Start completed.
2019-07-30 16:34:16.863  INFO 57704 --- [           main] o.hibernate.jpa.internal.util.LogHelper  : HHH000204: Processing PersistenceUnitInfo [
	name: default
	...]
2019-07-30 16:34:16.870  INFO 57704 --- [           main] org.hibernate.dialect.Dialect            : HHH000400: Using dialect: org.hibernate.dialect.MySQL5Dialect
2019-07-30 16:34:16.882  INFO 57704 --- [           main] o.h.t.schema.internal.SchemaCreatorImpl  : HHH000476: Executing import script 'org.hibernate.tool.schema.internal.exec.ScriptSourceInputNonExistentImpl@58b311ba'
2019-07-30 16:34:16.882  INFO 57704 --- [           main] j.LocalContainerEntityManagerFactoryBean : Initialized JPA EntityManagerFactory for persistence unit 'default'
2019-07-30 16:34:17.020  INFO 57704 --- [           main] .f.a.DubboConfigBindingBeanPostProcessor : The properties of bean [name : org.apache.dubbo.config.ApplicationConfig#0] have been binding by prefix of configuration properties : dubbo.application
2019-07-30 16:34:17.030  INFO 57704 --- [           main] .f.a.DubboConfigBindingBeanPostProcessor : The properties of bean [name : org.apache.dubbo.config.RegistryConfig#0] have been binding by prefix of configuration properties : dubbo.registry
2019-07-30 16:34:17.037  INFO 57704 --- [           main] o.a.d.c.s.b.f.a.ReferenceBeanBuilder     : The bean[type:ReferenceBean] has been built.
2019-07-30 16:34:17.041  WARN 57704 --- [           main] org.apache.dubbo.config.AbstractConfig   :  [DUBBO] There's no valid metadata config found, if you are using the simplified mode of registry url, please make sure you have a metadata address configured properly., dubbo version: 2.7.1, current host: 127.0.0.1
2019-07-30 16:34:17.045  WARN 57704 --- [           main] o.s.w.c.s.GenericWebApplicationContext   : Exception encountered during context initialization - cancelling refresh attempt: org.springframework.beans.factory.BeanCreationException: Error creating bean with name 'bookController': Injection of @org.apache.dubbo.config.annotation.Reference dependencies is failed; nested exception is org.apache.dubbo.rpc.RpcException: Fail to create remoting client for service(dubbo://127.0.0.1:12345/com.bangbang.service.BookService?application=springboot-dubbo-provider&codec=dubbo&default.lazy=false&default.sticky=false&dubbo=2.0.2&heartbeat=60000&interface=com.bangbang.service.BookService&lazy=false&methods=getBookInfo&pid=57704&qos.enable=false&register.ip=127.0.0.1&revision=1.0-SNAPSHOT&side=consumer&sticky=false&timestamp=1564475657041&version=1.0.0): client(url: dubbo://127.0.0.1:12345/com.bangbang.service.BookService?application=springboot-dubbo-provider&codec=dubbo&default.lazy=false&default.sticky=false&dubbo=2.0.2&heartbeat=60000&interface=com.bangbang.service.BookService&lazy=false&methods=getBookInfo&pid=57704&qos.enable=false&register.ip=127.0.0.1&revision=1.0-SNAPSHOT&side=consumer&sticky=false&timestamp=1564475657041&version=1.0.0) failed to connect to server /127.0.0.1:12345, error message is:Connection refused: /127.0.0.1:12345
2019-07-30 16:34:17.045  INFO 57704 --- [           main] j.LocalContainerEntityManagerFactoryBean : Closing JPA EntityManagerFactory for persistence unit 'default'
2019-07-30 16:34:17.045  INFO 57704 --- [           main] com.zaxxer.hikari.HikariDataSource       : HikariPool-9 - Shutdown initiated...
2019-07-30 16:34:17.047  INFO 57704 --- [           main] com.zaxxer.hikari.HikariDataSource       : HikariPool-9 - Shutdown completed.
2019-07-30 16:34:17.048  INFO 57704 --- [           main] f.a.ReferenceAnnotationBeanPostProcessor : class org.apache.dubbo.config.spring.beans.factory.annotation.ReferenceAnnotationBeanPostProcessor was destroying!
2019-07-30 16:34:17.052  INFO 57704 --- [           main] ConditionEvaluationReportLoggingListener : 

Error starting ApplicationContext. To display the conditions report re-run your application with 'debug' enabled.
2019-07-30 16:34:17.054 ERROR 57704 --- [           main] o.s.boot.SpringApplication               : Application run failed

org.springframework.beans.factory.BeanCreationException: Error creating bean with name 'bookController': Injection of @org.apache.dubbo.config.annotation.Reference dependencies is failed; nested exception is org.apache.dubbo.rpc.RpcException: Fail to create remoting client for service(dubbo://127.0.0.1:12345/com.bangbang.service.BookService?application=springboot-dubbo-provider&codec=dubbo&default.lazy=false&default.sticky=false&dubbo=2.0.2&heartbeat=60000&interface=com.bangbang.service.BookService&lazy=false&methods=getBookInfo&pid=57704&qos.enable=false&register.ip=127.0.0.1&revision=1.0-SNAPSHOT&side=consumer&sticky=false&timestamp=1564475657041&version=1.0.0): client(url: dubbo://127.0.0.1:12345/com.bangbang.service.BookService?application=springboot-dubbo-provider&codec=dubbo&default.lazy=false&default.sticky=false&dubbo=2.0.2&heartbeat=60000&interface=com.bangbang.service.BookService&lazy=false&methods=getBookInfo&pid=57704&qos.enable=false&register.ip=127.0.0.1&revision=1.0-SNAPSHOT&side=consumer&sticky=false&timestamp=1564475657041&version=1.0.0) failed to connect to server /127.0.0.1:12345, error message is:Connection refused: /127.0.0.1:12345
	at org.apache.dubbo.config.spring.beans.factory.annotation.AnnotationInjectedBeanPostProcessor.postProcessPropertyValues(AnnotationInjectedBeanPostProcessor.java:133) ~[dubbo-2.7.1.jar:2.7.1]
	at org.springframework.beans.factory.support.AbstractAutowireCapableBeanFactory.populateBean(AbstractAutowireCapableBeanFactory.java:1416) ~[spring-beans-5.1.8.RELEASE.jar:5.1.8.RELEASE]
	at org.springframework.beans.factory.support.AbstractAutowireCapableBeanFactory.doCreateBean(AbstractAutowireCapableBeanFactory.java:592) ~[spring-beans-5.1.8.RELEASE.jar:5.1.8.RELEASE]
	at org.springframework.beans.factory.support.AbstractAutowireCapableBeanFactory.createBean(AbstractAutowireCapableBeanFactory.java:515) ~[spring-beans-5.1.8.RELEASE.jar:5.1.8.RELEASE]
	at org.springframework.beans.factory.support.AbstractBeanFactory.lambda$doGetBean$0(AbstractBeanFactory.java:320) ~[spring-beans-5.1.8.RELEASE.jar:5.1.8.RELEASE]
	at org.springframework.beans.factory.support.DefaultSingletonBeanRegistry.getSingleton(DefaultSingletonBeanRegistry.java:222) ~[spring-beans-5.1.8.RELEASE.jar:5.1.8.RELEASE]
	at org.springframework.beans.factory.support.AbstractBeanFactory.doGetBean(AbstractBeanFactory.java:318) ~[spring-beans-5.1.8.RELEASE.jar:5.1.8.RELEASE]
	at org.springframework.beans.factory.support.AbstractBeanFactory.getBean(AbstractBeanFactory.java:199) ~[spring-beans-5.1.8.RELEASE.jar:5.1.8.RELEASE]
	at org.springframework.beans.factory.support.DefaultListableBeanFactory.preInstantiateSingletons(DefaultListableBeanFactory.java:845) ~[spring-beans-5.1.8.RELEASE.jar:5.1.8.RELEASE]
	at org.springframework.context.support.AbstractApplicationContext.finishBeanFactoryInitialization(AbstractApplicationContext.java:877) ~[spring-context-5.1.8.RELEASE.jar:5.1.8.RELEASE]
	at org.springframework.context.support.AbstractApplicationContext.refresh(AbstractApplicationContext.java:549) ~[spring-context-5.1.8.RELEASE.jar:5.1.8.RELEASE]
	at org.springframework.boot.SpringApplication.refresh(SpringApplication.java:742) ~[spring-boot-2.1.6.RELEASE.jar:2.1.6.RELEASE]
	at org.springframework.boot.SpringApplication.refreshContext(SpringApplication.java:389) ~[spring-boot-2.1.6.RELEASE.jar:2.1.6.RELEASE]
	at org.springframework.boot.SpringApplication.run(SpringApplication.java:311) ~[spring-boot-2.1.6.RELEASE.jar:2.1.6.RELEASE]
	at org.springframework.boot.test.context.SpringBootContextLoader.loadContext(SpringBootContextLoader.java:119) [spring-boot-test-2.1.6.RELEASE.jar:2.1.6.RELEASE]
	at org.springframework.test.context.cache.DefaultCacheAwareContextLoaderDelegate.loadContextInternal(DefaultCacheAwareContextLoaderDelegate.java:99) [spring-test-5.1.8.RELEASE.jar:5.1.8.RELEASE]
	at org.springframework.test.context.cache.DefaultCacheAwareContextLoaderDelegate.loadContext(DefaultCacheAwareContextLoaderDelegate.java:117) [spring-test-5.1.8.RELEASE.jar:5.1.8.RELEASE]
	at org.springframework.test.context.support.DefaultTestContext.getApplicationContext(DefaultTestContext.java:108) [spring-test-5.1.8.RELEASE.jar:5.1.8.RELEASE]
	at org.springframework.test.context.web.ServletTestExecutionListener.setUpRequestContextIfNecessary(ServletTestExecutionListener.java:190) [spring-test-5.1.8.RELEASE.jar:5.1.8.RELEASE]
	at org.springframework.test.context.web.ServletTestExecutionListener.prepareTestInstance(ServletTestExecutionListener.java:132) [spring-test-5.1.8.RELEASE.jar:5.1.8.RELEASE]
	at org.springframework.test.context.TestContextManager.prepareTestInstance(TestContextManager.java:246) [spring-test-5.1.8.RELEASE.jar:5.1.8.RELEASE]
	at org.springframework.test.context.junit4.SpringJUnit4ClassRunner.createTest(SpringJUnit4ClassRunner.java:227) [spring-test-5.1.8.RELEASE.jar:5.1.8.RELEASE]
	at org.springframework.test.context.junit4.SpringJUnit4ClassRunner$1.runReflectiveCall(SpringJUnit4ClassRunner.java:289) [spring-test-5.1.8.RELEASE.jar:5.1.8.RELEASE]
	at org.junit.internal.runners.model.ReflectiveCallable.run(ReflectiveCallable.java:12) [junit-4.12.jar:4.12]
	at org.springframework.test.context.junit4.SpringJUnit4ClassRunner.methodBlock(SpringJUnit4ClassRunner.java:291) [spring-test-5.1.8.RELEASE.jar:5.1.8.RELEASE]
	at org.springframework.test.context.junit4.SpringJUnit4ClassRunner.runChild(SpringJUnit4ClassRunner.java:246) [spring-test-5.1.8.RELEASE.jar:5.1.8.RELEASE]
	at org.springframework.test.context.junit4.SpringJUnit4ClassRunner.runChild(SpringJUnit4ClassRunner.java:97) [spring-test-5.1.8.RELEASE.jar:5.1.8.RELEASE]
	at org.junit.runners.ParentRunner$3.run(ParentRunner.java:290) [junit-4.12.jar:4.12]
	at org.junit.runners.ParentRunner$1.schedule(ParentRunner.java:71) [junit-4.12.jar:4.12]
	at org.junit.runners.ParentRunner.runChildren(ParentRunner.java:288) [junit-4.12.jar:4.12]
	at org.junit.runners.ParentRunner.access$000(ParentRunner.java:58) [junit-4.12.jar:4.12]
	at org.junit.runners.ParentRunner$2.evaluate(ParentRunner.java:268) [junit-4.12.jar:4.12]
	at org.springframework.test.context.junit4.statements.RunBeforeTestClassCallbacks.evaluate(RunBeforeTestClassCallbacks.java:61) [spring-test-5.1.8.RELEASE.jar:5.1.8.RELEASE]
	at org.springframework.test.context.junit4.statements.RunAfterTestClassCallbacks.evaluate(RunAfterTestClassCallbacks.java:70) [spring-test-5.1.8.RELEASE.jar:5.1.8.RELEASE]
	at org.junit.runners.ParentRunner.run(ParentRunner.java:363) [junit-4.12.jar:4.12]
	at org.springframework.test.context.junit4.SpringJUnit4ClassRunner.run(SpringJUnit4ClassRunner.java:190) [spring-test-5.1.8.RELEASE.jar:5.1.8.RELEASE]
	at org.apache.maven.surefire.junit4.JUnit4Provider.execute(JUnit4Provider.java:365) [surefire-junit4-2.22.2.jar:2.22.2]
	at org.apache.maven.surefire.junit4.JUnit4Provider.executeWithRerun(JUnit4Provider.java:273) [surefire-junit4-2.22.2.jar:2.22.2]
	at org.apache.maven.surefire.junit4.JUnit4Provider.executeTestSet(JUnit4Provider.java:238) [surefire-junit4-2.22.2.jar:2.22.2]
	at org.apache.maven.surefire.junit4.JUnit4Provider.invoke(JUnit4Provider.java:159) [surefire-junit4-2.22.2.jar:2.22.2]
	at org.apache.maven.surefire.booter.ForkedBooter.invokeProviderInSameClassLoader(ForkedBooter.java:384) [surefire-booter-2.22.2.jar:2.22.2]
	at org.apache.maven.surefire.booter.ForkedBooter.runSuitesInProcess(ForkedBooter.java:345) [surefire-booter-2.22.2.jar:2.22.2]
	at org.apache.maven.surefire.booter.ForkedBooter.execute(ForkedBooter.java:126) [surefire-booter-2.22.2.jar:2.22.2]
	at org.apache.maven.surefire.booter.ForkedBooter.main(ForkedBooter.java:418) [surefire-booter-2.22.2.jar:2.22.2]
Caused by: org.apache.dubbo.rpc.RpcException: Fail to create remoting client for service(dubbo://127.0.0.1:12345/com.bangbang.service.BookService?application=springboot-dubbo-provider&codec=dubbo&default.lazy=false&default.sticky=false&dubbo=2.0.2&heartbeat=60000&interface=com.bangbang.service.BookService&lazy=false&methods=getBookInfo&pid=57704&qos.enable=false&register.ip=127.0.0.1&revision=1.0-SNAPSHOT&side=consumer&sticky=false&timestamp=1564475657041&version=1.0.0): client(url: dubbo://127.0.0.1:12345/com.bangbang.service.BookService?application=springboot-dubbo-provider&codec=dubbo&default.lazy=false&default.sticky=false&dubbo=2.0.2&heartbeat=60000&interface=com.bangbang.service.BookService&lazy=false&methods=getBookInfo&pid=57704&qos.enable=false&register.ip=127.0.0.1&revision=1.0-SNAPSHOT&side=consumer&sticky=false&timestamp=1564475657041&version=1.0.0) failed to connect to server /127.0.0.1:12345, error message is:Connection refused: /127.0.0.1:12345
	at org.apache.dubbo.rpc.protocol.dubbo.DubboProtocol.initClient(DubboProtocol.java:581) ~[dubbo-2.7.1.jar:2.7.1]
	at org.apache.dubbo.rpc.protocol.dubbo.DubboProtocol.buildReferenceCountExchangeClient(DubboProtocol.java:545) ~[dubbo-2.7.1.jar:2.7.1]
	at org.apache.dubbo.rpc.protocol.dubbo.DubboProtocol.buildReferenceCountExchangeClientList(DubboProtocol.java:532) ~[dubbo-2.7.1.jar:2.7.1]
	at org.apache.dubbo.rpc.protocol.dubbo.DubboProtocol.getSharedClient(DubboProtocol.java:457) ~[dubbo-2.7.1.jar:2.7.1]
	at org.apache.dubbo.rpc.protocol.dubbo.DubboProtocol.getClients(DubboProtocol.java:412) ~[dubbo-2.7.1.jar:2.7.1]
	at org.apache.dubbo.rpc.protocol.dubbo.DubboProtocol.refer(DubboProtocol.java:389) ~[dubbo-2.7.1.jar:2.7.1]
	at org.apache.dubbo.qos.protocol.QosProtocolWrapper.refer(QosProtocolWrapper.java:72) ~[dubbo-2.7.1.jar:2.7.1]
	at org.apache.dubbo.rpc.protocol.ProtocolFilterWrapper.refer(ProtocolFilterWrapper.java:116) ~[dubbo-2.7.1.jar:2.7.1]
	at org.apache.dubbo.rpc.protocol.ProtocolListenerWrapper.refer(ProtocolListenerWrapper.java:67) ~[dubbo-2.7.1.jar:2.7.1]
	at org.apache.dubbo.rpc.Protocol$Adaptive.refer(Protocol$Adaptive.java) ~[dubbo-2.7.1.jar:2.7.1]
	at org.apache.dubbo.config.ReferenceConfig.createProxy(ReferenceConfig.java:366) ~[dubbo-2.7.1.jar:2.7.1]
	at org.apache.dubbo.config.ReferenceConfig.init(ReferenceConfig.java:305) ~[dubbo-2.7.1.jar:2.7.1]
	at org.apache.dubbo.config.ReferenceConfig.get(ReferenceConfig.java:231) ~[dubbo-2.7.1.jar:2.7.1]
	at org.apache.dubbo.config.spring.beans.factory.annotation.ReferenceAnnotationBeanPostProcessor$ReferenceBeanInvocationHandler.init(ReferenceAnnotationBeanPostProcessor.java:174) ~[dubbo-2.7.1.jar:2.7.1]
	at org.apache.dubbo.config.spring.beans.factory.annotation.ReferenceAnnotationBeanPostProcessor$ReferenceBeanInvocationHandler.access$100(ReferenceAnnotationBeanPostProcessor.java:147) ~[dubbo-2.7.1.jar:2.7.1]
	at org.apache.dubbo.config.spring.beans.factory.annotation.ReferenceAnnotationBeanPostProcessor.buildInvocationHandler(ReferenceAnnotationBeanPostProcessor.java:141) ~[dubbo-2.7.1.jar:2.7.1]
	at org.apache.dubbo.config.spring.beans.factory.annotation.ReferenceAnnotationBeanPostProcessor.buildProxy(ReferenceAnnotationBeanPostProcessor.java:123) ~[dubbo-2.7.1.jar:2.7.1]
	at org.apache.dubbo.config.spring.beans.factory.annotation.ReferenceAnnotationBeanPostProcessor.doGetInjectedBean(ReferenceAnnotationBeanPostProcessor.java:117) ~[dubbo-2.7.1.jar:2.7.1]
	at org.apache.dubbo.config.spring.beans.factory.annotation.ReferenceAnnotationBeanPostProcessor.doGetInjectedBean(ReferenceAnnotationBeanPostProcessor.java:50) ~[dubbo-2.7.1.jar:2.7.1]
	at org.apache.dubbo.config.spring.beans.factory.annotation.AnnotationInjectedBeanPostProcessor.getInjectedObject(AnnotationInjectedBeanPostProcessor.java:342) ~[dubbo-2.7.1.jar:2.7.1]
	at org.apache.dubbo.config.spring.beans.factory.annotation.AnnotationInjectedBeanPostProcessor$AnnotatedFieldElement.inject(AnnotationInjectedBeanPostProcessor.java:522) ~[dubbo-2.7.1.jar:2.7.1]
	at org.springframework.beans.factory.annotation.InjectionMetadata.inject(InjectionMetadata.java:90) ~[spring-beans-5.1.8.RELEASE.jar:5.1.8.RELEASE]
	at org.apache.dubbo.config.spring.beans.factory.annotation.AnnotationInjectedBeanPostProcessor.postProcessPropertyValues(AnnotationInjectedBeanPostProcessor.java:129) ~[dubbo-2.7.1.jar:2.7.1]
	... 43 common frames omitted
Caused by: org.apache.dubbo.remoting.RemotingException: client(url: dubbo://127.0.0.1:12345/com.bangbang.service.BookService?application=springboot-dubbo-provider&codec=dubbo&default.lazy=false&default.sticky=false&dubbo=2.0.2&heartbeat=60000&interface=com.bangbang.service.BookService&lazy=false&methods=getBookInfo&pid=57704&qos.enable=false&register.ip=127.0.0.1&revision=1.0-SNAPSHOT&side=consumer&sticky=false&timestamp=1564475657041&version=1.0.0) failed to connect to server /127.0.0.1:12345, error message is:Connection refused: /127.0.0.1:12345
	at org.apache.dubbo.remoting.transport.netty4.NettyClient.doConnect(NettyClient.java:131) ~[dubbo-2.7.1.jar:2.7.1]
	at org.apache.dubbo.remoting.transport.AbstractClient.connect(AbstractClient.java:186) ~[dubbo-2.7.1.jar:2.7.1]
	at org.apache.dubbo.remoting.transport.AbstractClient.<init>(AbstractClient.java:65) ~[dubbo-2.7.1.jar:2.7.1]
	at org.apache.dubbo.remoting.transport.netty4.NettyClient.<init>(NettyClient.java:57) ~[dubbo-2.7.1.jar:2.7.1]
	at org.apache.dubbo.remoting.transport.netty4.NettyTransporter.connect(NettyTransporter.java:37) ~[dubbo-2.7.1.jar:2.7.1]
	at org.apache.dubbo.remoting.Transporter$Adaptive.connect(Transporter$Adaptive.java) ~[dubbo-2.7.1.jar:2.7.1]
	at org.apache.dubbo.remoting.Transporters.connect(Transporters.java:75) ~[dubbo-2.7.1.jar:2.7.1]
	at org.apache.dubbo.remoting.exchange.support.header.HeaderExchanger.connect(HeaderExchanger.java:39) ~[dubbo-2.7.1.jar:2.7.1]
	at org.apache.dubbo.remoting.exchange.Exchangers.connect(Exchangers.java:109) ~[dubbo-2.7.1.jar:2.7.1]
	at org.apache.dubbo.rpc.protocol.dubbo.DubboProtocol.initClient(DubboProtocol.java:577) ~[dubbo-2.7.1.jar:2.7.1]
	... 65 common frames omitted
Caused by: io.netty.channel.AbstractChannel$AnnotatedConnectException: Connection refused: /127.0.0.1:12345
	at sun.nio.ch.SocketChannelImpl.checkConnect(Native Method) ~[na:1.8.0_131]
	at sun.nio.ch.SocketChannelImpl.finishConnect(SocketChannelImpl.java:717) ~[na:1.8.0_131]
	at io.netty.channel.socket.nio.NioSocketChannel.doFinishConnect(NioSocketChannel.java:327) ~[netty-all-4.1.36.Final.jar:4.1.36.Final]
	at io.netty.channel.nio.AbstractNioChannel$AbstractNioUnsafe.finishConnect(AbstractNioChannel.java:340) ~[netty-all-4.1.36.Final.jar:4.1.36.Final]
	at io.netty.channel.nio.NioEventLoop.processSelectedKey(NioEventLoop.java:670) ~[netty-all-4.1.36.Final.jar:4.1.36.Final]
	at io.netty.channel.nio.NioEventLoop.processSelectedKeysOptimized(NioEventLoop.java:617) ~[netty-all-4.1.36.Final.jar:4.1.36.Final]
	at io.netty.channel.nio.NioEventLoop.processSelectedKeys(NioEventLoop.java:534) ~[netty-all-4.1.36.Final.jar:4.1.36.Final]
	at io.netty.channel.nio.NioEventLoop.run(NioEventLoop.java:496) ~[netty-all-4.1.36.Final.jar:4.1.36.Final]
	at io.netty.util.concurrent.SingleThreadEventExecutor$5.run(SingleThreadEventExecutor.java:906) ~[netty-all-4.1.36.Final.jar:4.1.36.Final]
	at io.netty.util.internal.ThreadExecutorMap$2.run(ThreadExecutorMap.java:74) ~[netty-all-4.1.36.Final.jar:4.1.36.Final]
	at io.netty.util.concurrent.FastThreadLocalRunnable.run(FastThreadLocalRunnable.java:30) ~[netty-all-4.1.36.Final.jar:4.1.36.Final]
	at java.lang.Thread.run(Thread.java:748) ~[na:1.8.0_131]
Caused by: java.net.ConnectException: Connection refused
	... 12 common frames omitted

2019-07-30 16:34:17.055 ERROR 57704 --- [           main] o.s.test.context.TestContextManager      : Caught exception while allowing TestExecutionListener [org.springframework.test.context.web.ServletTestExecutionListener@4fae8455] to prepare test instance [com.bangbang.controller.FileControllerTest@46b376bb]

java.lang.IllegalStateException: Failed to load ApplicationContext
	at org.springframework.test.context.cache.DefaultCacheAwareContextLoaderDelegate.loadContext(DefaultCacheAwareContextLoaderDelegate.java:125) ~[spring-test-5.1.8.RELEASE.jar:5.1.8.RELEASE]
	at org.springframework.test.context.support.DefaultTestContext.getApplicationContext(DefaultTestContext.java:108) ~[spring-test-5.1.8.RELEASE.jar:5.1.8.RELEASE]
	at org.springframework.test.context.web.ServletTestExecutionListener.setUpRequestContextIfNecessary(ServletTestExecutionListener.java:190) ~[spring-test-5.1.8.RELEASE.jar:5.1.8.RELEASE]
	at org.springframework.test.context.web.ServletTestExecutionListener.prepareTestInstance(ServletTestExecutionListener.java:132) ~[spring-test-5.1.8.RELEASE.jar:5.1.8.RELEASE]
	at org.springframework.test.context.TestContextManager.prepareTestInstance(TestContextManager.java:246) ~[spring-test-5.1.8.RELEASE.jar:5.1.8.RELEASE]
	at org.springframework.test.context.junit4.SpringJUnit4ClassRunner.createTest(SpringJUnit4ClassRunner.java:227) [spring-test-5.1.8.RELEASE.jar:5.1.8.RELEASE]
	at org.springframework.test.context.junit4.SpringJUnit4ClassRunner$1.runReflectiveCall(SpringJUnit4ClassRunner.java:289) [spring-test-5.1.8.RELEASE.jar:5.1.8.RELEASE]
	at org.junit.internal.runners.model.ReflectiveCallable.run(ReflectiveCallable.java:12) [junit-4.12.jar:4.12]
	at org.springframework.test.context.junit4.SpringJUnit4ClassRunner.methodBlock(SpringJUnit4ClassRunner.java:291) [spring-test-5.1.8.RELEASE.jar:5.1.8.RELEASE]
	at org.springframework.test.context.junit4.SpringJUnit4ClassRunner.runChild(SpringJUnit4ClassRunner.java:246) [spring-test-5.1.8.RELEASE.jar:5.1.8.RELEASE]
	at org.springframework.test.context.junit4.SpringJUnit4ClassRunner.runChild(SpringJUnit4ClassRunner.java:97) [spring-test-5.1.8.RELEASE.jar:5.1.8.RELEASE]
	at org.junit.runners.ParentRunner$3.run(ParentRunner.java:290) [junit-4.12.jar:4.12]
	at org.junit.runners.ParentRunner$1.schedule(ParentRunner.java:71) [junit-4.12.jar:4.12]
	at org.junit.runners.ParentRunner.runChildren(ParentRunner.java:288) [junit-4.12.jar:4.12]
	at org.junit.runners.ParentRunner.access$000(ParentRunner.java:58) [junit-4.12.jar:4.12]
	at org.junit.runners.ParentRunner$2.evaluate(ParentRunner.java:268) [junit-4.12.jar:4.12]
	at org.springframework.test.context.junit4.statements.RunBeforeTestClassCallbacks.evaluate(RunBeforeTestClassCallbacks.java:61) [spring-test-5.1.8.RELEASE.jar:5.1.8.RELEASE]
	at org.springframework.test.context.junit4.statements.RunAfterTestClassCallbacks.evaluate(RunAfterTestClassCallbacks.java:70) [spring-test-5.1.8.RELEASE.jar:5.1.8.RELEASE]
	at org.junit.runners.ParentRunner.run(ParentRunner.java:363) [junit-4.12.jar:4.12]
	at org.springframework.test.context.junit4.SpringJUnit4ClassRunner.run(SpringJUnit4ClassRunner.java:190) [spring-test-5.1.8.RELEASE.jar:5.1.8.RELEASE]
	at org.apache.maven.surefire.junit4.JUnit4Provider.execute(JUnit4Provider.java:365) [surefire-junit4-2.22.2.jar:2.22.2]
	at org.apache.maven.surefire.junit4.JUnit4Provider.executeWithRerun(JUnit4Provider.java:273) [surefire-junit4-2.22.2.jar:2.22.2]
	at org.apache.maven.surefire.junit4.JUnit4Provider.executeTestSet(JUnit4Provider.java:238) [surefire-junit4-2.22.2.jar:2.22.2]
	at org.apache.maven.surefire.junit4.JUnit4Provider.invoke(JUnit4Provider.java:159) [surefire-junit4-2.22.2.jar:2.22.2]
	at org.apache.maven.surefire.booter.ForkedBooter.invokeProviderInSameClassLoader(ForkedBooter.java:384) [surefire-booter-2.22.2.jar:2.22.2]
	at org.apache.maven.surefire.booter.ForkedBooter.runSuitesInProcess(ForkedBooter.java:345) [surefire-booter-2.22.2.jar:2.22.2]
	at org.apache.maven.surefire.booter.ForkedBooter.execute(ForkedBooter.java:126) [surefire-booter-2.22.2.jar:2.22.2]
	at org.apache.maven.surefire.booter.ForkedBooter.main(ForkedBooter.java:418) [surefire-booter-2.22.2.jar:2.22.2]
Caused by: org.springframework.beans.factory.BeanCreationException: Error creating bean with name 'bookController': Injection of @org.apache.dubbo.config.annotation.Reference dependencies is failed; nested exception is org.apache.dubbo.rpc.RpcException: Fail to create remoting client for service(dubbo://127.0.0.1:12345/com.bangbang.service.BookService?application=springboot-dubbo-provider&codec=dubbo&default.lazy=false&default.sticky=false&dubbo=2.0.2&heartbeat=60000&interface=com.bangbang.service.BookService&lazy=false&methods=getBookInfo&pid=57704&qos.enable=false&register.ip=127.0.0.1&revision=1.0-SNAPSHOT&side=consumer&sticky=false&timestamp=1564475657041&version=1.0.0): client(url: dubbo://127.0.0.1:12345/com.bangbang.service.BookService?application=springboot-dubbo-provider&codec=dubbo&default.lazy=false&default.sticky=false&dubbo=2.0.2&heartbeat=60000&interface=com.bangbang.service.BookService&lazy=false&methods=getBookInfo&pid=57704&qos.enable=false&register.ip=127.0.0.1&revision=1.0-SNAPSHOT&side=consumer&sticky=false&timestamp=1564475657041&version=1.0.0) failed to connect to server /127.0.0.1:12345, error message is:Connection refused: /127.0.0.1:12345
	at org.apache.dubbo.config.spring.beans.factory.annotation.AnnotationInjectedBeanPostProcessor.postProcessPropertyValues(AnnotationInjectedBeanPostProcessor.java:133) ~[dubbo-2.7.1.jar:2.7.1]
	at org.springframework.beans.factory.support.AbstractAutowireCapableBeanFactory.populateBean(AbstractAutowireCapableBeanFactory.java:1416) ~[spring-beans-5.1.8.RELEASE.jar:5.1.8.RELEASE]
	at org.springframework.beans.factory.support.AbstractAutowireCapableBeanFactory.doCreateBean(AbstractAutowireCapableBeanFactory.java:592) ~[spring-beans-5.1.8.RELEASE.jar:5.1.8.RELEASE]
	at org.springframework.beans.factory.support.AbstractAutowireCapableBeanFactory.createBean(AbstractAutowireCapableBeanFactory.java:515) ~[spring-beans-5.1.8.RELEASE.jar:5.1.8.RELEASE]
	at org.springframework.beans.factory.support.AbstractBeanFactory.lambda$doGetBean$0(AbstractBeanFactory.java:320) ~[spring-beans-5.1.8.RELEASE.jar:5.1.8.RELEASE]
	at org.springframework.beans.factory.support.DefaultSingletonBeanRegistry.getSingleton(DefaultSingletonBeanRegistry.java:222) ~[spring-beans-5.1.8.RELEASE.jar:5.1.8.RELEASE]
	at org.springframework.beans.factory.support.AbstractBeanFactory.doGetBean(AbstractBeanFactory.java:318) ~[spring-beans-5.1.8.RELEASE.jar:5.1.8.RELEASE]
	at org.springframework.beans.factory.support.AbstractBeanFactory.getBean(AbstractBeanFactory.java:199) ~[spring-beans-5.1.8.RELEASE.jar:5.1.8.RELEASE]
	at org.springframework.beans.factory.support.DefaultListableBeanFactory.preInstantiateSingletons(DefaultListableBeanFactory.java:845) ~[spring-beans-5.1.8.RELEASE.jar:5.1.8.RELEASE]
	at org.springframework.context.support.AbstractApplicationContext.finishBeanFactoryInitialization(AbstractApplicationContext.java:877) ~[spring-context-5.1.8.RELEASE.jar:5.1.8.RELEASE]
	at org.springframework.context.support.AbstractApplicationContext.refresh(AbstractApplicationContext.java:549) ~[spring-context-5.1.8.RELEASE.jar:5.1.8.RELEASE]
	at org.springframework.boot.SpringApplication.refresh(SpringApplication.java:742) ~[spring-boot-2.1.6.RELEASE.jar:2.1.6.RELEASE]
	at org.springframework.boot.SpringApplication.refreshContext(SpringApplication.java:389) ~[spring-boot-2.1.6.RELEASE.jar:2.1.6.RELEASE]
	at org.springframework.boot.SpringApplication.run(SpringApplication.java:311) ~[spring-boot-2.1.6.RELEASE.jar:2.1.6.RELEASE]
	at org.springframework.boot.test.context.SpringBootContextLoader.loadContext(SpringBootContextLoader.java:119) ~[spring-boot-test-2.1.6.RELEASE.jar:2.1.6.RELEASE]
	at org.springframework.test.context.cache.DefaultCacheAwareContextLoaderDelegate.loadContextInternal(DefaultCacheAwareContextLoaderDelegate.java:99) ~[spring-test-5.1.8.RELEASE.jar:5.1.8.RELEASE]
	at org.springframework.test.context.cache.DefaultCacheAwareContextLoaderDelegate.loadContext(DefaultCacheAwareContextLoaderDelegate.java:117) ~[spring-test-5.1.8.RELEASE.jar:5.1.8.RELEASE]
	... 27 common frames omitted
Caused by: org.apache.dubbo.rpc.RpcException: Fail to create remoting client for service(dubbo://127.0.0.1:12345/com.bangbang.service.BookService?application=springboot-dubbo-provider&codec=dubbo&default.lazy=false&default.sticky=false&dubbo=2.0.2&heartbeat=60000&interface=com.bangbang.service.BookService&lazy=false&methods=getBookInfo&pid=57704&qos.enable=false&register.ip=127.0.0.1&revision=1.0-SNAPSHOT&side=consumer&sticky=false&timestamp=1564475657041&version=1.0.0): client(url: dubbo://127.0.0.1:12345/com.bangbang.service.BookService?application=springboot-dubbo-provider&codec=dubbo&default.lazy=false&default.sticky=false&dubbo=2.0.2&heartbeat=60000&interface=com.bangbang.service.BookService&lazy=false&methods=getBookInfo&pid=57704&qos.enable=false&register.ip=127.0.0.1&revision=1.0-SNAPSHOT&side=consumer&sticky=false&timestamp=1564475657041&version=1.0.0) failed to connect to server /127.0.0.1:12345, error message is:Connection refused: /127.0.0.1:12345
	at org.apache.dubbo.rpc.protocol.dubbo.DubboProtocol.initClient(DubboProtocol.java:581) ~[dubbo-2.7.1.jar:2.7.1]
	at org.apache.dubbo.rpc.protocol.dubbo.DubboProtocol.buildReferenceCountExchangeClient(DubboProtocol.java:545) ~[dubbo-2.7.1.jar:2.7.1]
	at org.apache.dubbo.rpc.protocol.dubbo.DubboProtocol.buildReferenceCountExchangeClientList(DubboProtocol.java:532) ~[dubbo-2.7.1.jar:2.7.1]
	at org.apache.dubbo.rpc.protocol.dubbo.DubboProtocol.getSharedClient(DubboProtocol.java:457) ~[dubbo-2.7.1.jar:2.7.1]
	at org.apache.dubbo.rpc.protocol.dubbo.DubboProtocol.getClients(DubboProtocol.java:412) ~[dubbo-2.7.1.jar:2.7.1]
	at org.apache.dubbo.rpc.protocol.dubbo.DubboProtocol.refer(DubboProtocol.java:389) ~[dubbo-2.7.1.jar:2.7.1]
	at org.apache.dubbo.qos.protocol.QosProtocolWrapper.refer(QosProtocolWrapper.java:72) ~[dubbo-2.7.1.jar:2.7.1]
	at org.apache.dubbo.rpc.protocol.ProtocolFilterWrapper.refer(ProtocolFilterWrapper.java:116) ~[dubbo-2.7.1.jar:2.7.1]
	at org.apache.dubbo.rpc.protocol.ProtocolListenerWrapper.refer(ProtocolListenerWrapper.java:67) ~[dubbo-2.7.1.jar:2.7.1]
	at org.apache.dubbo.rpc.Protocol$Adaptive.refer(Protocol$Adaptive.java) ~[dubbo-2.7.1.jar:2.7.1]
	at org.apache.dubbo.config.ReferenceConfig.createProxy(ReferenceConfig.java:366) ~[dubbo-2.7.1.jar:2.7.1]
	at org.apache.dubbo.config.ReferenceConfig.init(ReferenceConfig.java:305) ~[dubbo-2.7.1.jar:2.7.1]
	at org.apache.dubbo.config.ReferenceConfig.get(ReferenceConfig.java:231) ~[dubbo-2.7.1.jar:2.7.1]
	at org.apache.dubbo.config.spring.beans.factory.annotation.ReferenceAnnotationBeanPostProcessor$ReferenceBeanInvocationHandler.init(ReferenceAnnotationBeanPostProcessor.java:174) ~[dubbo-2.7.1.jar:2.7.1]
	at org.apache.dubbo.config.spring.beans.factory.annotation.ReferenceAnnotationBeanPostProcessor$ReferenceBeanInvocationHandler.access$100(ReferenceAnnotationBeanPostProcessor.java:147) ~[dubbo-2.7.1.jar:2.7.1]
	at org.apache.dubbo.config.spring.beans.factory.annotation.ReferenceAnnotationBeanPostProcessor.buildInvocationHandler(ReferenceAnnotationBeanPostProcessor.java:141) ~[dubbo-2.7.1.jar:2.7.1]
	at org.apache.dubbo.config.spring.beans.factory.annotation.ReferenceAnnotationBeanPostProcessor.buildProxy(ReferenceAnnotationBeanPostProcessor.java:123) ~[dubbo-2.7.1.jar:2.7.1]
	at org.apache.dubbo.config.spring.beans.factory.annotation.ReferenceAnnotationBeanPostProcessor.doGetInjectedBean(ReferenceAnnotationBeanPostProcessor.java:117) ~[dubbo-2.7.1.jar:2.7.1]
	at org.apache.dubbo.config.spring.beans.factory.annotation.ReferenceAnnotationBeanPostProcessor.doGetInjectedBean(ReferenceAnnotationBeanPostProcessor.java:50) ~[dubbo-2.7.1.jar:2.7.1]
	at org.apache.dubbo.config.spring.beans.factory.annotation.AnnotationInjectedBeanPostProcessor.getInjectedObject(AnnotationInjectedBeanPostProcessor.java:342) ~[dubbo-2.7.1.jar:2.7.1]
	at org.apache.dubbo.config.spring.beans.factory.annotation.AnnotationInjectedBeanPostProcessor$AnnotatedFieldElement.inject(AnnotationInjectedBeanPostProcessor.java:522) ~[dubbo-2.7.1.jar:2.7.1]
	at org.springframework.beans.factory.annotation.InjectionMetadata.inject(InjectionMetadata.java:90) ~[spring-beans-5.1.8.RELEASE.jar:5.1.8.RELEASE]
	at org.apache.dubbo.config.spring.beans.factory.annotation.AnnotationInjectedBeanPostProcessor.postProcessPropertyValues(AnnotationInjectedBeanPostProcessor.java:129) ~[dubbo-2.7.1.jar:2.7.1]
	... 43 common frames omitted
Caused by: org.apache.dubbo.remoting.RemotingException: client(url: dubbo://127.0.0.1:12345/com.bangbang.service.BookService?application=springboot-dubbo-provider&codec=dubbo&default.lazy=false&default.sticky=false&dubbo=2.0.2&heartbeat=60000&interface=com.bangbang.service.BookService&lazy=false&methods=getBookInfo&pid=57704&qos.enable=false&register.ip=127.0.0.1&revision=1.0-SNAPSHOT&side=consumer&sticky=false&timestamp=1564475657041&version=1.0.0) failed to connect to server /127.0.0.1:12345, error message is:Connection refused: /127.0.0.1:12345
	at org.apache.dubbo.remoting.transport.netty4.NettyClient.doConnect(NettyClient.java:131) ~[dubbo-2.7.1.jar:2.7.1]
	at org.apache.dubbo.remoting.transport.AbstractClient.connect(AbstractClient.java:186) ~[dubbo-2.7.1.jar:2.7.1]
	at org.apache.dubbo.remoting.transport.AbstractClient.<init>(AbstractClient.java:65) ~[dubbo-2.7.1.jar:2.7.1]
	at org.apache.dubbo.remoting.transport.netty4.NettyClient.<init>(NettyClient.java:57) ~[dubbo-2.7.1.jar:2.7.1]
	at org.apache.dubbo.remoting.transport.netty4.NettyTransporter.connect(NettyTransporter.java:37) ~[dubbo-2.7.1.jar:2.7.1]
	at org.apache.dubbo.remoting.Transporter$Adaptive.connect(Transporter$Adaptive.java) ~[dubbo-2.7.1.jar:2.7.1]
	at org.apache.dubbo.remoting.Transporters.connect(Transporters.java:75) ~[dubbo-2.7.1.jar:2.7.1]
	at org.apache.dubbo.remoting.exchange.support.header.HeaderExchanger.connect(HeaderExchanger.java:39) ~[dubbo-2.7.1.jar:2.7.1]
	at org.apache.dubbo.remoting.exchange.Exchangers.connect(Exchangers.java:109) ~[dubbo-2.7.1.jar:2.7.1]
	at org.apache.dubbo.rpc.protocol.dubbo.DubboProtocol.initClient(DubboProtocol.java:577) ~[dubbo-2.7.1.jar:2.7.1]
	... 65 common frames omitted
Caused by: io.netty.channel.AbstractChannel$AnnotatedConnectException: Connection refused: /127.0.0.1:12345
	at sun.nio.ch.SocketChannelImpl.checkConnect(Native Method) ~[na:1.8.0_131]
	at sun.nio.ch.SocketChannelImpl.finishConnect(SocketChannelImpl.java:717) ~[na:1.8.0_131]
	at io.netty.channel.socket.nio.NioSocketChannel.doFinishConnect(NioSocketChannel.java:327) ~[netty-all-4.1.36.Final.jar:4.1.36.Final]
	at io.netty.channel.nio.AbstractNioChannel$AbstractNioUnsafe.finishConnect(AbstractNioChannel.java:340) ~[netty-all-4.1.36.Final.jar:4.1.36.Final]
	at io.netty.channel.nio.NioEventLoop.processSelectedKey(NioEventLoop.java:670) ~[netty-all-4.1.36.Final.jar:4.1.36.Final]
	at io.netty.channel.nio.NioEventLoop.processSelectedKeysOptimized(NioEventLoop.java:617) ~[netty-all-4.1.36.Final.jar:4.1.36.Final]
	at io.netty.channel.nio.NioEventLoop.processSelectedKeys(NioEventLoop.java:534) ~[netty-all-4.1.36.Final.jar:4.1.36.Final]
	at io.netty.channel.nio.NioEventLoop.run(NioEventLoop.java:496) ~[netty-all-4.1.36.Final.jar:4.1.36.Final]
	at io.netty.util.concurrent.SingleThreadEventExecutor$5.run(SingleThreadEventExecutor.java:906) ~[netty-all-4.1.36.Final.jar:4.1.36.Final]
	at io.netty.util.internal.ThreadExecutorMap$2.run(ThreadExecutorMap.java:74) ~[netty-all-4.1.36.Final.jar:4.1.36.Final]
	at io.netty.util.concurrent.FastThreadLocalRunnable.run(FastThreadLocalRunnable.java:30) ~[netty-all-4.1.36.Final.jar:4.1.36.Final]
	at java.lang.Thread.run(Thread.java:748) ~[na:1.8.0_131]
Caused by: java.net.ConnectException: Connection refused
	... 12 common frames omitted

]]></system-out>
  </testcase>
</testsuite>